[nightly] ==========================================
[nightly] SGL Nightly Benchmark Started
[nightly] ==========================================
[nightly] Command: perf_nightly.sh --model=grok --model-path=/data/amd--grok-1-W4A8KV8 --mode=online --hardware=mi35x --teams-webhook-url=https://prod-99.westus.logic.azure.com/workflows/44b23afb37e74288b6b006c60bbe65b2/triggers/manual/paths/invoke?api-version=2016-06-01&sp=%2Ftriggers%2Fmanual%2Frun&sv=1.0&sig=ucbP9AJ9WeZtxe95Wmi8TfLUjiEo0AZSZP4Y_cNgWS0
[nightly] Start time: 2025-10-10 10:00:01 PDT
[nightly] Machine: smci355-ccs-aus-m12-17
[nightly] Working directory: /mnt/raid/michael/sglang-ci
[nightly] Script location: /mnt/raid/michael/sglang-ci/perf_nightly.sh
[nightly] Process ID: 2343917
[nightly] ==========================================

[nightly] Runtime Environment:
[nightly] User: michaezh | Groups: michaezh spack everyone... | Docker: /usr/bin/docker
[nightly] Testing Docker daemon access...
[nightly] Docker daemon accessible - proceeding...
[nightly] Teams webhook URL provided via command line - notifications enabled
[nightly] Custom model path provided: /data/amd--grok-1-W4A8KV8
[nightly] Hardware: mi35x, ROCM Version: rocm700
[nightly] Model: grok, Mode(s): online
[nightly] Created process lock: /tmp/perf_nightly_grok.lock
[nightly] GPU is busy. Attempting to stop running Docker containers...
[nightly] Stopping running containers: a572d10a6d1f
2ea7ae1b386c
[nightly] Waiting 15s for GPU to become idle...
[nightly] WARN: GPU may still be busy, but proceeding as requested.
[nightly] Searching for non-SRT images for grok for the last 1 days...
[nightly] Searching for non-SRT mi35x image in 'rocm/sgl-dev' for date 20251010...
[nightly] Found candidate tag for day -0: v0.5.3.post1-rocm700-mi35x-20251010
[nightly] Found local image: rocm/sgl-dev:v0.5.3.post1-rocm700-mi35x-20251010
[nightly] Successfully obtained image for date 20251010: rocm/sgl-dev:v0.5.3.post1-rocm700-mi35x-20251010
[nightly] Found 1 valid image(s) to run benchmarks on:
[nightly]   - rocm/sgl-dev:v0.5.3.post1-rocm700-mi35x-20251010

[nightly] ==========================================
[nightly] Starting benchmarks for image: rocm/sgl-dev:v0.5.3.post1-rocm700-mi35x-20251010
[nightly] ==========================================
[nightly] Checking GPU status before starting benchmarks for rocm/sgl-dev:v0.5.3.post1-rocm700-mi35x-20251010...
[nightly] GPU is busy. Attempting to stop running Docker containers...
[nightly] Stopping running containers: ac30161f0042
[nightly] Waiting 15s for GPU to become idle...
[nightly] WARN: GPU may still be busy, but proceeding as requested.
[nightly] INFO: Found 0/15 completed runs for rocm/sgl-dev:v0.5.3.post1-rocm700-mi35x-20251010 (online). Proceeding with benchmarks.
[nightly] Using Docker image: rocm/sgl-dev:v0.5.3.post1-rocm700-mi35x-20251010
[nightly] Container name: sgl-dev_v0.5.3.post1-rocm700-mi35x-20251010
[nightly] Reusing container sgl-dev_v0.5.3.post1-rocm700-mi35x-20251010
[nightly] === Starting benchmark execution ===
[nightly] === Starting nightly GROK online benchmark ===
[nightly] Launching grok_perf_online_csv.sh inside sgl-dev_v0.5.3.post1-rocm700-mi35x-20251010
[online] Auto-detected model type: grok1 from path: /data/amd--grok-1-W4A8KV8
[online] Using Grok 1 configuration
[online] Using custom model path as tokenizer path: /data/amd--grok-1-W4A8KV8
[online] Script started at: 2025-10-10 10:00:43 PDT
Scanning existing logs to check if all benchmarks are already complete...
Checking GSM8K log status...
Missing: GSM8K log file (/mnt/raid/michael/sglang-ci/online/GROK1/v0.5.3.post1-rocm700-mi35x-20251010_GROK1_MOE-I4F8_online/sglang_client_log_GROK1_gsm8k_aiter.log)
Checking client benchmark logs...
Scan complete: 0/15 client benchmark runs are complete.
❌ Missing or incomplete client benchmark runs.
❌ GSM8K benchmark is missing, empty, or incomplete.
Server startup required.
Starting benchmarks using aiter backend...
[online] Using Grok1 environment: SGLANG_USE_AITER=1 SGLANG_INT4_WEIGHT=1
[online] Launching backend=aiter for grok1
[online] Waiting for server to be ready (timeout: 600s)...
[online] Still waiting... (10s elapsed)
[online] Still waiting... (20s elapsed)
[online] Still waiting... (30s elapsed)
[online] Still waiting... (40s elapsed)
[online] Still waiting... (50s elapsed)
[online] Still waiting... (60s elapsed)
[online] Server ready after 65 seconds (PID 47)
Starting GSM8K accuracy test at: 2025-10-10 10:01:48 PDT
Executing GSM8K test Run 1 for mode aiter...
  0%|          | 0/1319 [00:00<?, ?it/s]  0%|          | 1/1319 [00:04<1:44:35,  4.76s/it]  0%|          | 2/1319 [00:05<46:18,  2.11s/it]    0%|          | 3/1319 [00:05<27:41,  1.26s/it]  0%|          | 5/1319 [00:05<13:10,  1.66it/s]  1%|          | 7/1319 [00:05<08:30,  2.57it/s]  1%|          | 9/1319 [00:05<05:38,  3.86it/s]  1%|          | 14/1319 [00:06<02:52,  7.55it/s]  1%|          | 16/1319 [00:06<02:30,  8.67it/s]  1%|▏         | 18/1319 [00:06<02:23,  9.09it/s]  1%|▏         | 19/1319 [00:06<02:01, 10.73it/s]  2%|▏         | 22/1319 [00:06<01:38, 13.15it/s]  2%|▏         | 28/1319 [00:06<01:03, 20.41it/s]  3%|▎         | 43/1319 [00:06<00:29, 43.71it/s]  4%|▎         | 49/1319 [00:06<00:28, 44.49it/s]  5%|▍         | 60/1319 [00:06<00:22, 56.70it/s]  5%|▌         | 67/1319 [00:07<00:22, 56.67it/s]  6%|▌         | 78/1319 [00:07<00:18, 65.48it/s]  6%|▋         | 83/1319 [00:07<00:14, 82.63it/s]  6%|▋         | 84/1319 [00:07<00:14, 82.63it/s]  7%|▋         | 93/1319 [00:07<00:15, 80.00it/s]  7%|▋         | 98/1319 [00:07<00:13, 87.45it/s]  7%|▋         | 98/1319 [00:07<00:13, 87.45it/s]  7%|▋         | 98/1319 [00:07<00:13, 87.45it/s]  8%|▊         | 107/1319 [00:07<00:14, 83.19it/s]  9%|▉         | 119/1319 [00:07<00:13, 88.44it/s] 10%|▉         | 128/1319 [00:07<00:07, 156.42it/s] 10%|▉         | 128/1319 [00:07<00:07, 156.42it/s] 10%|▉         | 128/1319 [00:07<00:07, 156.42it/s] 10%|▉         | 128/1319 [00:07<00:07, 156.42it/s] 10%|▉         | 128/1319 [00:07<00:07, 156.42it/s] 10%|▉         | 128/1319 [00:07<00:07, 156.42it/s] 10%|▉         | 128/1319 [00:07<00:07, 156.42it/s] 10%|▉         | 128/1319 [00:07<00:07, 156.42it/s] 10%|▉         | 128/1319 [00:07<00:07, 156.42it/s] 11%|█         | 144/1319 [00:07<00:07, 150.36it/s] 12%|█▏        | 160/1319 [00:07<00:07, 145.22it/s] 13%|█▎        | 169/1319 [00:07<00:07, 154.19it/s] 13%|█▎        | 170/1319 [00:07<00:07, 154.19it/s] 13%|█▎        | 171/1319 [00:07<00:07, 154.19it/s] 13%|█▎        | 171/1319 [00:07<00:07, 154.19it/s] 14%|█▍        | 187/1319 [00:07<00:07, 150.83it/s] 15%|█▌        | 203/1319 [00:08<00:07, 146.34it/s] 17%|█▋        | 218/1319 [00:08<00:07, 141.55it/s] 18%|█▊        | 235/1319 [00:08<00:07, 144.73it/s] 20%|█▉        | 258/1319 [00:08<00:06, 159.49it/s] 21%|██        | 276/1319 [00:08<00:06, 160.70it/s] 21%|██▏       | 283/1319 [00:08<00:05, 182.15it/s] 22%|██▏       | 284/1319 [00:08<00:05, 182.15it/s] 22%|██▏       | 284/1319 [00:08<00:05, 182.15it/s] 22%|██▏       | 284/1319 [00:08<00:05, 182.15it/s] 23%|██▎       | 303/1319 [00:08<00:07, 134.24it/s] 26%|██▌       | 343/1319 [00:08<00:05, 177.46it/s] 28%|██▊       | 366/1319 [00:08<00:05, 186.50it/s] 29%|██▉       | 386/1319 [00:09<00:04, 188.66it/s] 30%|██▉       | 392/1319 [00:09<00:04, 231.10it/s] 30%|██▉       | 392/1319 [00:09<00:04, 231.10it/s] 30%|██▉       | 392/1319 [00:09<00:04, 231.10it/s] 30%|██▉       | 392/1319 [00:09<00:04, 231.10it/s] 30%|██▉       | 392/1319 [00:09<00:04, 231.10it/s] 30%|██▉       | 392/1319 [00:09<00:04, 231.10it/s] 32%|███▏      | 416/1319 [00:09<00:04, 203.32it/s] 34%|███▎      | 442/1319 [00:09<00:04, 192.91it/s] 35%|███▌      | 467/1319 [00:09<00:04, 207.09it/s] 38%|███▊      | 495/1319 [00:09<00:04, 200.91it/s] 39%|███▉      | 520/1319 [00:09<00:04, 193.15it/s] 40%|███▉      | 526/1319 [00:09<00:04, 192.31it/s] 40%|███▉      | 527/1319 [00:09<00:04, 192.31it/s] 40%|████      | 528/1319 [00:09<00:04, 192.31it/s] 42%|████▏     | 555/1319 [00:09<00:04, 190.29it/s] 44%|████▍     | 582/1319 [00:10<00:03, 194.25it/s] 45%|████▍     | 587/1319 [00:10<00:03, 199.18it/s] 46%|████▋     | 612/1319 [00:10<00:03, 194.62it/s] 49%|████▊     | 641/1319 [00:10<00:03, 200.70it/s] 49%|████▉     | 652/1319 [00:10<00:03, 206.84it/s] 51%|█████     | 673/1319 [00:10<00:03, 192.48it/s] 53%|█████▎    | 703/1319 [00:10<00:02, 206.11it/s] 56%|█████▌    | 733/1319 [00:10<00:02, 218.55it/s] 57%|█████▋    | 755/1319 [00:10<00:02, 205.16it/s] 59%|█████▉    | 776/1319 [00:10<00:02, 194.47it/s] 60%|██████    | 796/1319 [00:11<00:02, 177.61it/s] 62%|██████▏   | 823/1319 [00:11<00:02, 184.55it/s] 66%|██████▌   | 865/1319 [00:11<00:01, 230.85it/s] 68%|██████▊   | 901/1319 [00:11<00:01, 256.76it/s] 70%|███████   | 928/1319 [00:11<00:01, 239.71it/s] 71%|███████   | 932/1319 [00:11<00:01, 226.26it/s] 71%|███████   | 933/1319 [00:11<00:01, 226.26it/s] 73%|███████▎  | 965/1319 [00:11<00:01, 236.94it/s] 76%|███████▌  | 996/1319 [00:11<00:01, 245.19it/s] 78%|███████▊  | 1023/1319 [00:11<00:01, 244.52it/s] 79%|███████▉  | 1048/1319 [00:12<00:01, 239.76it/s] 82%|████████▏ | 1076/1319 [00:12<00:00, 249.08it/s] 82%|████████▏ | 1079/1319 [00:12<00:00, 267.93it/s] 82%|████████▏ | 1080/1319 [00:12<00:00, 267.93it/s] 84%|████████▍ | 1107/1319 [00:12<00:00, 228.00it/s] 86%|████████▌ | 1132/1319 [00:12<00:00, 233.42it/s] 88%|████████▊ | 1157/1319 [00:12<00:00, 222.70it/s] 89%|████████▉ | 1180/1319 [00:12<00:00, 198.15it/s] 91%|█████████ | 1201/1319 [00:12<00:00, 187.67it/s] 93%|█████████▎| 1221/1319 [00:12<00:00, 188.26it/s] 94%|█████████▍| 1241/1319 [00:13<00:00, 169.46it/s] 95%|█████████▌| 1259/1319 [00:13<00:00, 119.42it/s] 97%|█████████▋| 1274/1319 [00:13<00:00, 107.97it/s] 98%|█████████▊| 1287/1319 [00:13<00:00, 80.10it/s]  98%|█████████▊| 1297/1319 [00:14<00:00, 59.61it/s] 99%|█████████▉| 1305/1319 [00:14<00:00, 40.83it/s] 99%|█████████▉| 1312/1319 [00:16<00:00, 15.47it/s]100%|██████████| 1319/1319 [00:16<00:00, 80.56it/s]
Accuracy: 0.808
Invalid: 0.000
Latency: 16.735 s
Output throughput: 11643.216 token/s
Run 1 completed in 21 seconds
Run 1: Accuracy: 0.808
Executing GSM8K test Run 2 for mode aiter...
  0%|          | 0/1319 [00:00<?, ?it/s]  0%|          | 1/1319 [00:02<1:02:18,  2.84s/it]  0%|          | 2/1319 [00:03<34:40,  1.58s/it]    0%|          | 4/1319 [00:03<14:40,  1.49it/s]  0%|          | 5/1319 [00:04<11:50,  1.85it/s]  1%|          | 7/1319 [00:04<06:55,  3.16it/s]  1%|          | 9/1319 [00:04<04:58,  4.39it/s]  1%|          | 13/1319 [00:04<03:00,  7.24it/s]  2%|▏         | 24/1319 [00:04<01:08, 18.81it/s]  2%|▏         | 28/1319 [00:04<01:06, 19.35it/s]  2%|▏         | 30/1319 [00:04<00:53, 23.89it/s]  2%|▏         | 30/1319 [00:04<00:53, 23.89it/s]  3%|▎         | 33/1319 [00:05<01:04, 19.99it/s]  3%|▎         | 34/1319 [00:05<01:08, 18.76it/s]  3%|▎         | 39/1319 [00:05<00:56, 22.74it/s]  4%|▍         | 50/1319 [00:05<00:34, 36.45it/s]  5%|▍         | 64/1319 [00:05<00:22, 54.57it/s]  6%|▌         | 75/1319 [00:05<00:19, 62.88it/s]  6%|▌         | 82/1319 [00:05<00:10, 114.54it/s]  6%|▌         | 82/1319 [00:05<00:10, 114.54it/s]  6%|▌         | 82/1319 [00:05<00:10, 114.54it/s]  6%|▌         | 82/1319 [00:05<00:10, 114.54it/s]  6%|▌         | 82/1319 [00:05<00:10, 114.54it/s]  6%|▌         | 82/1319 [00:05<00:10, 114.54it/s]  7%|▋         | 94/1319 [00:05<00:11, 109.92it/s]  7%|▋         | 95/1319 [00:05<00:11, 108.93it/s]  8%|▊         | 106/1319 [00:05<00:11, 103.86it/s]  9%|▉         | 117/1319 [00:06<00:11, 100.36it/s]  9%|▉         | 121/1319 [00:06<00:11, 106.81it/s]  9%|▉         | 121/1319 [00:06<00:11, 106.81it/s]  9%|▉         | 121/1319 [00:06<00:11, 106.81it/s] 10%|█         | 132/1319 [00:06<00:11, 102.33it/s] 11%|█         | 146/1319 [00:06<00:10, 107.23it/s] 12%|█▏        | 161/1319 [00:06<00:10, 113.35it/s] 13%|█▎        | 165/1319 [00:06<00:08, 142.96it/s] 13%|█▎        | 166/1319 [00:06<00:08, 142.96it/s] 13%|█▎        | 166/1319 [00:06<00:08, 142.96it/s] 13%|█▎        | 166/1319 [00:06<00:08, 142.96it/s] 14%|█▎        | 181/1319 [00:06<00:08, 139.00it/s] 15%|█▌        | 201/1319 [00:06<00:07, 147.46it/s] 16%|█▌        | 210/1319 [00:06<00:06, 171.92it/s] 16%|█▌        | 210/1319 [00:06<00:06, 171.92it/s] 16%|█▌        | 210/1319 [00:06<00:06, 171.92it/s] 17%|█▋        | 228/1319 [00:06<00:08, 134.31it/s] 18%|█▊        | 234/1319 [00:06<00:10, 107.86it/s] 18%|█▊        | 235/1319 [00:06<00:10, 107.86it/s] 18%|█▊        | 235/1319 [00:06<00:10, 107.86it/s] 18%|█▊        | 235/1319 [00:06<00:10, 107.86it/s] 18%|█▊        | 235/1319 [00:06<00:10, 107.86it/s] 18%|█▊        | 235/1319 [00:06<00:10, 107.86it/s] 19%|█▉        | 251/1319 [00:06<00:09, 111.60it/s] 20%|██        | 269/1319 [00:07<00:08, 121.72it/s] 21%|██▏       | 281/1319 [00:07<00:04, 223.42it/s] 21%|██▏       | 281/1319 [00:07<00:04, 223.42it/s] 21%|██▏       | 281/1319 [00:07<00:04, 223.42it/s] 21%|██▏       | 281/1319 [00:07<00:04, 223.42it/s] 21%|██▏       | 281/1319 [00:07<00:04, 223.42it/s] 21%|██▏       | 281/1319 [00:07<00:04, 223.42it/s] 21%|██▏       | 281/1319 [00:07<00:04, 223.42it/s] 21%|██▏       | 281/1319 [00:07<00:04, 223.42it/s] 21%|██▏       | 281/1319 [00:07<00:04, 223.42it/s] 21%|██▏       | 281/1319 [00:07<00:04, 223.42it/s] 23%|██▎       | 304/1319 [00:07<00:05, 193.09it/s] 25%|██▍       | 325/1319 [00:07<00:05, 195.56it/s] 26%|██▌       | 346/1319 [00:07<00:06, 146.65it/s] 27%|██▋       | 362/1319 [00:07<00:07, 133.12it/s] 28%|██▊       | 363/1319 [00:07<00:07, 133.12it/s] 28%|██▊       | 363/1319 [00:07<00:07, 133.12it/s] 28%|██▊       | 363/1319 [00:07<00:07, 133.12it/s] 28%|██▊       | 363/1319 [00:07<00:07, 133.12it/s] 28%|██▊       | 363/1319 [00:07<00:07, 133.12it/s] 28%|██▊       | 363/1319 [00:07<00:07, 133.12it/s] 28%|██▊       | 363/1319 [00:07<00:07, 133.12it/s] 28%|██▊       | 363/1319 [00:07<00:07, 133.12it/s] 28%|██▊       | 363/1319 [00:07<00:07, 133.12it/s] 28%|██▊       | 363/1319 [00:07<00:07, 133.12it/s] 28%|██▊       | 363/1319 [00:07<00:07, 133.12it/s] 28%|██▊       | 363/1319 [00:07<00:07, 133.12it/s] 30%|███       | 401/1319 [00:07<00:05, 164.62it/s] 31%|███       | 409/1319 [00:07<00:03, 249.46it/s] 31%|███       | 411/1319 [00:07<00:03, 249.46it/s] 31%|███       | 411/1319 [00:07<00:03, 249.46it/s] 33%|███▎      | 439/1319 [00:07<00:04, 209.97it/s] 34%|███▎      | 445/1319 [00:07<00:05, 166.53it/s] 34%|███▍      | 447/1319 [00:07<00:05, 166.53it/s] 34%|███▍      | 447/1319 [00:07<00:05, 166.53it/s] 34%|███▍      | 448/1319 [00:07<00:05, 166.53it/s] 34%|███▍      | 448/1319 [00:07<00:05, 166.53it/s] 34%|███▍      | 448/1319 [00:07<00:05, 166.53it/s] 35%|███▌      | 466/1319 [00:08<00:05, 167.87it/s] 37%|███▋      | 489/1319 [00:08<00:04, 166.71it/s] 37%|███▋      | 491/1319 [00:08<00:04, 167.55it/s] 39%|███▊      | 511/1319 [00:08<00:04, 168.05it/s] 39%|███▉      | 518/1319 [00:08<00:03, 215.88it/s] 39%|███▉      | 518/1319 [00:08<00:03, 215.88it/s] 39%|███▉      | 518/1319 [00:08<00:03, 215.88it/s] 39%|███▉      | 518/1319 [00:08<00:03, 215.88it/s] 39%|███▉      | 518/1319 [00:08<00:03, 215.88it/s] 39%|███▉      | 518/1319 [00:08<00:03, 215.88it/s] 39%|███▉      | 518/1319 [00:08<00:03, 215.88it/s] 41%|████      | 540/1319 [00:08<00:04, 194.34it/s] 43%|████▎     | 563/1319 [00:08<00:04, 183.91it/s] 45%|████▌     | 597/1319 [00:08<00:03, 205.39it/s] 47%|████▋     | 618/1319 [00:08<00:03, 188.55it/s] 48%|████▊     | 630/1319 [00:08<00:03, 221.37it/s] 48%|████▊     | 630/1319 [00:08<00:03, 221.37it/s] 48%|████▊     | 630/1319 [00:08<00:03, 221.37it/s] 48%|████▊     | 630/1319 [00:08<00:03, 221.37it/s] 48%|████▊     | 630/1319 [00:08<00:03, 221.37it/s] 48%|████▊     | 630/1319 [00:08<00:03, 221.37it/s] 48%|████▊     | 630/1319 [00:08<00:03, 221.37it/s] 48%|████▊     | 630/1319 [00:08<00:03, 221.37it/s] 48%|████▊     | 630/1319 [00:08<00:03, 221.37it/s] 48%|████▊     | 630/1319 [00:08<00:03, 221.37it/s] 48%|████▊     | 630/1319 [00:08<00:03, 221.37it/s] 48%|████▊     | 630/1319 [00:08<00:03, 221.37it/s] 50%|████▉     | 653/1319 [00:08<00:03, 208.32it/s] 52%|█████▏    | 682/1319 [00:09<00:02, 213.01it/s] 52%|█████▏    | 689/1319 [00:09<00:02, 238.09it/s] 52%|█████▏    | 690/1319 [00:09<00:02, 238.09it/s] 52%|█████▏    | 690/1319 [00:09<00:02, 238.09it/s] 52%|█████▏    | 690/1319 [00:09<00:02, 238.09it/s] 54%|█████▍    | 714/1319 [00:09<00:02, 223.23it/s] 56%|█████▌    | 737/1319 [00:09<00:02, 210.70it/s] 58%|█████▊    | 764/1319 [00:09<00:02, 212.06it/s] 60%|█████▉    | 786/1319 [00:09<00:02, 200.47it/s] 60%|██████    | 796/1319 [00:09<00:02, 192.42it/s] 60%|██████    | 797/1319 [00:09<00:02, 192.42it/s] 62%|██████▏   | 817/1319 [00:09<00:02, 192.29it/s] 62%|██████▏   | 818/1319 [00:09<00:02, 194.68it/s] 64%|██████▎   | 838/1319 [00:09<00:02, 178.37it/s] 66%|██████▌   | 869/1319 [00:09<00:02, 203.05it/s] 68%|██████▊   | 902/1319 [00:10<00:01, 229.38it/s] 69%|██████▊   | 905/1319 [00:10<00:01, 284.52it/s] 69%|██████▉   | 908/1319 [00:10<00:01, 284.52it/s] 69%|██████▉   | 908/1319 [00:10<00:01, 284.52it/s] 71%|███████   | 937/1319 [00:10<00:01, 279.61it/s] 73%|███████▎  | 966/1319 [00:10<00:01, 250.00it/s] 76%|███████▌  | 999/1319 [00:10<00:01, 259.75it/s] 79%|███████▊  | 1037/1319 [00:10<00:00, 285.06it/s] 81%|████████  | 1067/1319 [00:10<00:00, 270.40it/s] 81%|████████  | 1068/1319 [00:10<00:00, 262.86it/s] 83%|████████▎ | 1095/1319 [00:10<00:00, 252.64it/s] 85%|████████▍ | 1121/1319 [00:10<00:00, 219.62it/s] 87%|████████▋ | 1147/1319 [00:11<00:00, 229.46it/s] 89%|████████▉ | 1171/1319 [00:11<00:00, 210.52it/s] 89%|████████▉ | 1174/1319 [00:11<00:00, 195.42it/s] 89%|████████▉ | 1175/1319 [00:11<00:00, 195.42it/s] 91%|█████████ | 1195/1319 [00:11<00:00, 166.57it/s] 92%|█████████▏| 1215/1319 [00:11<00:00, 171.17it/s] 93%|█████████▎| 1233/1319 [00:11<00:00, 144.52it/s] 95%|█████████▍| 1249/1319 [00:11<00:00, 136.32it/s] 96%|█████████▌| 1264/1319 [00:11<00:00, 127.80it/s] 97%|█████████▋| 1278/1319 [00:12<00:00, 119.42it/s] 98%|█████████▊| 1291/1319 [00:12<00:00, 69.17it/s]  99%|█████████▊| 1301/1319 [00:13<00:00, 42.42it/s] 99%|█████████▉| 1309/1319 [00:14<00:00, 15.47it/s]100%|█████████▉| 1316/1319 [00:14<00:00,  7.28it/s]100%|█████████▉| 1316/1319 [00:14<00:00,  7.28it/s]100%|█████████▉| 1317/1319 [00:14<00:00,  7.28it/s]100%|██████████| 1319/1319 [00:14<00:00, 88.08it/s]
Accuracy: 0.814
Invalid: 0.000
Latency: 15.120 s
Output throughput: 12849.976 token/s
Run 2 completed in 20 seconds
Run 2: Accuracy: 0.814
Executing GSM8K test Run 3 for mode aiter...
  0%|          | 0/1319 [00:00<?, ?it/s]  0%|          | 1/1319 [00:03<1:10:42,  3.22s/it]  0%|          | 3/1319 [00:03<20:53,  1.05it/s]    0%|          | 5/1319 [00:03<11:33,  1.89it/s]  0%|          | 6/1319 [00:03<09:11,  2.38it/s]  1%|          | 7/1319 [00:04<07:25,  2.95it/s]  1%|          | 13/1319 [00:04<02:30,  8.67it/s]  1%|          | 16/1319 [00:04<02:16,  9.54it/s]  1%|▏         | 18/1319 [00:04<02:13,  9.76it/s]  2%|▏         | 20/1319 [00:04<01:55, 11.22it/s]  2%|▏         | 24/1319 [00:04<01:41, 12.71it/s]  2%|▏         | 31/1319 [00:04<01:02, 20.65it/s]  3%|▎         | 34/1319 [00:05<01:00, 21.29it/s]  3%|▎         | 37/1319 [00:05<00:58, 21.96it/s]  3%|▎         | 38/1319 [00:05<00:52, 24.47it/s]  3%|▎         | 41/1319 [00:05<00:52, 24.22it/s]  4%|▎         | 49/1319 [00:05<00:23, 53.59it/s]  4%|▎         | 49/1319 [00:05<00:23, 53.59it/s]  4%|▎         | 49/1319 [00:05<00:23, 53.59it/s]  4%|▎         | 49/1319 [00:05<00:23, 53.59it/s]  4%|▎         | 49/1319 [00:05<00:23, 53.59it/s]  4%|▎         | 49/1319 [00:05<00:23, 53.59it/s]  4%|▍         | 58/1319 [00:05<00:21, 59.69it/s]  5%|▌         | 71/1319 [00:05<00:17, 72.91it/s]  6%|▌         | 78/1319 [00:05<00:08, 140.31it/s]  6%|▌         | 78/1319 [00:05<00:08, 140.31it/s]  6%|▌         | 78/1319 [00:05<00:08, 140.31it/s]  6%|▌         | 78/1319 [00:05<00:08, 140.31it/s]  6%|▌         | 78/1319 [00:05<00:08, 140.31it/s]  6%|▌         | 78/1319 [00:05<00:08, 140.31it/s]  6%|▌         | 78/1319 [00:05<00:08, 140.31it/s]  7%|▋         | 93/1319 [00:05<00:10, 118.33it/s]  8%|▊         | 106/1319 [00:05<00:11, 101.73it/s]  9%|▉         | 120/1319 [00:06<00:11, 105.87it/s]  9%|▉         | 123/1319 [00:06<00:09, 124.73it/s]  9%|▉         | 123/1319 [00:06<00:09, 124.73it/s]  9%|▉         | 123/1319 [00:06<00:09, 124.73it/s] 10%|█         | 136/1319 [00:06<00:09, 119.32it/s] 11%|█▏        | 149/1319 [00:06<00:10, 116.72it/s] 13%|█▎        | 165/1319 [00:06<00:09, 123.07it/s] 14%|█▎        | 179/1319 [00:06<00:09, 120.73it/s] 14%|█▍        | 190/1319 [00:06<00:07, 154.90it/s] 14%|█▍        | 191/1319 [00:06<00:07, 154.90it/s] 14%|█▍        | 191/1319 [00:06<00:07, 154.90it/s] 14%|█▍        | 191/1319 [00:06<00:07, 154.90it/s] 14%|█▍        | 191/1319 [00:06<00:07, 154.90it/s] 14%|█▍        | 191/1319 [00:06<00:07, 154.90it/s] 14%|█▍        | 191/1319 [00:06<00:07, 154.90it/s] 16%|█▌        | 207/1319 [00:06<00:07, 151.00it/s] 16%|█▌        | 210/1319 [00:06<00:07, 152.82it/s] 16%|█▌        | 210/1319 [00:06<00:07, 152.82it/s] 17%|█▋        | 227/1319 [00:06<00:07, 152.19it/s] 18%|█▊        | 235/1319 [00:06<00:05, 192.16it/s] 18%|█▊        | 235/1319 [00:06<00:05, 192.16it/s] 18%|█▊        | 235/1319 [00:06<00:05, 192.16it/s] 18%|█▊        | 235/1319 [00:06<00:05, 192.16it/s] 18%|█▊        | 235/1319 [00:06<00:05, 192.16it/s] 18%|█▊        | 235/1319 [00:06<00:05, 192.16it/s] 18%|█▊        | 235/1319 [00:06<00:05, 192.16it/s] 19%|█▉        | 255/1319 [00:06<00:06, 164.33it/s] 21%|██        | 273/1319 [00:07<00:06, 162.20it/s] 21%|██▏       | 281/1319 [00:07<00:05, 190.18it/s] 21%|██▏       | 282/1319 [00:07<00:05, 190.18it/s] 21%|██▏       | 282/1319 [00:07<00:05, 190.18it/s] 21%|██▏       | 282/1319 [00:07<00:05, 190.18it/s] 21%|██▏       | 282/1319 [00:07<00:05, 190.18it/s] 21%|██▏       | 282/1319 [00:07<00:05, 190.18it/s] 23%|██▎       | 302/1319 [00:07<00:05, 190.74it/s] 24%|██▍       | 322/1319 [00:07<00:05, 186.77it/s] 26%|██▌       | 341/1319 [00:07<00:07, 122.60it/s] 28%|██▊       | 363/1319 [00:07<00:07, 127.76it/s] 28%|██▊       | 364/1319 [00:07<00:07, 127.76it/s] 28%|██▊       | 364/1319 [00:07<00:07, 127.76it/s] 28%|██▊       | 364/1319 [00:07<00:07, 127.76it/s] 28%|██▊       | 364/1319 [00:07<00:07, 127.76it/s] 28%|██▊       | 364/1319 [00:07<00:07, 127.76it/s] 28%|██▊       | 364/1319 [00:07<00:07, 127.76it/s] 28%|██▊       | 364/1319 [00:07<00:07, 127.76it/s] 28%|██▊       | 364/1319 [00:07<00:07, 127.76it/s] 28%|██▊       | 364/1319 [00:07<00:07, 127.76it/s] 28%|██▊       | 364/1319 [00:07<00:07, 127.76it/s] 28%|██▊       | 364/1319 [00:07<00:07, 127.76it/s] 28%|██▊       | 364/1319 [00:07<00:07, 127.76it/s] 28%|██▊       | 364/1319 [00:07<00:07, 127.76it/s] 28%|██▊       | 364/1319 [00:07<00:07, 127.76it/s] 28%|██▊       | 364/1319 [00:07<00:07, 127.76it/s] 28%|██▊       | 364/1319 [00:07<00:07, 127.76it/s] 28%|██▊       | 364/1319 [00:07<00:07, 127.76it/s] 28%|██▊       | 364/1319 [00:07<00:07, 127.76it/s] 28%|██▊       | 364/1319 [00:07<00:07, 127.76it/s] 28%|██▊       | 364/1319 [00:07<00:07, 127.76it/s] 30%|███       | 400/1319 [00:07<00:05, 153.69it/s] 31%|███       | 411/1319 [00:07<00:05, 181.11it/s] 33%|███▎      | 433/1319 [00:07<00:05, 173.18it/s] 34%|███▍      | 453/1319 [00:07<00:04, 176.65it/s] 36%|███▋      | 481/1319 [00:08<00:04, 181.28it/s] 37%|███▋      | 486/1319 [00:08<00:03, 211.64it/s] 37%|███▋      | 486/1319 [00:08<00:03, 211.64it/s] 37%|███▋      | 486/1319 [00:08<00:03, 211.64it/s] 37%|███▋      | 486/1319 [00:08<00:03, 211.64it/s] 37%|███▋      | 486/1319 [00:08<00:03, 211.64it/s] 39%|███▊      | 508/1319 [00:08<00:04, 192.91it/s] 40%|████      | 534/1319 [00:08<00:04, 190.62it/s] 41%|████      | 536/1319 [00:08<00:04, 192.29it/s] 41%|████      | 536/1319 [00:08<00:04, 192.29it/s] 42%|████▏     | 559/1319 [00:08<00:04, 185.01it/s] 43%|████▎     | 566/1319 [00:08<00:04, 181.60it/s] 45%|████▍     | 592/1319 [00:08<00:03, 183.92it/s] 45%|████▌     | 599/1319 [00:08<00:03, 191.61it/s] 45%|████▌     | 599/1319 [00:08<00:03, 191.61it/s] 47%|████▋     | 619/1319 [00:08<00:03, 176.10it/s] 49%|████▉     | 645/1319 [00:08<00:03, 184.38it/s] 51%|█████     | 668/1319 [00:09<00:03, 194.98it/s] 51%|█████▏    | 677/1319 [00:09<00:02, 280.80it/s] 51%|█████▏    | 678/1319 [00:09<00:02, 280.80it/s] 51%|█████▏    | 678/1319 [00:09<00:02, 280.80it/s] 51%|█████▏    | 678/1319 [00:09<00:02, 280.80it/s] 51%|█████▏    | 678/1319 [00:09<00:02, 280.80it/s] 51%|█████▏    | 678/1319 [00:09<00:02, 280.80it/s] 51%|█████▏    | 678/1319 [00:09<00:02, 280.80it/s] 51%|█████▏    | 678/1319 [00:09<00:02, 280.80it/s] 54%|█████▎    | 707/1319 [00:09<00:02, 268.97it/s] 54%|█████▎    | 708/1319 [00:09<00:02, 263.89it/s] 56%|█████▌    | 735/1319 [00:09<00:02, 247.59it/s] 56%|█████▌    | 741/1319 [00:09<00:02, 248.65it/s] 56%|█████▌    | 741/1319 [00:09<00:02, 248.65it/s] 56%|█████▌    | 741/1319 [00:09<00:02, 248.65it/s] 56%|█████▌    | 741/1319 [00:09<00:02, 248.65it/s] 56%|█████▌    | 741/1319 [00:09<00:02, 248.65it/s] 56%|█████▌    | 741/1319 [00:09<00:02, 248.65it/s] 58%|█████▊    | 766/1319 [00:09<00:02, 236.24it/s] 60%|█████▉    | 790/1319 [00:09<00:02, 201.78it/s] 61%|██████▏   | 811/1319 [00:09<00:02, 199.51it/s] 62%|██████▏   | 814/1319 [00:09<00:02, 207.71it/s] 62%|██████▏   | 814/1319 [00:09<00:02, 207.71it/s] 62%|██████▏   | 814/1319 [00:09<00:02, 207.71it/s] 63%|██████▎   | 835/1319 [00:09<00:02, 186.50it/s] 66%|██████▌   | 865/1319 [00:09<00:02, 204.90it/s] 66%|██████▌   | 873/1319 [00:09<00:01, 292.40it/s] 66%|██████▌   | 873/1319 [00:09<00:01, 292.40it/s] 66%|██████▌   | 873/1319 [00:09<00:01, 292.40it/s] 66%|██████▌   | 873/1319 [00:09<00:01, 292.40it/s] 66%|██████▌   | 873/1319 [00:09<00:01, 292.40it/s] 66%|██████▌   | 873/1319 [00:09<00:01, 292.40it/s] 66%|██████▌   | 873/1319 [00:09<00:01, 292.40it/s] 66%|██████▌   | 873/1319 [00:09<00:01, 292.40it/s] 68%|██████▊   | 903/1319 [00:10<00:01, 286.19it/s] 71%|███████   | 932/1319 [00:10<00:01, 279.90it/s] 73%|███████▎  | 960/1319 [00:10<00:01, 265.89it/s] 76%|███████▌  | 996/1319 [00:10<00:01, 278.97it/s] 78%|███████▊  | 1027/1319 [00:10<00:01, 276.52it/s] 80%|████████  | 1056/1319 [00:10<00:00, 278.65it/s] 82%|████████▏ | 1084/1319 [00:10<00:00, 275.68it/s] 84%|████████▍ | 1112/1319 [00:10<00:00, 230.71it/s] 85%|████████▍ | 1116/1319 [00:10<00:01, 189.61it/s] 85%|████████▍ | 1116/1319 [00:10<00:01, 189.61it/s] 85%|████████▍ | 1116/1319 [00:10<00:01, 189.61it/s] 85%|████████▍ | 1116/1319 [00:10<00:01, 189.61it/s] 86%|████████▋ | 1139/1319 [00:11<00:00, 194.49it/s] 88%|████████▊ | 1159/1319 [00:11<00:00, 184.79it/s] 90%|████████▉ | 1181/1319 [00:11<00:00, 187.20it/s] 91%|█████████ | 1200/1319 [00:11<00:00, 167.92it/s] 92%|█████████▏| 1218/1319 [00:11<00:00, 162.99it/s] 94%|█████████▎| 1235/1319 [00:11<00:00, 151.72it/s] 95%|█████████▍| 1251/1319 [00:11<00:00, 141.11it/s] 96%|█████████▌| 1266/1319 [00:12<00:00, 114.17it/s] 97%|█████████▋| 1279/1319 [00:12<00:00, 97.86it/s]  98%|█████████▊| 1290/1319 [00:12<00:00, 67.23it/s] 98%|█████████▊| 1299/1319 [00:13<00:00, 39.53it/s] 99%|█████████▉| 1306/1319 [00:14<00:00, 15.53it/s] 99%|█████████▉| 1311/1319 [00:14<00:00, 16.37it/s]100%|██████████| 1319/1319 [00:15<00:00, 87.89it/s]
Accuracy: 0.817
Invalid: 0.000
Latency: 15.115 s
Output throughput: 12838.162 token/s
Run 3 completed in 19 seconds
Run 3: Accuracy: 0.817
Executing GSM8K test Run 4 for mode aiter...
  0%|          | 0/1319 [00:00<?, ?it/s]  0%|          | 1/1319 [00:02<1:03:02,  2.87s/it]  0%|          | 3/1319 [00:03<21:29,  1.02it/s]    0%|          | 4/1319 [00:03<15:29,  1.41it/s]  0%|          | 6/1319 [00:03<08:48,  2.48it/s]  1%|          | 8/1319 [00:04<05:43,  3.82it/s]  1%|          | 10/1319 [00:04<04:36,  4.73it/s]  1%|          | 12/1319 [00:04<05:34,  3.91it/s]  2%|▏         | 26/1319 [00:05<01:24, 15.37it/s]  2%|▏         | 30/1319 [00:05<01:13, 17.55it/s]  2%|▏         | 32/1319 [00:05<00:49, 25.98it/s]  2%|▏         | 32/1319 [00:05<00:49, 25.98it/s]  3%|▎         | 39/1319 [00:05<00:39, 32.15it/s]  4%|▎         | 49/1319 [00:05<00:29, 43.36it/s]  4%|▍         | 59/1319 [00:05<00:23, 52.50it/s]  5%|▍         | 62/1319 [00:05<00:15, 80.46it/s]  5%|▍         | 62/1319 [00:05<00:15, 80.46it/s]  5%|▍         | 62/1319 [00:05<00:15, 80.46it/s]  5%|▌         | 71/1319 [00:05<00:18, 69.01it/s]  6%|▌         | 79/1319 [00:05<00:18, 67.46it/s]  7%|▋         | 95/1319 [00:06<00:14, 85.28it/s]  8%|▊         | 106/1319 [00:06<00:14, 86.52it/s]  9%|▉         | 121/1319 [00:06<00:12, 97.21it/s] 10%|█         | 138/1319 [00:06<00:10, 109.66it/s] 12%|█▏        | 155/1319 [00:06<00:09, 118.33it/s] 13%|█▎        | 166/1319 [00:06<00:05, 208.41it/s] 13%|█▎        | 172/1319 [00:06<00:05, 208.41it/s] 13%|█▎        | 172/1319 [00:06<00:05, 208.41it/s] 13%|█▎        | 172/1319 [00:06<00:05, 208.41it/s] 13%|█▎        | 172/1319 [00:06<00:05, 208.41it/s] 13%|█▎        | 172/1319 [00:06<00:05, 208.41it/s] 13%|█▎        | 172/1319 [00:06<00:05, 208.41it/s] 13%|█▎        | 172/1319 [00:06<00:05, 208.41it/s] 13%|█▎        | 172/1319 [00:06<00:05, 208.41it/s] 13%|█▎        | 172/1319 [00:06<00:05, 208.41it/s] 13%|█▎        | 172/1319 [00:06<00:05, 208.41it/s] 15%|█▍        | 193/1319 [00:06<00:05, 202.59it/s] 16%|█▌        | 214/1319 [00:06<00:05, 196.34it/s] 18%|█▊        | 234/1319 [00:06<00:05, 189.10it/s] 19%|█▉        | 253/1319 [00:07<00:06, 160.69it/s] 21%|██        | 280/1319 [00:07<00:05, 183.90it/s] 22%|██▏       | 284/1319 [00:07<00:04, 222.01it/s] 22%|██▏       | 285/1319 [00:07<00:04, 222.01it/s] 23%|██▎       | 308/1319 [00:07<00:05, 191.92it/s] 25%|██▍       | 329/1319 [00:07<00:07, 141.27it/s] 29%|██▊       | 376/1319 [00:07<00:04, 202.89it/s] 30%|███       | 401/1319 [00:07<00:04, 212.17it/s] 31%|███       | 406/1319 [00:07<00:03, 264.94it/s] 31%|███       | 406/1319 [00:07<00:03, 264.94it/s] 31%|███       | 406/1319 [00:07<00:03, 264.94it/s] 31%|███       | 406/1319 [00:07<00:03, 264.94it/s] 31%|███       | 406/1319 [00:07<00:03, 264.94it/s] 33%|███▎      | 434/1319 [00:07<00:03, 234.97it/s] 35%|███▍      | 459/1319 [00:08<00:04, 210.73it/s] 37%|███▋      | 486/1319 [00:08<00:04, 200.81it/s] 39%|███▉      | 518/1319 [00:08<00:03, 208.19it/s] 40%|███▉      | 522/1319 [00:08<00:03, 236.00it/s] 40%|███▉      | 525/1319 [00:08<00:03, 236.00it/s] 40%|███▉      | 525/1319 [00:08<00:03, 236.00it/s] 40%|███▉      | 525/1319 [00:08<00:03, 236.00it/s] 42%|████▏     | 549/1319 [00:08<00:03, 194.43it/s] 44%|████▍     | 584/1319 [00:08<00:03, 213.62it/s] 44%|████▍     | 586/1319 [00:08<00:03, 230.13it/s] 46%|████▋     | 611/1319 [00:08<00:03, 216.16it/s] 48%|████▊     | 635/1319 [00:08<00:03, 204.81it/s] 49%|████▉     | 644/1319 [00:08<00:03, 199.35it/s] 49%|████▉     | 646/1319 [00:08<00:03, 199.35it/s] 49%|████▉     | 646/1319 [00:08<00:03, 199.35it/s] 49%|████▉     | 646/1319 [00:08<00:03, 199.35it/s] 51%|█████     | 670/1319 [00:09<00:03, 196.10it/s] 51%|█████     | 674/1319 [00:09<00:03, 206.48it/s] 51%|█████▏    | 677/1319 [00:09<00:03, 206.48it/s] 51%|█████▏    | 679/1319 [00:09<00:03, 206.48it/s] 51%|█████▏    | 679/1319 [00:09<00:03, 206.48it/s] 53%|█████▎    | 705/1319 [00:09<00:02, 206.96it/s] 54%|█████▍    | 711/1319 [00:09<00:02, 237.95it/s] 54%|█████▍    | 711/1319 [00:09<00:02, 237.95it/s] 54%|█████▍    | 711/1319 [00:09<00:02, 237.95it/s] 54%|█████▍    | 711/1319 [00:09<00:02, 237.95it/s] 54%|█████▍    | 711/1319 [00:09<00:02, 237.95it/s] 54%|█████▍    | 711/1319 [00:09<00:02, 237.95it/s] 56%|█████▌    | 735/1319 [00:09<00:02, 222.52it/s] 57%|█████▋    | 758/1319 [00:09<00:02, 213.15it/s] 59%|█████▉    | 780/1319 [00:09<00:02, 201.78it/s] 61%|██████    | 801/1319 [00:09<00:03, 160.40it/s] 64%|██████▍   | 845/1319 [00:09<00:02, 212.12it/s] 66%|██████▋   | 874/1319 [00:10<00:02, 221.23it/s] 67%|██████▋   | 882/1319 [00:10<00:01, 257.54it/s] 67%|██████▋   | 882/1319 [00:10<00:01, 257.54it/s] 67%|██████▋   | 882/1319 [00:10<00:01, 257.54it/s] 67%|██████▋   | 882/1319 [00:10<00:01, 257.54it/s] 69%|██████▉   | 909/1319 [00:10<00:01, 255.96it/s] 71%|███████   | 935/1319 [00:10<00:01, 256.86it/s] 73%|███████▎  | 968/1319 [00:10<00:01, 258.19it/s] 74%|███████▎  | 971/1319 [00:10<00:01, 271.44it/s] 74%|███████▎  | 972/1319 [00:10<00:01, 271.44it/s] 74%|███████▍  | 974/1319 [00:10<00:01, 271.44it/s] 76%|███████▌  | 1005/1319 [00:10<00:01, 273.02it/s] 78%|███████▊  | 1034/1319 [00:10<00:01, 268.77it/s] 80%|████████  | 1061/1319 [00:10<00:01, 247.93it/s] 81%|████████  | 1067/1319 [00:10<00:01, 231.03it/s] 81%|████████  | 1067/1319 [00:10<00:01, 231.03it/s] 81%|████████  | 1067/1319 [00:10<00:01, 231.03it/s] 81%|████████  | 1067/1319 [00:10<00:01, 231.03it/s] 83%|████████▎ | 1092/1319 [00:10<00:00, 228.71it/s] 85%|████████▍ | 1115/1319 [00:10<00:00, 207.43it/s] 85%|████████▍ | 1118/1319 [00:10<00:01, 188.10it/s] 85%|████████▍ | 1121/1319 [00:10<00:01, 188.10it/s] 85%|████████▍ | 1121/1319 [00:10<00:01, 188.10it/s] 87%|████████▋ | 1141/1319 [00:11<00:00, 183.39it/s] 88%|████████▊ | 1161/1319 [00:11<00:00, 182.21it/s] 89%|████████▉ | 1180/1319 [00:11<00:00, 171.43it/s] 91%|█████████ | 1198/1319 [00:11<00:00, 167.82it/s] 92%|█████████▏| 1215/1319 [00:11<00:00, 159.24it/s] 92%|█████████▏| 1216/1319 [00:11<00:00, 155.61it/s] 93%|█████████▎| 1232/1319 [00:11<00:00, 153.07it/s] 95%|█████████▍| 1248/1319 [00:11<00:00, 135.42it/s] 96%|█████████▌| 1262/1319 [00:12<00:00, 111.35it/s] 97%|█████████▋| 1274/1319 [00:12<00:00, 93.63it/s]  97%|█████████▋| 1285/1319 [00:12<00:00, 71.89it/s] 98%|█████████▊| 1294/1319 [00:12<00:00, 62.31it/s] 99%|█████████▊| 1302/1319 [00:13<00:00, 38.46it/s] 99%|█████████▉| 1308/1319 [00:14<00:00, 13.55it/s] 99%|█████████▉| 1312/1319 [00:14<00:00, 14.98it/s]100%|██████████| 1319/1319 [00:15<00:00, 87.83it/s]
Accuracy: 0.818
Invalid: 0.000
Latency: 15.124 s
Output throughput: 12848.704 token/s
Run 4 completed in 19 seconds
Run 4: Accuracy: 0.818
Executing GSM8K test Run 5 for mode aiter...
  0%|          | 0/1319 [00:00<?, ?it/s]  0%|          | 1/1319 [00:03<1:17:51,  3.54s/it]  0%|          | 2/1319 [00:03<35:19,  1.61s/it]    0%|          | 3/1319 [00:04<21:43,  1.01it/s]  0%|          | 6/1319 [00:04<08:14,  2.65it/s]  1%|          | 8/1319 [00:04<05:35,  3.91it/s]  1%|          | 10/1319 [00:05<06:07,  3.57it/s]  2%|▏         | 20/1319 [00:05<01:53, 11.49it/s]  2%|▏         | 25/1319 [00:05<01:25, 15.13it/s]  3%|▎         | 34/1319 [00:05<00:53, 23.92it/s]  3%|▎         | 45/1319 [00:05<00:35, 35.61it/s]  4%|▍         | 52/1319 [00:05<00:31, 39.61it/s]  4%|▍         | 59/1319 [00:05<00:28, 43.64it/s]  5%|▌         | 66/1319 [00:05<00:26, 46.99it/s]  6%|▌         | 77/1319 [00:05<00:21, 57.87it/s]  6%|▌         | 82/1319 [00:05<00:15, 78.56it/s]  6%|▌         | 82/1319 [00:05<00:15, 78.56it/s]  7%|▋         | 91/1319 [00:06<00:15, 77.00it/s]  8%|▊         | 100/1319 [00:06<00:15, 76.25it/s]  8%|▊         | 107/1319 [00:06<00:15, 77.97it/s]  9%|▉         | 117/1319 [00:06<00:15, 79.34it/s] 10%|▉         | 126/1319 [00:06<00:09, 129.22it/s] 10%|▉         | 126/1319 [00:06<00:09, 129.22it/s] 10%|▉         | 126/1319 [00:06<00:09, 129.22it/s] 10%|▉         | 126/1319 [00:06<00:09, 129.22it/s] 10%|▉         | 126/1319 [00:06<00:09, 129.22it/s] 10%|▉         | 126/1319 [00:06<00:09, 129.22it/s] 10%|▉         | 126/1319 [00:06<00:09, 129.22it/s] 10%|▉         | 126/1319 [00:06<00:09, 129.22it/s] 11%|█         | 139/1319 [00:06<00:09, 123.76it/s] 12%|█▏        | 155/1319 [00:06<00:09, 126.15it/s] 13%|█▎        | 168/1319 [00:06<00:08, 141.04it/s] 13%|█▎        | 169/1319 [00:06<00:08, 141.04it/s] 13%|█▎        | 170/1319 [00:06<00:08, 141.04it/s] 14%|█▍        | 185/1319 [00:06<00:08, 138.76it/s] 14%|█▍        | 189/1319 [00:06<00:07, 153.45it/s] 14%|█▍        | 189/1319 [00:06<00:07, 153.45it/s] 14%|█▍        | 189/1319 [00:06<00:07, 153.45it/s] 14%|█▍        | 190/1319 [00:06<00:07, 153.45it/s] 16%|█▌        | 206/1319 [00:06<00:08, 129.44it/s] 16%|█▋        | 216/1319 [00:06<00:09, 113.10it/s] 16%|█▋        | 216/1319 [00:06<00:09, 113.10it/s] 17%|█▋        | 228/1319 [00:07<00:09, 111.21it/s] 19%|█▊        | 246/1319 [00:07<00:08, 122.01it/s] 21%|██        | 272/1319 [00:07<00:06, 154.57it/s] 21%|██        | 277/1319 [00:07<00:03, 262.08it/s] 21%|██        | 277/1319 [00:07<00:03, 262.08it/s] 21%|██        | 277/1319 [00:07<00:03, 262.08it/s] 21%|██        | 277/1319 [00:07<00:03, 262.08it/s] 21%|██        | 277/1319 [00:07<00:03, 262.08it/s] 23%|██▎       | 304/1319 [00:07<00:06, 164.62it/s] 27%|██▋       | 350/1319 [00:07<00:04, 216.08it/s] 27%|██▋       | 361/1319 [00:07<00:02, 442.49it/s] 27%|██▋       | 361/1319 [00:07<00:02, 442.49it/s] 27%|██▋       | 361/1319 [00:07<00:02, 442.49it/s] 27%|██▋       | 361/1319 [00:07<00:02, 442.49it/s] 27%|██▋       | 361/1319 [00:07<00:02, 442.49it/s] 27%|██▋       | 361/1319 [00:07<00:02, 442.49it/s] 27%|██▋       | 361/1319 [00:07<00:02, 442.49it/s] 27%|██▋       | 361/1319 [00:07<00:02, 442.49it/s] 27%|██▋       | 361/1319 [00:07<00:02, 442.49it/s] 27%|██▋       | 361/1319 [00:07<00:02, 442.49it/s] 27%|██▋       | 361/1319 [00:07<00:02, 442.49it/s] 31%|███       | 406/1319 [00:07<00:02, 317.36it/s] 34%|███▎      | 443/1319 [00:08<00:03, 273.85it/s] 36%|███▌      | 475/1319 [00:08<00:03, 255.58it/s] 38%|███▊      | 504/1319 [00:08<00:03, 240.39it/s] 40%|████      | 530/1319 [00:08<00:03, 224.62it/s] 40%|████      | 534/1319 [00:08<00:03, 208.68it/s] 40%|████      | 534/1319 [00:08<00:03, 208.68it/s] 40%|████      | 534/1319 [00:08<00:03, 208.68it/s] 40%|████      | 534/1319 [00:08<00:03, 208.68it/s] 42%|████▏     | 560/1319 [00:08<00:03, 200.38it/s] 44%|████▍     | 585/1319 [00:08<00:03, 196.42it/s] 45%|████▍     | 593/1319 [00:08<00:03, 196.96it/s] 45%|████▍     | 593/1319 [00:08<00:03, 196.96it/s] 46%|████▋     | 613/1319 [00:08<00:03, 182.53it/s] 49%|████▉     | 644/1319 [00:09<00:03, 196.95it/s] 50%|████▉     | 654/1319 [00:09<00:03, 219.89it/s] 50%|████▉     | 654/1319 [00:09<00:03, 219.89it/s] 51%|█████▏    | 677/1319 [00:09<00:03, 205.29it/s] 52%|█████▏    | 690/1319 [00:09<00:02, 248.20it/s] 52%|█████▏    | 690/1319 [00:09<00:02, 248.20it/s] 52%|█████▏    | 690/1319 [00:09<00:02, 248.20it/s] 52%|█████▏    | 690/1319 [00:09<00:02, 248.20it/s] 52%|█████▏    | 690/1319 [00:09<00:02, 248.20it/s] 52%|█████▏    | 690/1319 [00:09<00:02, 248.20it/s] 52%|█████▏    | 690/1319 [00:09<00:02, 248.20it/s] 52%|█████▏    | 690/1319 [00:09<00:02, 248.20it/s] 52%|█████▏    | 690/1319 [00:09<00:02, 248.20it/s] 52%|█████▏    | 690/1319 [00:09<00:02, 248.20it/s] 52%|█████▏    | 690/1319 [00:09<00:02, 248.20it/s] 52%|█████▏    | 690/1319 [00:09<00:02, 248.20it/s] 52%|█████▏    | 690/1319 [00:09<00:02, 248.20it/s] 54%|█████▍    | 715/1319 [00:09<00:02, 234.53it/s] 54%|█████▍    | 716/1319 [00:09<00:02, 226.75it/s] 56%|█████▌    | 739/1319 [00:09<00:02, 199.04it/s] 56%|█████▌    | 741/1319 [00:09<00:03, 175.40it/s] 56%|█████▌    | 741/1319 [00:09<00:03, 175.40it/s] 58%|█████▊    | 762/1319 [00:09<00:03, 172.50it/s] 59%|█████▉    | 783/1319 [00:09<00:03, 155.77it/s] 61%|██████▏   | 811/1319 [00:09<00:02, 180.56it/s] 64%|██████▎   | 839/1319 [00:10<00:02, 199.30it/s] 64%|██████▍   | 847/1319 [00:10<00:01, 269.28it/s] 64%|██████▍   | 847/1319 [00:10<00:01, 269.28it/s] 64%|██████▍   | 848/1319 [00:10<00:01, 269.28it/s] 64%|██████▍   | 848/1319 [00:10<00:01, 269.28it/s] 64%|██████▍   | 848/1319 [00:10<00:01, 269.28it/s] 67%|██████▋   | 878/1319 [00:10<00:01, 266.47it/s] 69%|██████▉   | 907/1319 [00:10<00:01, 266.81it/s] 71%|███████   | 934/1319 [00:10<00:01, 266.30it/s] 73%|███████▎  | 969/1319 [00:10<00:01, 273.20it/s] 76%|███████▌  | 1004/1319 [00:10<00:01, 283.16it/s] 78%|███████▊  | 1033/1319 [00:10<00:01, 274.11it/s] 80%|████████  | 1061/1319 [00:10<00:00, 270.45it/s] 83%|████████▎ | 1089/1319 [00:10<00:00, 262.06it/s] 85%|████████▍ | 1116/1319 [00:11<00:00, 219.96it/s] 87%|████████▋ | 1141/1319 [00:11<00:00, 223.96it/s] 88%|████████▊ | 1165/1319 [00:11<00:00, 214.48it/s] 90%|█████████ | 1188/1319 [00:11<00:00, 201.24it/s] 92%|█████████▏| 1209/1319 [00:11<00:00, 177.96it/s] 93%|█████████▎| 1228/1319 [00:11<00:00, 172.53it/s] 94%|█████████▍| 1246/1319 [00:11<00:00, 148.08it/s] 96%|█████████▌| 1262/1319 [00:12<00:00, 124.34it/s] 97%|█████████▋| 1276/1319 [00:12<00:00, 106.17it/s] 98%|█████████▊| 1288/1319 [00:12<00:00, 78.51it/s]  98%|█████████▊| 1298/1319 [00:12<00:00, 58.36it/s] 99%|█████████▉| 1306/1319 [00:13<00:00, 39.38it/s] 99%|█████████▉| 1312/1319 [00:15<00:00, 14.59it/s]100%|█████████▉| 1313/1319 [00:15<00:00,  9.43it/s]100%|██████████| 1319/1319 [00:15<00:00, 87.17it/s]
Accuracy: 0.816
Invalid: 0.000
Latency: 15.238 s
Output throughput: 12726.882 token/s
Run 5 completed in 20 seconds
Run 5: Accuracy: 0.816
GSM8K test completed in 99 seconds
Average Accuracy over 5 runs for mode aiter: 0.815
Average accuracy meets threshold (0.8) for mode aiter. Continuing with this mode.
Starting client benchmark for mode aiter at: 2025-10-10 10:03:27 PDT...
[progress] Total benchmark runs to execute: 15
[progress] [--------------------------------------------------] 0/15 (0%) 
[online] CSV initialized at /mnt/raid/michael/sglang-ci/online/GROK1/v0.5.3.post1-rocm700-mi35x-20251010_GROK1_MOE-I4F8_online/v0.5.3.post1-rocm700-mi35x-20251010_GROK1_MOE-I4F8_online.csv
Running benchmarks sequentially...
Processing request rate 1 for mode aiter...
Running benchmark with request rate: 1 (Run 1) for mode aiter
Run started at: 2025-10-10 10:03:27 PDT
Executing: python3 -m sglang.bench_serving --backend sglang --tokenizer "/data/amd--grok-1-W4A8KV8" --dataset-name random --random-input 1024 --random-output 1024 --num-prompts 300 --request-rate 1
benchmark_args=Namespace(backend='sglang', base_url=None, host='0.0.0.0', port=None, dataset_name='random', dataset_path='', model=None, tokenizer='/data/amd--grok-1-W4A8KV8', num_prompts=300, sharegpt_output_len=None, sharegpt_context_len=None, random_input_len=1024, random_output_len=1024, random_range_ratio=0.0, image_count=1, image_resolution='1080p', image_format='jpeg', image_content='random', request_rate=1.0, use_trace_timestamps=False, max_concurrency=None, output_file=None, output_details=False, disable_tqdm=False, disable_stream=False, return_logprob=False, seed=1, disable_ignore_eos=False, extra_request_body=None, apply_chat_template=False, profile=False, lora_name=None, prompt_suffix='', pd_separated=False, flush_cache=False, warmup_requests=1, tokenize_prompt=False, gsp_num_groups=64, gsp_prompts_per_group=16, gsp_system_prompt_len=2048, gsp_question_len=128, gsp_output_len=256, mooncake_slowdown_factor=1.0, mooncake_num_rounds=1, mooncake_workload='conversation')

WARNING It is recommended to use the `Chat` or `Instruct` model for benchmarking.
Because when the tokenizer counts the output tokens, if there is gibberish, it might count incorrectly.

Namespace(backend='sglang', base_url=None, host='0.0.0.0', port=30000, dataset_name='random', dataset_path='', model='/data/amd--grok-1-W4A8KV8', tokenizer='/data/amd--grok-1-W4A8KV8', num_prompts=300, sharegpt_output_len=None, sharegpt_context_len=None, random_input_len=1024, random_output_len=1024, random_range_ratio=0.0, image_count=1, image_resolution='1080p', image_format='jpeg', image_content='random', request_rate=1.0, use_trace_timestamps=False, max_concurrency=None, output_file=None, output_details=False, disable_tqdm=False, disable_stream=False, return_logprob=False, seed=1, disable_ignore_eos=False, extra_request_body=None, apply_chat_template=False, profile=False, lora_name=None, prompt_suffix='', pd_separated=False, flush_cache=False, warmup_requests=1, tokenize_prompt=False, gsp_num_groups=64, gsp_prompts_per_group=16, gsp_system_prompt_len=2048, gsp_question_len=128, gsp_output_len=256, mooncake_slowdown_factor=1.0, mooncake_num_rounds=1, mooncake_workload='conversation')

#Input tokens: 152612
#Output tokens: 160347
Starting warmup with 1 sequences...
Warmup completed with 1 sequences. Starting main benchmark run...
  0%|          | 0/300 [00:00<?, ?it/s]  0%|          | 1/300 [00:00<01:57,  2.54it/s]  1%|          | 2/300 [00:01<03:32,  1.40it/s]  1%|          | 3/300 [00:09<19:49,  4.00s/it]  1%|▏         | 4/300 [00:09<12:29,  2.53s/it]  2%|▏         | 5/300 [00:11<11:15,  2.29s/it]  2%|▏         | 6/300 [00:11<07:37,  1.56s/it]  2%|▏         | 7/300 [00:13<07:44,  1.58s/it]  3%|▎         | 8/300 [00:15<08:29,  1.75s/it]  3%|▎         | 9/300 [00:15<06:29,  1.34s/it]  3%|▎         | 10/300 [00:16<06:11,  1.28s/it]  4%|▎         | 11/300 [00:19<07:42,  1.60s/it]  4%|▍         | 12/300 [00:19<05:32,  1.15s/it]  4%|▍         | 13/300 [00:21<06:27,  1.35s/it]  5%|▍         | 14/300 [00:21<05:24,  1.13s/it]  5%|▌         | 15/300 [00:21<04:04,  1.17it/s]  5%|▌         | 16/300 [00:26<09:38,  2.04s/it]  6%|▌         | 17/300 [00:27<07:34,  1.61s/it]  6%|▌         | 18/300 [00:27<05:41,  1.21s/it]  6%|▋         | 19/300 [00:29<06:08,  1.31s/it]  7%|▋         | 20/300 [00:29<05:08,  1.10s/it]  7%|▋         | 21/300 [00:31<06:27,  1.39s/it]  7%|▋         | 22/300 [00:32<06:02,  1.30s/it]  8%|▊         | 23/300 [00:33<05:16,  1.14s/it]  8%|▊         | 24/300 [00:36<08:06,  1.76s/it]  8%|▊         | 25/300 [00:37<05:58,  1.31s/it]  9%|▉         | 27/300 [00:37<03:19,  1.37it/s]  9%|▉         | 28/300 [00:37<02:36,  1.74it/s] 10%|▉         | 29/300 [00:38<03:30,  1.29it/s] 10%|█         | 30/300 [00:40<05:14,  1.16s/it] 10%|█         | 31/300 [00:42<06:17,  1.40s/it] 11%|█         | 32/300 [00:44<05:53,  1.32s/it] 11%|█▏        | 34/300 [00:44<03:31,  1.26it/s] 12%|█▏        | 35/300 [00:46<04:29,  1.02s/it] 12%|█▏        | 36/300 [00:47<04:38,  1.06s/it] 12%|█▏        | 37/300 [00:49<06:21,  1.45s/it] 13%|█▎        | 38/300 [00:50<05:02,  1.16s/it] 13%|█▎        | 39/300 [00:50<04:08,  1.05it/s] 13%|█▎        | 40/300 [00:51<04:10,  1.04it/s] 14%|█▎        | 41/300 [00:53<05:13,  1.21s/it] 14%|█▍        | 42/300 [00:53<04:22,  1.02s/it] 14%|█▍        | 43/300 [00:54<03:56,  1.09it/s] 15%|█▍        | 44/300 [00:54<02:56,  1.45it/s] 15%|█▌        | 45/300 [00:55<02:25,  1.75it/s] 15%|█▌        | 46/300 [00:57<04:44,  1.12s/it] 16%|█▌        | 47/300 [00:58<05:02,  1.20s/it] 16%|█▋        | 49/300 [00:59<02:50,  1.47it/s] 17%|█▋        | 50/300 [01:00<03:29,  1.19it/s] 17%|█▋        | 52/300 [01:03<04:36,  1.12s/it] 18%|█▊        | 53/300 [01:04<04:42,  1.14s/it] 18%|█▊        | 54/300 [01:05<03:57,  1.04it/s] 18%|█▊        | 55/300 [01:06<04:51,  1.19s/it] 19%|█▊        | 56/300 [01:09<05:59,  1.47s/it] 19%|█▉        | 57/300 [01:10<06:12,  1.53s/it] 19%|█▉        | 58/300 [01:12<06:04,  1.51s/it] 20%|█▉        | 59/300 [01:12<05:11,  1.29s/it] 20%|██        | 60/300 [01:13<04:13,  1.06s/it] 20%|██        | 61/300 [01:13<03:13,  1.24it/s] 21%|██        | 62/300 [01:14<03:23,  1.17it/s] 21%|██        | 63/300 [01:15<03:00,  1.31it/s] 21%|██▏       | 64/300 [01:17<04:28,  1.14s/it] 22%|██▏       | 65/300 [01:18<04:09,  1.06s/it] 22%|██▏       | 66/300 [01:18<03:16,  1.19it/s] 23%|██▎       | 68/300 [01:19<03:02,  1.27it/s] 23%|██▎       | 69/300 [01:20<03:11,  1.21it/s] 23%|██▎       | 70/300 [01:21<02:49,  1.36it/s] 24%|██▎       | 71/300 [01:22<02:54,  1.32it/s] 24%|██▍       | 72/300 [01:22<02:15,  1.68it/s] 24%|██▍       | 73/300 [01:23<02:23,  1.59it/s] 25%|██▍       | 74/300 [01:23<02:17,  1.64it/s] 25%|██▌       | 76/300 [01:23<01:21,  2.73it/s] 26%|██▌       | 77/300 [01:23<01:16,  2.91it/s] 26%|██▌       | 78/300 [01:25<02:44,  1.35it/s] 26%|██▋       | 79/300 [01:26<02:51,  1.29it/s] 27%|██▋       | 80/300 [01:29<04:29,  1.23s/it] 27%|██▋       | 81/300 [01:32<06:21,  1.74s/it] 27%|██▋       | 82/300 [01:34<06:27,  1.78s/it] 28%|██▊       | 83/300 [01:36<07:41,  2.13s/it] 28%|██▊       | 85/300 [01:38<04:58,  1.39s/it] 29%|██▉       | 87/300 [01:39<04:11,  1.18s/it] 29%|██▉       | 88/300 [01:40<04:12,  1.19s/it] 30%|██▉       | 89/300 [01:41<03:57,  1.13s/it] 30%|███       | 90/300 [01:42<03:03,  1.15it/s] 30%|███       | 91/300 [01:43<03:57,  1.14s/it] 31%|███       | 92/300 [01:45<04:30,  1.30s/it] 31%|███       | 93/300 [01:51<08:45,  2.54s/it] 31%|███▏      | 94/300 [01:51<06:29,  1.89s/it] 32%|███▏      | 95/300 [01:51<04:45,  1.39s/it] 32%|███▏      | 96/300 [01:52<04:02,  1.19s/it] 32%|███▏      | 97/300 [01:53<04:02,  1.19s/it] 33%|███▎      | 98/300 [01:53<03:00,  1.12it/s] 33%|███▎      | 99/300 [01:55<03:30,  1.05s/it] 33%|███▎      | 100/300 [01:56<03:46,  1.13s/it] 34%|███▎      | 101/300 [01:56<02:53,  1.14it/s] 34%|███▍      | 102/300 [01:57<02:14,  1.47it/s] 34%|███▍      | 103/300 [01:57<02:03,  1.60it/s] 35%|███▍      | 104/300 [01:58<02:00,  1.63it/s] 35%|███▌      | 105/300 [01:59<02:30,  1.29it/s] 35%|███▌      | 106/300 [01:59<01:56,  1.67it/s] 36%|███▌      | 107/300 [01:59<01:42,  1.89it/s] 36%|███▌      | 108/300 [02:02<03:41,  1.16s/it] 36%|███▋      | 109/300 [02:03<03:32,  1.11s/it] 37%|███▋      | 110/300 [02:05<04:25,  1.40s/it] 37%|███▋      | 111/300 [02:06<04:05,  1.30s/it] 37%|███▋      | 112/300 [02:07<03:23,  1.08s/it] 38%|███▊      | 114/300 [02:08<03:01,  1.02it/s] 38%|███▊      | 115/300 [02:09<02:43,  1.13it/s] 39%|███▊      | 116/300 [02:09<02:17,  1.34it/s] 39%|███▉      | 118/300 [02:09<01:21,  2.23it/s] 40%|███▉      | 119/300 [02:10<01:07,  2.70it/s] 40%|████      | 120/300 [02:12<02:27,  1.22it/s] 40%|████      | 121/300 [02:12<01:58,  1.51it/s] 41%|████      | 122/300 [02:13<02:16,  1.30it/s] 41%|████      | 123/300 [02:15<02:55,  1.01it/s] 41%|████▏     | 124/300 [02:15<02:39,  1.10it/s] 42%|████▏     | 125/300 [02:17<03:11,  1.09s/it] 42%|████▏     | 126/300 [02:17<02:22,  1.22it/s] 42%|████▏     | 127/300 [02:17<01:49,  1.58it/s] 43%|████▎     | 128/300 [02:20<03:41,  1.29s/it] 43%|████▎     | 129/300 [02:22<04:11,  1.47s/it] 43%|████▎     | 130/300 [02:22<03:05,  1.09s/it] 44%|████▎     | 131/300 [02:23<02:58,  1.05s/it] 44%|████▍     | 132/300 [02:24<02:45,  1.02it/s] 44%|████▍     | 133/300 [02:25<02:36,  1.07it/s] 45%|████▍     | 134/300 [02:25<02:23,  1.16it/s] 45%|████▌     | 135/300 [02:26<02:09,  1.28it/s] 46%|████▌     | 137/300 [02:26<01:17,  2.11it/s] 46%|████▌     | 138/300 [02:29<02:33,  1.05it/s] 46%|████▋     | 139/300 [02:29<02:09,  1.24it/s] 47%|████▋     | 140/300 [02:30<01:57,  1.36it/s] 47%|████▋     | 141/300 [02:31<02:26,  1.08it/s] 47%|████▋     | 142/300 [02:35<04:36,  1.75s/it] 48%|████▊     | 143/300 [02:39<06:19,  2.42s/it] 48%|████▊     | 144/300 [02:39<04:35,  1.76s/it] 48%|████▊     | 145/300 [02:39<03:24,  1.32s/it] 49%|████▊     | 146/300 [02:39<02:31,  1.01it/s] 49%|████▉     | 147/300 [02:40<01:57,  1.30it/s] 50%|████▉     | 149/300 [02:40<01:21,  1.84it/s] 50%|█████     | 150/300 [02:41<01:34,  1.59it/s] 50%|█████     | 151/300 [02:42<01:36,  1.54it/s] 51%|█████     | 152/300 [02:43<01:40,  1.47it/s] 51%|█████     | 153/300 [02:43<01:32,  1.59it/s] 51%|█████▏    | 154/300 [02:44<01:52,  1.29it/s] 52%|█████▏    | 155/300 [02:45<01:33,  1.56it/s] 52%|█████▏    | 156/300 [02:47<02:36,  1.08s/it] 52%|█████▏    | 157/300 [02:47<02:08,  1.11it/s] 53%|█████▎    | 158/300 [02:48<01:57,  1.21it/s] 53%|█████▎    | 159/300 [02:49<01:53,  1.24it/s] 53%|█████▎    | 160/300 [02:49<01:34,  1.49it/s] 54%|█████▎    | 161/300 [02:50<01:37,  1.43it/s] 54%|█████▍    | 162/300 [02:50<01:12,  1.90it/s] 54%|█████▍    | 163/300 [02:50<01:12,  1.89it/s] 55%|█████▍    | 164/300 [02:51<00:56,  2.43it/s] 55%|█████▌    | 165/300 [02:51<00:46,  2.91it/s] 55%|█████▌    | 166/300 [02:51<00:41,  3.19it/s] 56%|█████▌    | 167/300 [02:51<00:38,  3.47it/s] 56%|█████▌    | 168/300 [02:55<02:46,  1.26s/it] 56%|█████▋    | 169/300 [02:56<02:31,  1.16s/it] 57%|█████▋    | 170/300 [02:57<02:52,  1.33s/it] 57%|█████▋    | 172/300 [02:58<01:57,  1.09it/s] 58%|█████▊    | 173/300 [02:59<02:06,  1.00it/s] 58%|█████▊    | 174/300 [03:00<01:49,  1.16it/s] 58%|█████▊    | 175/300 [03:00<01:28,  1.40it/s] 59%|█████▊    | 176/300 [03:03<02:26,  1.18s/it] 59%|█████▉    | 178/300 [03:04<01:54,  1.07it/s] 60%|█████▉    | 179/300 [03:08<03:13,  1.60s/it] 60%|██████    | 180/300 [03:08<02:30,  1.26s/it] 60%|██████    | 181/300 [03:09<02:20,  1.18s/it] 61%|██████▏   | 184/300 [03:10<01:24,  1.37it/s] 62%|██████▏   | 185/300 [03:10<01:15,  1.53it/s] 62%|██████▏   | 186/300 [03:12<01:41,  1.12it/s] 62%|██████▏   | 187/300 [03:12<01:19,  1.42it/s] 63%|██████▎   | 188/300 [03:12<01:07,  1.65it/s] 63%|██████▎   | 189/300 [03:14<01:24,  1.32it/s] 63%|██████▎   | 190/300 [03:16<02:07,  1.16s/it] 64%|██████▎   | 191/300 [03:17<01:54,  1.05s/it] 64%|██████▍   | 192/300 [03:18<02:02,  1.14s/it] 64%|██████▍   | 193/300 [03:19<01:55,  1.08s/it] 65%|██████▌   | 195/300 [03:19<01:14,  1.42it/s] 65%|██████▌   | 196/300 [03:20<01:20,  1.29it/s] 66%|██████▌   | 198/300 [03:21<00:59,  1.71it/s] 66%|██████▋   | 199/300 [03:23<01:40,  1.00it/s] 67%|██████▋   | 200/300 [03:24<01:24,  1.19it/s] 67%|██████▋   | 201/300 [03:24<01:08,  1.44it/s] 67%|██████▋   | 202/300 [03:24<00:59,  1.64it/s] 68%|██████▊   | 203/300 [03:25<00:51,  1.88it/s] 68%|██████▊   | 204/300 [03:25<00:55,  1.72it/s] 68%|██████▊   | 205/300 [03:26<00:52,  1.80it/s] 69%|██████▉   | 207/300 [03:26<00:39,  2.36it/s] 69%|██████▉   | 208/300 [03:28<00:58,  1.58it/s] 70%|██████▉   | 209/300 [03:28<00:55,  1.64it/s] 70%|███████   | 210/300 [03:29<01:02,  1.45it/s] 71%|███████   | 212/300 [03:29<00:38,  2.31it/s] 71%|███████   | 213/300 [03:33<01:39,  1.14s/it] 71%|███████▏  | 214/300 [03:33<01:25,  1.01it/s] 72%|███████▏  | 215/300 [03:36<01:55,  1.36s/it] 72%|███████▏  | 216/300 [03:36<01:34,  1.13s/it] 72%|███████▏  | 217/300 [03:38<01:54,  1.38s/it] 73%|███████▎  | 218/300 [03:40<01:59,  1.46s/it] 73%|███████▎  | 219/300 [03:40<01:37,  1.21s/it] 73%|███████▎  | 220/300 [03:41<01:31,  1.14s/it] 74%|███████▎  | 221/300 [03:42<01:21,  1.03s/it] 74%|███████▍  | 222/300 [03:43<01:04,  1.21it/s] 74%|███████▍  | 223/300 [03:43<00:50,  1.52it/s] 75%|███████▍  | 224/300 [03:43<00:38,  1.96it/s] 75%|███████▌  | 225/300 [03:43<00:34,  2.15it/s] 75%|███████▌  | 226/300 [03:44<00:28,  2.61it/s] 76%|███████▌  | 227/300 [03:44<00:37,  1.95it/s] 76%|███████▌  | 228/300 [03:45<00:46,  1.53it/s] 76%|███████▋  | 229/300 [03:46<00:41,  1.72it/s] 77%|███████▋  | 230/300 [03:47<00:52,  1.33it/s] 77%|███████▋  | 231/300 [03:49<01:11,  1.03s/it] 77%|███████▋  | 232/300 [03:50<01:23,  1.23s/it] 78%|███████▊  | 233/300 [03:51<01:03,  1.05it/s] 78%|███████▊  | 234/300 [03:52<01:16,  1.16s/it] 78%|███████▊  | 235/300 [03:53<01:11,  1.10s/it] 79%|███████▊  | 236/300 [03:54<00:55,  1.16it/s] 79%|███████▉  | 237/300 [03:58<02:06,  2.01s/it] 79%|███████▉  | 238/300 [04:00<01:51,  1.80s/it] 80%|███████▉  | 239/300 [04:01<01:52,  1.85s/it] 80%|████████  | 240/300 [04:02<01:24,  1.40s/it] 80%|████████  | 241/300 [04:02<01:03,  1.08s/it] 81%|████████  | 242/300 [04:04<01:13,  1.27s/it] 81%|████████  | 243/300 [04:04<00:58,  1.03s/it] 81%|████████▏ | 244/300 [04:07<01:17,  1.38s/it] 82%|████████▏ | 245/300 [04:07<01:01,  1.12s/it] 82%|████████▏ | 246/300 [04:07<00:45,  1.18it/s] 82%|████████▏ | 247/300 [04:07<00:34,  1.54it/s] 83%|████████▎ | 248/300 [04:08<00:35,  1.46it/s] 83%|████████▎ | 249/300 [04:08<00:26,  1.92it/s] 83%|████████▎ | 250/300 [04:10<00:37,  1.32it/s] 84%|████████▎ | 251/300 [04:10<00:27,  1.77it/s] 84%|████████▍ | 252/300 [04:13<01:06,  1.38s/it] 84%|████████▍ | 253/300 [04:16<01:20,  1.71s/it] 85%|████████▍ | 254/300 [04:16<01:00,  1.32s/it] 85%|████████▌ | 255/300 [04:18<01:10,  1.57s/it] 86%|████████▌ | 257/300 [04:20<00:52,  1.23s/it] 86%|████████▌ | 258/300 [04:20<00:41,  1.00it/s] 86%|████████▋ | 259/300 [04:21<00:34,  1.17it/s] 87%|████████▋ | 260/300 [04:22<00:36,  1.10it/s] 87%|████████▋ | 261/300 [04:22<00:34,  1.13it/s] 87%|████████▋ | 262/300 [04:23<00:35,  1.08it/s] 88%|████████▊ | 263/300 [04:24<00:31,  1.17it/s] 88%|████████▊ | 265/300 [04:24<00:19,  1.82it/s] 89%|████████▊ | 266/300 [04:25<00:18,  1.81it/s] 89%|████████▉ | 267/300 [04:26<00:24,  1.33it/s] 90%|████████▉ | 269/300 [04:27<00:18,  1.66it/s] 90%|█████████ | 270/300 [04:28<00:17,  1.69it/s] 90%|█████████ | 271/300 [04:28<00:15,  1.91it/s] 91%|█████████ | 272/300 [04:30<00:22,  1.26it/s] 91%|█████████ | 273/300 [04:30<00:19,  1.37it/s] 91%|█████████▏| 274/300 [04:30<00:15,  1.63it/s] 92%|█████████▏| 275/300 [04:31<00:14,  1.68it/s] 92%|█████████▏| 276/300 [04:33<00:26,  1.10s/it] 92%|█████████▏| 277/300 [04:35<00:25,  1.13s/it] 93%|█████████▎| 278/300 [04:35<00:19,  1.13it/s] 93%|█████████▎| 279/300 [04:38<00:33,  1.59s/it] 93%|█████████▎| 280/300 [04:39<00:28,  1.43s/it] 94%|█████████▎| 281/300 [04:40<00:23,  1.22s/it] 94%|█████████▍| 282/300 [04:40<00:16,  1.12it/s] 94%|█████████▍| 283/300 [04:42<00:19,  1.13s/it] 95%|█████████▍| 284/300 [04:43<00:16,  1.03s/it] 95%|█████████▌| 285/300 [04:44<00:16,  1.11s/it] 95%|█████████▌| 286/300 [04:44<00:12,  1.16it/s] 96%|█████████▌| 287/300 [04:45<00:13,  1.02s/it] 96%|█████████▌| 288/300 [04:46<00:09,  1.23it/s] 96%|█████████▋| 289/300 [04:47<00:08,  1.26it/s] 97%|█████████▋| 290/300 [04:50<00:16,  1.62s/it] 97%|█████████▋| 292/300 [04:50<00:07,  1.06it/s] 98%|█████████▊| 293/300 [04:52<00:07,  1.07s/it] 98%|█████████▊| 294/300 [04:53<00:05,  1.04it/s] 98%|█████████▊| 295/300 [04:53<00:04,  1.06it/s] 99%|█████████▊| 296/300 [04:54<00:02,  1.36it/s] 99%|█████████▉| 297/300 [04:55<00:02,  1.22it/s]100%|█████████▉| 299/300 [04:55<00:00,  2.05it/s]100%|██████████| 300/300 [04:56<00:00,  1.75it/s]100%|██████████| 300/300 [04:58<00:00,  1.01it/s]

============ Serving Benchmark Result ============
Backend:                                 sglang    
Traffic request rate:                    1.0       
Max request concurrency:                 not set   
Successful requests:                     300       
Benchmark duration (s):                  298.36    
Total input tokens:                      152612    
Total input text tokens:                 152612    
Total input vision tokens:               0         
Total generated tokens:                  160347    
Total generated tokens (retokenized):    163925    
Request throughput (req/s):              1.01      
Input token throughput (tok/s):          511.50    
Output token throughput (tok/s):         537.42    
Total token throughput (tok/s):          1048.92   
Concurrency:                             6.56      
----------------End-to-End Latency----------------
Mean E2E Latency (ms):                   6520.77   
Median E2E Latency (ms):                 6527.23   
---------------Time to First Token----------------
Mean TTFT (ms):                          64.36     
Median TTFT (ms):                        60.85     
P99 TTFT (ms):                           104.65    
---------------Inter-Token Latency----------------
Mean ITL (ms):                           12.10     
Median ITL (ms):                         11.58     
P95 ITL (ms):                            12.00     
P99 ITL (ms):                            45.85     
Max ITL (ms):                            71.30     
==================================================
Run completed at: 2025-10-10 10:08:34 PDT
Run duration: 307 seconds
----------------------------------------
[progress] [===-----------------------------------------------] 1/15 (6%)  | Rate: 1, Run: 1
Sleeping 10 seconds between runs to avoid memory access faults...
Running benchmark with request rate: 1 (Run 2) for mode aiter
Run started at: 2025-10-10 10:08:44 PDT
Executing: python3 -m sglang.bench_serving --backend sglang --tokenizer "/data/amd--grok-1-W4A8KV8" --dataset-name random --random-input 1024 --random-output 1024 --num-prompts 300 --request-rate 1
benchmark_args=Namespace(backend='sglang', base_url=None, host='0.0.0.0', port=None, dataset_name='random', dataset_path='', model=None, tokenizer='/data/amd--grok-1-W4A8KV8', num_prompts=300, sharegpt_output_len=None, sharegpt_context_len=None, random_input_len=1024, random_output_len=1024, random_range_ratio=0.0, image_count=1, image_resolution='1080p', image_format='jpeg', image_content='random', request_rate=1.0, use_trace_timestamps=False, max_concurrency=None, output_file=None, output_details=False, disable_tqdm=False, disable_stream=False, return_logprob=False, seed=1, disable_ignore_eos=False, extra_request_body=None, apply_chat_template=False, profile=False, lora_name=None, prompt_suffix='', pd_separated=False, flush_cache=False, warmup_requests=1, tokenize_prompt=False, gsp_num_groups=64, gsp_prompts_per_group=16, gsp_system_prompt_len=2048, gsp_question_len=128, gsp_output_len=256, mooncake_slowdown_factor=1.0, mooncake_num_rounds=1, mooncake_workload='conversation')

WARNING It is recommended to use the `Chat` or `Instruct` model for benchmarking.
Because when the tokenizer counts the output tokens, if there is gibberish, it might count incorrectly.

Namespace(backend='sglang', base_url=None, host='0.0.0.0', port=30000, dataset_name='random', dataset_path='', model='/data/amd--grok-1-W4A8KV8', tokenizer='/data/amd--grok-1-W4A8KV8', num_prompts=300, sharegpt_output_len=None, sharegpt_context_len=None, random_input_len=1024, random_output_len=1024, random_range_ratio=0.0, image_count=1, image_resolution='1080p', image_format='jpeg', image_content='random', request_rate=1.0, use_trace_timestamps=False, max_concurrency=None, output_file=None, output_details=False, disable_tqdm=False, disable_stream=False, return_logprob=False, seed=1, disable_ignore_eos=False, extra_request_body=None, apply_chat_template=False, profile=False, lora_name=None, prompt_suffix='', pd_separated=False, flush_cache=False, warmup_requests=1, tokenize_prompt=False, gsp_num_groups=64, gsp_prompts_per_group=16, gsp_system_prompt_len=2048, gsp_question_len=128, gsp_output_len=256, mooncake_slowdown_factor=1.0, mooncake_num_rounds=1, mooncake_workload='conversation')

#Input tokens: 152612
#Output tokens: 160347
Starting warmup with 1 sequences...
Warmup completed with 1 sequences. Starting main benchmark run...
  0%|          | 0/300 [00:00<?, ?it/s]  0%|          | 1/300 [00:00<01:57,  2.54it/s]  1%|          | 2/300 [00:01<03:29,  1.42it/s]  1%|          | 3/300 [00:09<19:46,  3.99s/it]  1%|▏         | 4/300 [00:09<12:25,  2.52s/it]  2%|▏         | 5/300 [00:11<11:07,  2.26s/it]  2%|▏         | 6/300 [00:11<07:38,  1.56s/it]  2%|▏         | 7/300 [00:13<07:43,  1.58s/it]  3%|▎         | 8/300 [00:15<08:30,  1.75s/it]  3%|▎         | 9/300 [00:15<06:27,  1.33s/it]  3%|▎         | 10/300 [00:16<06:08,  1.27s/it]  4%|▎         | 11/300 [00:19<07:44,  1.61s/it]  4%|▍         | 12/300 [00:19<05:32,  1.16s/it]  4%|▍         | 13/300 [00:21<06:30,  1.36s/it]  5%|▍         | 14/300 [00:21<05:23,  1.13s/it]  5%|▌         | 15/300 [00:21<04:05,  1.16it/s]  5%|▌         | 16/300 [00:26<09:39,  2.04s/it]  6%|▌         | 17/300 [00:27<07:35,  1.61s/it]  6%|▌         | 18/300 [00:27<05:42,  1.22s/it]  6%|▋         | 19/300 [00:29<06:07,  1.31s/it]  7%|▋         | 20/300 [00:29<05:07,  1.10s/it]  7%|▋         | 21/300 [00:31<06:29,  1.40s/it]  7%|▋         | 22/300 [00:32<06:01,  1.30s/it]  8%|▊         | 23/300 [00:33<05:14,  1.14s/it]  8%|▊         | 24/300 [00:36<08:09,  1.77s/it]  8%|▊         | 25/300 [00:37<05:57,  1.30s/it]  9%|▉         | 27/300 [00:37<03:19,  1.37it/s]  9%|▉         | 28/300 [00:37<02:36,  1.74it/s] 10%|▉         | 29/300 [00:38<03:28,  1.30it/s] 10%|█         | 30/300 [00:40<05:13,  1.16s/it] 10%|█         | 31/300 [00:42<06:16,  1.40s/it] 11%|█         | 32/300 [00:43<05:51,  1.31s/it] 11%|█▏        | 34/300 [00:44<03:32,  1.25it/s] 12%|█▏        | 35/300 [00:46<04:28,  1.01s/it] 12%|█▏        | 36/300 [00:47<04:40,  1.06s/it] 12%|█▏        | 37/300 [00:49<06:19,  1.44s/it] 13%|█▎        | 38/300 [00:50<05:00,  1.15s/it] 13%|█▎        | 39/300 [00:50<04:12,  1.04it/s] 13%|█▎        | 40/300 [00:51<04:13,  1.02it/s] 14%|█▎        | 41/300 [00:53<05:11,  1.20s/it] 14%|█▍        | 42/300 [00:53<04:21,  1.01s/it] 14%|█▍        | 43/300 [00:54<03:52,  1.10it/s] 15%|█▍        | 44/300 [00:54<02:56,  1.45it/s] 15%|█▌        | 45/300 [00:55<02:25,  1.76it/s] 15%|█▌        | 46/300 [00:57<04:45,  1.12s/it] 16%|█▌        | 47/300 [00:58<05:03,  1.20s/it] 16%|█▋        | 49/300 [00:58<02:50,  1.47it/s] 17%|█▋        | 50/300 [01:00<03:29,  1.19it/s] 17%|█▋        | 52/300 [01:03<04:38,  1.12s/it] 18%|█▊        | 53/300 [01:04<04:42,  1.14s/it] 18%|█▊        | 54/300 [01:04<03:58,  1.03it/s] 18%|█▊        | 55/300 [01:06<04:52,  1.19s/it] 19%|█▊        | 56/300 [01:09<05:58,  1.47s/it] 19%|█▉        | 57/300 [01:10<06:11,  1.53s/it] 19%|█▉        | 58/300 [01:12<06:03,  1.50s/it] 20%|█▉        | 59/300 [01:12<05:13,  1.30s/it] 20%|██        | 60/300 [01:13<04:11,  1.05s/it] 20%|██        | 61/300 [01:13<03:13,  1.24it/s] 21%|██        | 62/300 [01:14<03:19,  1.19it/s] 21%|██        | 63/300 [01:15<03:00,  1.31it/s] 21%|██▏       | 64/300 [01:17<04:32,  1.15s/it] 22%|██▏       | 65/300 [01:17<04:03,  1.04s/it] 22%|██▏       | 66/300 [01:18<03:17,  1.19it/s] 23%|██▎       | 68/300 [01:19<03:05,  1.25it/s] 23%|██▎       | 69/300 [01:20<03:09,  1.22it/s] 23%|██▎       | 70/300 [01:21<02:49,  1.35it/s] 24%|██▎       | 71/300 [01:22<02:57,  1.29it/s] 24%|██▍       | 72/300 [01:22<02:14,  1.69it/s] 24%|██▍       | 73/300 [01:22<02:22,  1.60it/s] 25%|██▍       | 74/300 [01:23<02:19,  1.62it/s] 25%|██▌       | 76/300 [01:23<01:23,  2.69it/s] 26%|██▌       | 77/300 [01:23<01:17,  2.90it/s] 26%|██▌       | 78/300 [01:25<02:46,  1.33it/s] 26%|██▋       | 79/300 [01:26<02:51,  1.29it/s] 27%|██▋       | 80/300 [01:29<04:31,  1.23s/it] 27%|██▋       | 81/300 [01:32<06:22,  1.75s/it] 27%|██▋       | 82/300 [01:34<06:29,  1.78s/it] 28%|██▊       | 83/300 [01:36<07:40,  2.12s/it] 28%|██▊       | 85/300 [01:37<04:58,  1.39s/it] 29%|██▉       | 87/300 [01:39<04:10,  1.18s/it] 29%|██▉       | 88/300 [01:40<04:13,  1.20s/it] 30%|██▉       | 89/300 [01:41<03:56,  1.12s/it] 30%|███       | 90/300 [01:41<03:04,  1.14it/s] 30%|███       | 91/300 [01:43<03:57,  1.14s/it] 31%|███       | 92/300 [01:45<04:30,  1.30s/it] 31%|███       | 93/300 [01:51<08:45,  2.54s/it] 31%|███▏      | 94/300 [01:51<06:29,  1.89s/it] 32%|███▏      | 95/300 [01:51<04:46,  1.40s/it] 32%|███▏      | 96/300 [01:52<04:00,  1.18s/it] 32%|███▏      | 97/300 [01:53<03:57,  1.17s/it] 33%|███▎      | 98/300 [01:53<02:59,  1.13it/s] 33%|███▎      | 99/300 [01:55<03:30,  1.05s/it] 33%|███▎      | 100/300 [01:56<03:44,  1.12s/it] 34%|███▎      | 101/300 [01:56<02:54,  1.14it/s] 34%|███▍      | 102/300 [01:57<02:17,  1.44it/s] 34%|███▍      | 103/300 [01:57<02:01,  1.63it/s] 35%|███▍      | 104/300 [01:58<01:58,  1.65it/s] 35%|███▌      | 105/300 [01:59<02:28,  1.31it/s] 35%|███▌      | 106/300 [01:59<01:56,  1.67it/s] 36%|███▌      | 107/300 [01:59<01:45,  1.83it/s] 36%|███▌      | 108/300 [02:02<03:39,  1.14s/it] 36%|███▋      | 109/300 [02:03<03:32,  1.11s/it] 37%|███▋      | 110/300 [02:05<04:27,  1.41s/it] 37%|███▋      | 111/300 [02:06<04:04,  1.29s/it] 37%|███▋      | 112/300 [02:07<03:25,  1.09s/it] 38%|███▊      | 113/300 [02:07<02:29,  1.25it/s] 38%|███▊      | 114/300 [02:08<03:11,  1.03s/it] 38%|███▊      | 115/300 [02:09<02:49,  1.09it/s] 39%|███▊      | 116/300 [02:09<02:13,  1.38it/s] 39%|███▉      | 117/300 [02:09<01:38,  1.86it/s] 40%|███▉      | 119/300 [02:10<00:59,  3.03it/s] 40%|████      | 120/300 [02:12<02:20,  1.28it/s] 40%|████      | 121/300 [02:12<01:52,  1.59it/s] 41%|████      | 122/300 [02:13<02:12,  1.35it/s] 41%|████      | 123/300 [02:15<02:54,  1.02it/s] 41%|████▏     | 124/300 [02:15<02:38,  1.11it/s] 42%|████▏     | 125/300 [02:17<03:08,  1.08s/it] 42%|████▏     | 126/300 [02:17<02:23,  1.21it/s] 42%|████▏     | 127/300 [02:17<01:50,  1.56it/s] 43%|████▎     | 128/300 [02:20<03:39,  1.28s/it] 43%|████▎     | 129/300 [02:22<04:11,  1.47s/it] 43%|████▎     | 130/300 [02:22<03:06,  1.09s/it] 44%|████▎     | 131/300 [02:23<02:57,  1.05s/it] 44%|████▍     | 132/300 [02:24<02:44,  1.02it/s] 44%|████▍     | 133/300 [02:25<02:35,  1.08it/s] 45%|████▍     | 134/300 [02:25<02:23,  1.16it/s] 45%|████▌     | 135/300 [02:26<02:08,  1.29it/s] 46%|████▌     | 137/300 [02:26<01:17,  2.11it/s] 46%|████▌     | 138/300 [02:29<02:33,  1.05it/s] 46%|████▋     | 139/300 [02:29<02:08,  1.25it/s] 47%|████▋     | 140/300 [02:30<01:59,  1.34it/s] 47%|████▋     | 141/300 [02:31<02:27,  1.08it/s] 47%|████▋     | 142/300 [02:35<04:35,  1.74s/it] 48%|████▊     | 143/300 [02:39<06:15,  2.39s/it] 48%|████▊     | 144/300 [02:39<04:33,  1.75s/it] 48%|████▊     | 145/300 [02:39<03:23,  1.31s/it] 49%|████▊     | 146/300 [02:39<02:33,  1.00it/s] 49%|████▉     | 147/300 [02:40<01:56,  1.31it/s] 50%|████▉     | 149/300 [02:40<01:24,  1.78it/s] 50%|█████     | 150/300 [02:41<01:34,  1.59it/s] 50%|█████     | 151/300 [02:42<01:32,  1.61it/s] 51%|█████     | 152/300 [02:43<01:41,  1.45it/s] 51%|█████     | 153/300 [02:43<01:29,  1.63it/s] 51%|█████▏    | 154/300 [02:44<01:54,  1.28it/s] 52%|█████▏    | 155/300 [02:44<01:29,  1.62it/s] 52%|█████▏    | 156/300 [02:47<02:36,  1.08s/it] 52%|█████▏    | 157/300 [02:47<02:12,  1.08it/s] 53%|█████▎    | 158/300 [02:48<01:58,  1.20it/s] 53%|█████▎    | 159/300 [02:49<01:53,  1.24it/s] 53%|█████▎    | 160/300 [02:49<01:33,  1.50it/s] 54%|█████▎    | 161/300 [02:50<01:38,  1.41it/s] 54%|█████▍    | 162/300 [02:50<01:15,  1.83it/s] 54%|█████▍    | 163/300 [02:50<01:11,  1.91it/s] 55%|█████▍    | 164/300 [02:50<00:54,  2.47it/s] 55%|█████▌    | 165/300 [02:51<00:46,  2.92it/s] 55%|█████▌    | 166/300 [02:51<00:44,  3.04it/s] 56%|█████▌    | 167/300 [02:51<00:38,  3.46it/s] 56%|█████▌    | 168/300 [02:55<02:47,  1.27s/it] 56%|█████▋    | 169/300 [02:56<02:32,  1.17s/it] 57%|█████▋    | 170/300 [02:57<02:52,  1.33s/it] 57%|█████▋    | 172/300 [02:58<01:58,  1.08it/s] 58%|█████▊    | 173/300 [02:59<02:05,  1.01it/s] 58%|█████▊    | 174/300 [03:00<01:48,  1.16it/s] 58%|█████▊    | 175/300 [03:00<01:28,  1.41it/s] 59%|█████▊    | 176/300 [03:03<02:24,  1.17s/it] 59%|█████▉    | 178/300 [03:04<01:53,  1.08it/s] 60%|█████▉    | 179/300 [03:08<03:11,  1.58s/it] 60%|██████    | 180/300 [03:08<02:31,  1.27s/it] 60%|██████    | 181/300 [03:09<02:19,  1.18s/it] 61%|██████▏   | 184/300 [03:10<01:25,  1.36it/s] 62%|██████▏   | 185/300 [03:10<01:14,  1.54it/s] 62%|██████▏   | 186/300 [03:12<01:42,  1.11it/s] 63%|██████▎   | 188/300 [03:12<01:09,  1.62it/s] 63%|██████▎   | 189/300 [03:14<01:23,  1.33it/s] 63%|██████▎   | 190/300 [03:16<02:01,  1.11s/it] 64%|██████▎   | 191/300 [03:17<01:51,  1.02s/it] 64%|██████▍   | 192/300 [03:18<01:59,  1.10s/it] 64%|██████▍   | 193/300 [03:19<01:53,  1.06s/it] 65%|██████▌   | 195/300 [03:19<01:15,  1.40it/s] 65%|██████▌   | 196/300 [03:20<01:20,  1.29it/s] 66%|██████▌   | 198/300 [03:21<00:59,  1.72it/s] 66%|██████▋   | 199/300 [03:23<01:40,  1.01it/s] 67%|██████▋   | 200/300 [03:24<01:23,  1.19it/s] 67%|██████▋   | 201/300 [03:24<01:07,  1.46it/s] 67%|██████▋   | 202/300 [03:24<00:58,  1.69it/s] 68%|██████▊   | 203/300 [03:25<00:51,  1.87it/s] 68%|██████▊   | 204/300 [03:25<00:56,  1.69it/s] 68%|██████▊   | 205/300 [03:26<00:52,  1.82it/s] 69%|██████▉   | 207/300 [03:26<00:38,  2.42it/s] 69%|██████▉   | 208/300 [03:28<00:57,  1.61it/s] 70%|██████▉   | 209/300 [03:28<00:56,  1.61it/s] 70%|███████   | 210/300 [03:29<01:01,  1.45it/s] 70%|███████   | 211/300 [03:29<00:48,  1.85it/s] 71%|███████   | 213/300 [03:33<01:34,  1.09s/it] 71%|███████▏  | 214/300 [03:33<01:21,  1.06it/s] 72%|███████▏  | 215/300 [03:36<01:51,  1.31s/it] 72%|███████▏  | 216/300 [03:36<01:32,  1.10s/it] 72%|███████▏  | 217/300 [03:38<01:52,  1.36s/it] 73%|███████▎  | 218/300 [03:40<01:58,  1.44s/it] 73%|███████▎  | 219/300 [03:40<01:37,  1.20s/it] 73%|███████▎  | 220/300 [03:41<01:31,  1.14s/it] 74%|███████▎  | 221/300 [03:42<01:20,  1.02s/it] 74%|███████▍  | 222/300 [03:43<01:03,  1.23it/s] 74%|███████▍  | 223/300 [03:43<00:50,  1.53it/s] 75%|███████▍  | 224/300 [03:43<00:38,  1.97it/s] 75%|███████▌  | 225/300 [03:43<00:34,  2.16it/s] 75%|███████▌  | 226/300 [03:44<00:28,  2.61it/s] 76%|███████▌  | 227/300 [03:44<00:36,  2.00it/s] 76%|███████▌  | 228/300 [03:45<00:47,  1.50it/s] 76%|███████▋  | 229/300 [03:46<00:42,  1.69it/s] 77%|███████▋  | 230/300 [03:47<00:51,  1.37it/s] 77%|███████▋  | 231/300 [03:49<01:11,  1.03s/it] 77%|███████▋  | 232/300 [03:50<01:23,  1.23s/it] 78%|███████▊  | 233/300 [03:51<01:04,  1.04it/s] 78%|███████▊  | 234/300 [03:52<01:17,  1.17s/it] 78%|███████▊  | 235/300 [03:53<01:11,  1.09s/it] 79%|███████▊  | 236/300 [03:53<00:54,  1.17it/s] 79%|███████▉  | 237/300 [03:58<02:07,  2.02s/it] 79%|███████▉  | 238/300 [03:59<01:51,  1.80s/it] 80%|███████▉  | 239/300 [04:01<01:53,  1.85s/it] 80%|████████  | 240/300 [04:02<01:23,  1.40s/it] 80%|████████  | 241/300 [04:02<01:03,  1.07s/it] 81%|████████  | 242/300 [04:04<01:14,  1.28s/it] 81%|████████  | 243/300 [04:04<00:59,  1.04s/it] 81%|████████▏ | 244/300 [04:07<01:17,  1.38s/it] 82%|████████▏ | 245/300 [04:07<01:02,  1.13s/it] 82%|████████▏ | 246/300 [04:07<00:45,  1.18it/s] 82%|████████▏ | 247/300 [04:07<00:34,  1.53it/s] 83%|████████▎ | 248/300 [04:08<00:35,  1.46it/s] 83%|████████▎ | 250/300 [04:10<00:35,  1.42it/s] 84%|████████▎ | 251/300 [04:10<00:27,  1.80it/s] 84%|████████▍ | 252/300 [04:13<01:00,  1.27s/it] 84%|████████▍ | 253/300 [04:15<01:14,  1.59s/it] 85%|████████▍ | 254/300 [04:16<00:57,  1.25s/it] 85%|████████▌ | 255/300 [04:18<01:08,  1.52s/it] 85%|████████▌ | 256/300 [04:18<00:48,  1.11s/it] 86%|████████▌ | 257/300 [04:20<00:52,  1.21s/it] 86%|████████▌ | 258/300 [04:20<00:40,  1.03it/s] 86%|████████▋ | 259/300 [04:20<00:32,  1.24it/s] 87%|████████▋ | 260/300 [04:22<00:36,  1.11it/s] 87%|████████▋ | 261/300 [04:22<00:34,  1.15it/s] 87%|████████▋ | 262/300 [04:23<00:34,  1.11it/s] 88%|████████▊ | 263/300 [04:24<00:31,  1.18it/s] 88%|████████▊ | 265/300 [04:24<00:18,  1.89it/s] 89%|████████▊ | 266/300 [04:25<00:18,  1.85it/s] 89%|████████▉ | 267/300 [04:26<00:25,  1.31it/s] 90%|████████▉ | 269/300 [04:27<00:18,  1.69it/s] 90%|█████████ | 270/300 [04:28<00:17,  1.70it/s] 90%|█████████ | 271/300 [04:28<00:14,  1.95it/s] 91%|█████████ | 272/300 [04:30<00:22,  1.23it/s] 91%|█████████ | 273/300 [04:30<00:20,  1.35it/s] 91%|█████████▏| 274/300 [04:30<00:15,  1.66it/s] 92%|█████████▏| 275/300 [04:31<00:14,  1.68it/s] 92%|█████████▏| 276/300 [04:33<00:26,  1.11s/it] 92%|█████████▏| 277/300 [04:34<00:25,  1.13s/it] 93%|█████████▎| 278/300 [04:35<00:19,  1.12it/s] 93%|█████████▎| 279/300 [04:38<00:33,  1.60s/it] 93%|█████████▎| 280/300 [04:39<00:28,  1.44s/it] 94%|█████████▎| 281/300 [04:40<00:23,  1.22s/it] 94%|█████████▍| 282/300 [04:40<00:16,  1.12it/s] 94%|█████████▍| 283/300 [04:42<00:19,  1.13s/it] 95%|█████████▍| 284/300 [04:42<00:16,  1.03s/it] 95%|█████████▌| 285/300 [04:44<00:16,  1.11s/it] 95%|█████████▌| 286/300 [04:44<00:12,  1.16it/s] 96%|█████████▌| 287/300 [04:45<00:13,  1.02s/it] 96%|█████████▌| 288/300 [04:46<00:09,  1.24it/s] 96%|█████████▋| 289/300 [04:46<00:08,  1.27it/s] 97%|█████████▋| 290/300 [04:50<00:16,  1.62s/it] 97%|█████████▋| 292/300 [04:50<00:07,  1.05it/s] 98%|█████████▊| 293/300 [04:52<00:07,  1.07s/it] 98%|█████████▊| 294/300 [04:52<00:05,  1.04it/s] 98%|█████████▊| 295/300 [04:53<00:04,  1.05it/s] 99%|█████████▊| 296/300 [04:54<00:02,  1.34it/s] 99%|█████████▉| 297/300 [04:55<00:02,  1.22it/s]100%|█████████▉| 299/300 [04:55<00:00,  2.02it/s]100%|██████████| 300/300 [04:56<00:00,  1.75it/s]100%|██████████| 300/300 [04:58<00:00,  1.01it/s]

============ Serving Benchmark Result ============
Backend:                                 sglang    
Traffic request rate:                    1.0       
Max request concurrency:                 not set   
Successful requests:                     300       
Benchmark duration (s):                  298.36    
Total input tokens:                      152612    
Total input text tokens:                 152612    
Total input vision tokens:               0         
Total generated tokens:                  160347    
Total generated tokens (retokenized):    163830    
Request throughput (req/s):              1.01      
Input token throughput (tok/s):          511.50    
Output token throughput (tok/s):         537.43    
Total token throughput (tok/s):          1048.93   
Concurrency:                             6.51      
----------------End-to-End Latency----------------
Mean E2E Latency (ms):                   6475.80   
Median E2E Latency (ms):                 6502.86   
---------------Time to First Token----------------
Mean TTFT (ms):                          58.24     
Median TTFT (ms):                        56.14     
P99 TTFT (ms):                           90.67     
---------------Inter-Token Latency----------------
Mean ITL (ms):                           12.03     
Median ITL (ms):                         11.58     
P95 ITL (ms):                            12.00     
P99 ITL (ms):                            44.71     
Max ITL (ms):                            51.41     
==================================================
Run completed at: 2025-10-10 10:13:52 PDT
Run duration: 308 seconds
----------------------------------------
[progress] [======--------------------------------------------] 2/15 (13%)  | Rate: 1, Run: 2
Sleeping 10 seconds between runs to avoid memory access faults...
Running benchmark with request rate: 1 (Run 3) for mode aiter
Run started at: 2025-10-10 10:14:02 PDT
Executing: python3 -m sglang.bench_serving --backend sglang --tokenizer "/data/amd--grok-1-W4A8KV8" --dataset-name random --random-input 1024 --random-output 1024 --num-prompts 300 --request-rate 1
benchmark_args=Namespace(backend='sglang', base_url=None, host='0.0.0.0', port=None, dataset_name='random', dataset_path='', model=None, tokenizer='/data/amd--grok-1-W4A8KV8', num_prompts=300, sharegpt_output_len=None, sharegpt_context_len=None, random_input_len=1024, random_output_len=1024, random_range_ratio=0.0, image_count=1, image_resolution='1080p', image_format='jpeg', image_content='random', request_rate=1.0, use_trace_timestamps=False, max_concurrency=None, output_file=None, output_details=False, disable_tqdm=False, disable_stream=False, return_logprob=False, seed=1, disable_ignore_eos=False, extra_request_body=None, apply_chat_template=False, profile=False, lora_name=None, prompt_suffix='', pd_separated=False, flush_cache=False, warmup_requests=1, tokenize_prompt=False, gsp_num_groups=64, gsp_prompts_per_group=16, gsp_system_prompt_len=2048, gsp_question_len=128, gsp_output_len=256, mooncake_slowdown_factor=1.0, mooncake_num_rounds=1, mooncake_workload='conversation')

WARNING It is recommended to use the `Chat` or `Instruct` model for benchmarking.
Because when the tokenizer counts the output tokens, if there is gibberish, it might count incorrectly.

Namespace(backend='sglang', base_url=None, host='0.0.0.0', port=30000, dataset_name='random', dataset_path='', model='/data/amd--grok-1-W4A8KV8', tokenizer='/data/amd--grok-1-W4A8KV8', num_prompts=300, sharegpt_output_len=None, sharegpt_context_len=None, random_input_len=1024, random_output_len=1024, random_range_ratio=0.0, image_count=1, image_resolution='1080p', image_format='jpeg', image_content='random', request_rate=1.0, use_trace_timestamps=False, max_concurrency=None, output_file=None, output_details=False, disable_tqdm=False, disable_stream=False, return_logprob=False, seed=1, disable_ignore_eos=False, extra_request_body=None, apply_chat_template=False, profile=False, lora_name=None, prompt_suffix='', pd_separated=False, flush_cache=False, warmup_requests=1, tokenize_prompt=False, gsp_num_groups=64, gsp_prompts_per_group=16, gsp_system_prompt_len=2048, gsp_question_len=128, gsp_output_len=256, mooncake_slowdown_factor=1.0, mooncake_num_rounds=1, mooncake_workload='conversation')

#Input tokens: 152612
#Output tokens: 160347
Starting warmup with 1 sequences...
Warmup completed with 1 sequences. Starting main benchmark run...
  0%|          | 0/300 [00:00<?, ?it/s]  0%|          | 1/300 [00:00<01:58,  2.53it/s]  1%|          | 2/300 [00:01<03:29,  1.42it/s]  1%|          | 3/300 [00:09<19:45,  3.99s/it]  1%|▏         | 4/300 [00:09<12:24,  2.52s/it]  2%|▏         | 5/300 [00:11<11:07,  2.26s/it]  2%|▏         | 6/300 [00:11<07:39,  1.56s/it]  2%|▏         | 7/300 [00:13<07:44,  1.58s/it]  3%|▎         | 8/300 [00:15<08:30,  1.75s/it]  3%|▎         | 9/300 [00:15<06:27,  1.33s/it]  3%|▎         | 10/300 [00:16<06:08,  1.27s/it]  4%|▎         | 11/300 [00:19<07:44,  1.61s/it]  4%|▍         | 12/300 [00:19<05:33,  1.16s/it]  4%|▍         | 13/300 [00:21<06:30,  1.36s/it]  5%|▍         | 14/300 [00:21<05:23,  1.13s/it]  5%|▌         | 15/300 [00:21<04:04,  1.17it/s]  5%|▌         | 16/300 [00:26<09:40,  2.05s/it]  6%|▌         | 17/300 [00:27<07:34,  1.61s/it]  6%|▌         | 18/300 [00:27<05:42,  1.21s/it]  6%|▋         | 19/300 [00:29<06:07,  1.31s/it]  7%|▋         | 20/300 [00:29<05:07,  1.10s/it]  7%|▋         | 21/300 [00:31<06:30,  1.40s/it]  7%|▋         | 22/300 [00:32<06:02,  1.30s/it]  8%|▊         | 23/300 [00:33<05:14,  1.14s/it]  8%|▊         | 24/300 [00:36<08:09,  1.78s/it]  8%|▊         | 25/300 [00:37<05:56,  1.30s/it]  9%|▉         | 27/300 [00:37<03:19,  1.37it/s] 10%|▉         | 29/300 [00:38<03:15,  1.38it/s] 10%|█         | 30/300 [00:40<04:43,  1.05s/it] 10%|█         | 31/300 [00:42<05:45,  1.28s/it] 11%|█         | 32/300 [00:43<05:30,  1.23s/it] 11%|█▏        | 34/300 [00:44<03:28,  1.27it/s] 12%|█▏        | 35/300 [00:46<04:22,  1.01it/s] 12%|█▏        | 36/300 [00:47<04:36,  1.05s/it] 12%|█▏        | 37/300 [00:49<06:13,  1.42s/it] 13%|█▎        | 38/300 [00:50<04:58,  1.14s/it] 13%|█▎        | 39/300 [00:50<04:10,  1.04it/s] 13%|█▎        | 40/300 [00:51<04:13,  1.03it/s] 14%|█▎        | 41/300 [00:53<05:10,  1.20s/it] 14%|█▍        | 42/300 [00:53<04:21,  1.01s/it] 14%|█▍        | 43/300 [00:54<03:52,  1.10it/s] 15%|█▍        | 44/300 [00:54<02:56,  1.45it/s] 15%|█▌        | 45/300 [00:55<02:25,  1.76it/s] 15%|█▌        | 46/300 [00:57<04:45,  1.12s/it] 16%|█▌        | 47/300 [00:58<05:02,  1.20s/it] 16%|█▋        | 49/300 [00:58<02:50,  1.47it/s] 17%|█▋        | 50/300 [01:00<03:29,  1.19it/s] 17%|█▋        | 52/300 [01:03<04:37,  1.12s/it] 18%|█▊        | 53/300 [01:04<04:41,  1.14s/it] 18%|█▊        | 54/300 [01:04<03:58,  1.03it/s] 18%|█▊        | 55/300 [01:06<04:52,  1.19s/it] 19%|█▊        | 56/300 [01:09<05:58,  1.47s/it] 19%|█▉        | 57/300 [01:10<06:11,  1.53s/it] 19%|█▉        | 58/300 [01:12<06:03,  1.50s/it] 20%|█▉        | 59/300 [01:12<05:12,  1.30s/it] 20%|██        | 60/300 [01:13<04:12,  1.05s/it] 20%|██        | 61/300 [01:13<03:13,  1.24it/s] 21%|██        | 62/300 [01:14<03:20,  1.19it/s] 21%|██        | 63/300 [01:15<03:00,  1.31it/s] 21%|██▏       | 64/300 [01:17<04:31,  1.15s/it] 22%|██▏       | 65/300 [01:17<04:04,  1.04s/it] 22%|██▏       | 66/300 [01:18<03:16,  1.19it/s] 23%|██▎       | 68/300 [01:19<03:04,  1.26it/s] 23%|██▎       | 69/300 [01:20<03:09,  1.22it/s] 23%|██▎       | 70/300 [01:21<02:50,  1.35it/s] 24%|██▎       | 71/300 [01:22<02:57,  1.29it/s] 24%|██▍       | 72/300 [01:22<02:14,  1.69it/s] 24%|██▍       | 73/300 [01:22<02:22,  1.60it/s] 25%|██▍       | 74/300 [01:23<02:19,  1.62it/s] 25%|██▌       | 76/300 [01:23<01:22,  2.70it/s] 26%|██▌       | 77/300 [01:23<01:16,  2.91it/s] 26%|██▌       | 78/300 [01:25<02:47,  1.33it/s] 26%|██▋       | 79/300 [01:26<02:50,  1.29it/s] 27%|██▋       | 80/300 [01:29<04:32,  1.24s/it] 27%|██▋       | 81/300 [01:32<06:23,  1.75s/it] 27%|██▋       | 82/300 [01:34<06:28,  1.78s/it] 28%|██▊       | 83/300 [01:36<07:39,  2.12s/it] 28%|██▊       | 85/300 [01:37<04:57,  1.38s/it] 29%|██▉       | 87/300 [01:39<04:11,  1.18s/it] 29%|██▉       | 88/300 [01:40<04:13,  1.20s/it] 30%|██▉       | 89/300 [01:41<03:56,  1.12s/it] 30%|███       | 90/300 [01:41<03:04,  1.14it/s] 30%|███       | 91/300 [01:43<03:57,  1.14s/it] 31%|███       | 92/300 [01:45<04:30,  1.30s/it] 31%|███       | 93/300 [01:51<08:45,  2.54s/it] 31%|███▏      | 94/300 [01:51<06:29,  1.89s/it] 32%|███▏      | 95/300 [01:51<04:46,  1.40s/it] 32%|███▏      | 96/300 [01:52<04:00,  1.18s/it] 32%|███▏      | 97/300 [01:53<03:57,  1.17s/it] 33%|███▎      | 98/300 [01:53<02:59,  1.13it/s] 33%|███▎      | 99/300 [01:55<03:30,  1.05s/it] 33%|███▎      | 100/300 [01:56<03:44,  1.12s/it] 34%|███▎      | 101/300 [01:56<02:54,  1.14it/s] 34%|███▍      | 102/300 [01:57<02:17,  1.44it/s] 34%|███▍      | 103/300 [01:57<02:01,  1.63it/s] 35%|███▍      | 104/300 [01:58<01:58,  1.65it/s] 35%|███▌      | 105/300 [01:59<02:28,  1.31it/s] 35%|███▌      | 106/300 [01:59<01:56,  1.67it/s] 36%|███▌      | 107/300 [01:59<01:45,  1.83it/s] 36%|███▌      | 108/300 [02:02<03:39,  1.14s/it] 36%|███▋      | 109/300 [02:03<03:32,  1.11s/it] 37%|███▋      | 110/300 [02:05<04:27,  1.41s/it] 37%|███▋      | 111/300 [02:06<04:03,  1.29s/it] 37%|███▋      | 112/300 [02:07<03:25,  1.09s/it] 38%|███▊      | 113/300 [02:07<02:29,  1.25it/s] 38%|███▊      | 114/300 [02:08<03:11,  1.03s/it] 38%|███▊      | 115/300 [02:09<02:49,  1.09it/s] 39%|███▊      | 116/300 [02:09<02:13,  1.38it/s] 39%|███▉      | 117/300 [02:09<01:38,  1.86it/s] 40%|███▉      | 119/300 [02:10<00:59,  3.03it/s] 40%|████      | 120/300 [02:12<02:20,  1.28it/s] 40%|████      | 121/300 [02:12<01:52,  1.59it/s] 41%|████      | 122/300 [02:13<02:12,  1.35it/s] 41%|████      | 123/300 [02:15<02:52,  1.03it/s] 41%|████▏     | 124/300 [02:15<02:37,  1.12it/s] 42%|████▏     | 125/300 [02:17<03:07,  1.07s/it] 42%|████▏     | 126/300 [02:17<02:22,  1.22it/s] 42%|████▏     | 127/300 [02:17<01:50,  1.56it/s] 43%|████▎     | 128/300 [02:20<03:39,  1.28s/it] 43%|████▎     | 129/300 [02:22<04:10,  1.47s/it] 43%|████▎     | 130/300 [02:22<03:08,  1.11s/it] 44%|████▎     | 131/300 [02:23<02:59,  1.06s/it] 44%|████▍     | 132/300 [02:24<02:43,  1.03it/s] 44%|████▍     | 133/300 [02:25<02:36,  1.07it/s] 45%|████▍     | 134/300 [02:25<02:24,  1.15it/s] 45%|████▌     | 135/300 [02:26<02:08,  1.28it/s] 46%|████▌     | 137/300 [02:26<01:17,  2.10it/s] 46%|████▌     | 138/300 [02:29<02:34,  1.05it/s] 46%|████▋     | 139/300 [02:29<02:08,  1.25it/s] 47%|████▋     | 140/300 [02:30<01:58,  1.34it/s] 47%|████▋     | 141/300 [02:31<02:27,  1.08it/s] 47%|████▋     | 142/300 [02:35<04:35,  1.74s/it] 48%|████▊     | 143/300 [02:39<06:15,  2.39s/it] 48%|████▊     | 144/300 [02:39<04:33,  1.75s/it] 48%|████▊     | 145/300 [02:39<03:23,  1.31s/it] 49%|████▊     | 146/300 [02:39<02:33,  1.01it/s] 49%|████▉     | 147/300 [02:40<01:56,  1.32it/s] 50%|████▉     | 149/300 [02:40<01:24,  1.79it/s] 50%|█████     | 150/300 [02:41<01:34,  1.59it/s] 50%|█████     | 151/300 [02:42<01:33,  1.60it/s] 51%|█████     | 152/300 [02:43<01:41,  1.46it/s] 51%|█████     | 153/300 [02:43<01:30,  1.63it/s] 51%|█████▏    | 154/300 [02:44<01:54,  1.28it/s] 52%|█████▏    | 155/300 [02:44<01:29,  1.62it/s] 52%|█████▏    | 156/300 [02:47<02:36,  1.09s/it] 52%|█████▏    | 157/300 [02:47<02:12,  1.08it/s] 53%|█████▎    | 158/300 [02:48<01:57,  1.21it/s] 53%|█████▎    | 159/300 [02:49<01:53,  1.24it/s] 53%|█████▎    | 160/300 [02:49<01:33,  1.49it/s] 54%|█████▎    | 161/300 [02:50<01:38,  1.41it/s] 54%|█████▍    | 162/300 [02:50<01:15,  1.82it/s] 54%|█████▍    | 163/300 [02:50<01:11,  1.92it/s] 55%|█████▍    | 164/300 [02:50<00:54,  2.48it/s] 55%|█████▌    | 165/300 [02:51<00:46,  2.90it/s] 55%|█████▌    | 166/300 [02:51<00:44,  3.02it/s] 56%|█████▌    | 167/300 [02:51<00:38,  3.48it/s] 56%|█████▌    | 168/300 [02:55<02:47,  1.27s/it] 56%|█████▋    | 169/300 [02:56<02:33,  1.17s/it] 57%|█████▋    | 170/300 [02:57<02:52,  1.33s/it] 57%|█████▋    | 172/300 [02:58<01:58,  1.08it/s] 58%|█████▊    | 173/300 [02:59<02:05,  1.01it/s] 58%|█████▊    | 174/300 [03:00<01:48,  1.16it/s] 58%|█████▊    | 175/300 [03:00<01:28,  1.41it/s] 59%|█████▊    | 176/300 [03:03<02:24,  1.17s/it] 59%|█████▉    | 178/300 [03:04<01:53,  1.08it/s] 60%|█████▉    | 179/300 [03:07<03:11,  1.58s/it] 60%|██████    | 180/300 [03:08<02:31,  1.27s/it] 60%|██████    | 181/300 [03:09<02:19,  1.18s/it] 61%|██████▏   | 184/300 [03:10<01:25,  1.36it/s] 62%|██████▏   | 185/300 [03:10<01:14,  1.55it/s] 62%|██████▏   | 186/300 [03:12<01:43,  1.11it/s] 63%|██████▎   | 188/300 [03:12<01:09,  1.62it/s] 63%|██████▎   | 189/300 [03:13<01:23,  1.33it/s] 63%|██████▎   | 190/300 [03:16<02:01,  1.11s/it] 64%|██████▎   | 191/300 [03:17<01:51,  1.03s/it] 64%|██████▍   | 192/300 [03:18<01:58,  1.10s/it] 64%|██████▍   | 193/300 [03:19<01:53,  1.06s/it] 65%|██████▌   | 195/300 [03:19<01:15,  1.40it/s] 65%|██████▌   | 196/300 [03:20<01:20,  1.29it/s] 66%|██████▌   | 198/300 [03:21<00:59,  1.72it/s] 66%|██████▋   | 199/300 [03:23<01:39,  1.01it/s] 67%|██████▋   | 200/300 [03:24<01:24,  1.19it/s] 67%|██████▋   | 201/300 [03:24<01:07,  1.47it/s] 67%|██████▋   | 202/300 [03:24<00:58,  1.69it/s] 68%|██████▊   | 203/300 [03:25<00:52,  1.86it/s] 68%|██████▊   | 204/300 [03:25<00:55,  1.72it/s] 68%|██████▊   | 205/300 [03:26<00:52,  1.80it/s] 69%|██████▉   | 207/300 [03:26<00:38,  2.42it/s] 69%|██████▉   | 208/300 [03:28<00:57,  1.60it/s] 70%|██████▉   | 209/300 [03:28<00:56,  1.61it/s] 70%|███████   | 210/300 [03:29<01:01,  1.45it/s] 70%|███████   | 211/300 [03:29<00:48,  1.84it/s] 71%|███████   | 213/300 [03:33<01:34,  1.09s/it] 71%|███████▏  | 214/300 [03:33<01:21,  1.05it/s] 72%|███████▏  | 215/300 [03:36<01:51,  1.32s/it] 72%|███████▏  | 216/300 [03:36<01:32,  1.10s/it] 72%|███████▏  | 217/300 [03:38<01:52,  1.36s/it] 73%|███████▎  | 218/300 [03:40<01:58,  1.44s/it] 73%|███████▎  | 219/300 [03:40<01:37,  1.20s/it] 73%|███████▎  | 220/300 [03:41<01:30,  1.14s/it] 74%|███████▎  | 221/300 [03:42<01:20,  1.02s/it] 74%|███████▍  | 222/300 [03:43<01:03,  1.22it/s] 74%|███████▍  | 223/300 [03:43<00:50,  1.53it/s] 75%|███████▍  | 224/300 [03:43<00:38,  1.97it/s] 75%|███████▌  | 225/300 [03:43<00:34,  2.16it/s] 75%|███████▌  | 226/300 [03:43<00:28,  2.63it/s] 76%|███████▌  | 227/300 [03:44<00:36,  2.00it/s] 76%|███████▌  | 228/300 [03:45<00:47,  1.51it/s] 76%|███████▋  | 229/300 [03:46<00:42,  1.69it/s] 77%|███████▋  | 230/300 [03:47<00:51,  1.37it/s] 77%|███████▋  | 231/300 [03:49<01:10,  1.03s/it] 77%|███████▋  | 232/300 [03:50<01:23,  1.23s/it] 78%|███████▊  | 233/300 [03:51<01:04,  1.04it/s] 78%|███████▊  | 234/300 [03:52<01:16,  1.16s/it] 78%|███████▊  | 235/300 [03:53<01:10,  1.09s/it] 79%|███████▊  | 236/300 [03:53<00:54,  1.18it/s] 79%|███████▉  | 237/300 [03:58<02:07,  2.03s/it] 79%|███████▉  | 238/300 [03:59<01:52,  1.81s/it] 80%|███████▉  | 239/300 [04:01<01:53,  1.86s/it] 80%|████████  | 240/300 [04:02<01:23,  1.39s/it] 80%|████████  | 241/300 [04:02<01:02,  1.07s/it] 81%|████████  | 242/300 [04:04<01:14,  1.29s/it] 81%|████████  | 243/300 [04:04<00:59,  1.04s/it] 81%|████████▏ | 244/300 [04:06<01:17,  1.38s/it] 82%|████████▏ | 245/300 [04:07<01:01,  1.13s/it] 82%|████████▏ | 246/300 [04:07<00:45,  1.19it/s] 82%|████████▏ | 247/300 [04:07<00:34,  1.53it/s] 83%|████████▎ | 248/300 [04:08<00:35,  1.46it/s] 83%|████████▎ | 250/300 [04:10<00:35,  1.41it/s] 84%|████████▍ | 252/300 [04:13<00:52,  1.10s/it] 84%|████████▍ | 253/300 [04:15<01:05,  1.40s/it] 85%|████████▍ | 254/300 [04:16<00:52,  1.15s/it] 85%|████████▌ | 255/300 [04:18<01:03,  1.42s/it] 85%|████████▌ | 256/300 [04:18<00:47,  1.07s/it] 86%|████████▌ | 257/300 [04:20<00:50,  1.18s/it] 86%|████████▌ | 258/300 [04:20<00:39,  1.05it/s] 86%|████████▋ | 259/300 [04:20<00:32,  1.25it/s] 87%|████████▋ | 260/300 [04:22<00:35,  1.12it/s] 87%|████████▋ | 261/300 [04:22<00:33,  1.15it/s] 87%|████████▋ | 262/300 [04:23<00:33,  1.12it/s] 88%|████████▊ | 263/300 [04:24<00:31,  1.18it/s] 88%|████████▊ | 265/300 [04:24<00:18,  1.90it/s] 89%|████████▊ | 266/300 [04:25<00:18,  1.85it/s] 89%|████████▉ | 267/300 [04:26<00:25,  1.31it/s] 90%|████████▉ | 269/300 [04:27<00:18,  1.69it/s] 90%|█████████ | 270/300 [04:28<00:17,  1.70it/s] 90%|█████████ | 271/300 [04:28<00:14,  1.95it/s] 91%|█████████ | 272/300 [04:30<00:22,  1.24it/s] 91%|█████████ | 273/300 [04:30<00:20,  1.34it/s] 91%|█████████▏| 274/300 [04:30<00:15,  1.66it/s] 92%|█████████▏| 275/300 [04:31<00:14,  1.68it/s] 92%|█████████▏| 276/300 [04:33<00:26,  1.10s/it] 92%|█████████▏| 277/300 [04:34<00:25,  1.13s/it] 93%|█████████▎| 278/300 [04:35<00:19,  1.12it/s] 93%|█████████▎| 279/300 [04:38<00:33,  1.60s/it] 93%|█████████▎| 280/300 [04:39<00:28,  1.44s/it] 94%|█████████▎| 281/300 [04:40<00:23,  1.22s/it] 94%|█████████▍| 282/300 [04:40<00:16,  1.12it/s] 94%|█████████▍| 283/300 [04:42<00:19,  1.13s/it] 95%|█████████▍| 284/300 [04:42<00:16,  1.03s/it] 95%|█████████▌| 285/300 [04:44<00:16,  1.11s/it] 95%|█████████▌| 286/300 [04:44<00:12,  1.16it/s] 96%|█████████▌| 287/300 [04:45<00:13,  1.02s/it] 96%|█████████▌| 288/300 [04:46<00:09,  1.24it/s] 96%|█████████▋| 289/300 [04:46<00:08,  1.27it/s] 97%|█████████▋| 290/300 [04:50<00:16,  1.62s/it] 97%|█████████▋| 292/300 [04:50<00:07,  1.05it/s] 98%|█████████▊| 293/300 [04:52<00:07,  1.07s/it] 98%|█████████▊| 294/300 [04:52<00:05,  1.04it/s] 98%|█████████▊| 295/300 [04:53<00:04,  1.06it/s] 99%|█████████▊| 296/300 [04:54<00:02,  1.35it/s] 99%|█████████▉| 297/300 [04:55<00:02,  1.22it/s]100%|█████████▉| 299/300 [04:55<00:00,  2.03it/s]100%|██████████| 300/300 [04:56<00:00,  1.75it/s]100%|██████████| 300/300 [04:58<00:00,  1.01it/s]

============ Serving Benchmark Result ============
Backend:                                 sglang    
Traffic request rate:                    1.0       
Max request concurrency:                 not set   
Successful requests:                     300       
Benchmark duration (s):                  298.35    
Total input tokens:                      152612    
Total input text tokens:                 152612    
Total input vision tokens:               0         
Total generated tokens:                  160347    
Total generated tokens (retokenized):    163830    
Request throughput (req/s):              1.01      
Input token throughput (tok/s):          511.52    
Output token throughput (tok/s):         537.44    
Total token throughput (tok/s):          1048.96   
Concurrency:                             6.51      
----------------End-to-End Latency----------------
Mean E2E Latency (ms):                   6471.47   
Median E2E Latency (ms):                 6507.59   
---------------Time to First Token----------------
Mean TTFT (ms):                          57.21     
Median TTFT (ms):                        55.23     
P99 TTFT (ms):                           91.84     
---------------Inter-Token Latency----------------
Mean ITL (ms):                           12.02     
Median ITL (ms):                         11.57     
P95 ITL (ms):                            11.99     
P99 ITL (ms):                            44.62     
Max ITL (ms):                            48.46     
==================================================
Run completed at: 2025-10-10 10:19:09 PDT
Run duration: 307 seconds
----------------------------------------
[progress] [==========----------------------------------------] 3/15 (20%)  | Rate: 1, Run: 3
[online] Updating CSV for rate 1: E2E=6502.86ms, TTFT=56.14ms, ITL=11.58ms
[online] CSV updated with results for rate 1
Sleeping 3 seconds before next request rate...
Processing request rate 2 for mode aiter...
Running benchmark with request rate: 2 (Run 1) for mode aiter
Run started at: 2025-10-10 10:19:12 PDT
Executing: python3 -m sglang.bench_serving --backend sglang --tokenizer "/data/amd--grok-1-W4A8KV8" --dataset-name random --random-input 1024 --random-output 1024 --num-prompts 600 --request-rate 2
benchmark_args=Namespace(backend='sglang', base_url=None, host='0.0.0.0', port=None, dataset_name='random', dataset_path='', model=None, tokenizer='/data/amd--grok-1-W4A8KV8', num_prompts=600, sharegpt_output_len=None, sharegpt_context_len=None, random_input_len=1024, random_output_len=1024, random_range_ratio=0.0, image_count=1, image_resolution='1080p', image_format='jpeg', image_content='random', request_rate=2.0, use_trace_timestamps=False, max_concurrency=None, output_file=None, output_details=False, disable_tqdm=False, disable_stream=False, return_logprob=False, seed=1, disable_ignore_eos=False, extra_request_body=None, apply_chat_template=False, profile=False, lora_name=None, prompt_suffix='', pd_separated=False, flush_cache=False, warmup_requests=1, tokenize_prompt=False, gsp_num_groups=64, gsp_prompts_per_group=16, gsp_system_prompt_len=2048, gsp_question_len=128, gsp_output_len=256, mooncake_slowdown_factor=1.0, mooncake_num_rounds=1, mooncake_workload='conversation')

WARNING It is recommended to use the `Chat` or `Instruct` model for benchmarking.
Because when the tokenizer counts the output tokens, if there is gibberish, it might count incorrectly.

Namespace(backend='sglang', base_url=None, host='0.0.0.0', port=30000, dataset_name='random', dataset_path='', model='/data/amd--grok-1-W4A8KV8', tokenizer='/data/amd--grok-1-W4A8KV8', num_prompts=600, sharegpt_output_len=None, sharegpt_context_len=None, random_input_len=1024, random_output_len=1024, random_range_ratio=0.0, image_count=1, image_resolution='1080p', image_format='jpeg', image_content='random', request_rate=2.0, use_trace_timestamps=False, max_concurrency=None, output_file=None, output_details=False, disable_tqdm=False, disable_stream=False, return_logprob=False, seed=1, disable_ignore_eos=False, extra_request_body=None, apply_chat_template=False, profile=False, lora_name=None, prompt_suffix='', pd_separated=False, flush_cache=False, warmup_requests=1, tokenize_prompt=False, gsp_num_groups=64, gsp_prompts_per_group=16, gsp_system_prompt_len=2048, gsp_question_len=128, gsp_output_len=256, mooncake_slowdown_factor=1.0, mooncake_num_rounds=1, mooncake_workload='conversation')

#Input tokens: 308748
#Output tokens: 308712
Starting warmup with 1 sequences...
Warmup completed with 1 sequences. Starting main benchmark run...
  0%|          | 0/600 [00:00<?, ?it/s]  0%|          | 1/600 [00:01<19:57,  2.00s/it]  0%|          | 2/600 [00:06<32:31,  3.26s/it]  0%|          | 3/600 [00:09<31:50,  3.20s/it]  1%|          | 5/600 [00:10<16:56,  1.71s/it]  1%|          | 6/600 [00:10<12:32,  1.27s/it]  1%|          | 7/600 [00:11<10:14,  1.04s/it]  1%|▏         | 8/600 [00:12<10:10,  1.03s/it]  2%|▏         | 10/600 [00:12<06:34,  1.50it/s]  2%|▏         | 11/600 [00:13<06:35,  1.49it/s]  2%|▏         | 12/600 [00:13<05:47,  1.69it/s]  2%|▏         | 14/600 [00:14<05:26,  1.79it/s]  2%|▎         | 15/600 [00:15<07:02,  1.38it/s]  3%|▎         | 16/600 [00:16<06:08,  1.58it/s]  3%|▎         | 17/600 [00:17<08:13,  1.18it/s]  3%|▎         | 18/600 [00:17<06:19,  1.53it/s]  3%|▎         | 20/600 [00:18<04:03,  2.38it/s]  4%|▎         | 21/600 [00:18<04:59,  1.94it/s]  4%|▍         | 23/600 [00:19<03:14,  2.96it/s]  4%|▍         | 24/600 [00:19<03:12,  2.99it/s]  4%|▍         | 25/600 [00:20<04:39,  2.06it/s]  4%|▍         | 27/600 [00:20<03:34,  2.67it/s]  5%|▍         | 28/600 [00:21<04:09,  2.29it/s]  5%|▍         | 29/600 [00:21<03:28,  2.73it/s]  5%|▌         | 31/600 [00:21<02:41,  3.52it/s]  5%|▌         | 32/600 [00:22<03:18,  2.87it/s]  6%|▌         | 33/600 [00:22<03:45,  2.52it/s]  6%|▌         | 35/600 [00:24<04:47,  1.96it/s]  6%|▌         | 36/600 [00:24<03:57,  2.38it/s]  6%|▌         | 37/600 [00:24<03:30,  2.67it/s]  6%|▋         | 38/600 [00:25<03:27,  2.70it/s]  6%|▋         | 39/600 [00:25<02:56,  3.18it/s]  7%|▋         | 40/600 [00:25<03:26,  2.72it/s]  7%|▋         | 41/600 [00:26<03:54,  2.39it/s]  7%|▋         | 42/600 [00:26<03:26,  2.70it/s]  7%|▋         | 43/600 [00:26<02:48,  3.30it/s]  7%|▋         | 44/600 [00:27<03:35,  2.58it/s]  8%|▊         | 45/600 [00:27<03:04,  3.01it/s]  8%|▊         | 46/600 [00:27<02:44,  3.37it/s]  8%|▊         | 47/600 [00:28<02:54,  3.17it/s]  8%|▊         | 49/600 [00:29<04:03,  2.27it/s]  8%|▊         | 50/600 [00:29<03:23,  2.70it/s]  8%|▊         | 51/600 [00:30<04:39,  1.97it/s]  9%|▊         | 52/600 [00:31<05:31,  1.65it/s]  9%|▉         | 54/600 [00:31<03:38,  2.50it/s]  9%|▉         | 55/600 [00:31<03:29,  2.60it/s] 10%|▉         | 57/600 [00:32<03:15,  2.77it/s] 10%|▉         | 58/600 [00:35<08:40,  1.04it/s] 10%|▉         | 59/600 [00:36<08:40,  1.04it/s] 10%|█         | 60/600 [00:36<07:30,  1.20it/s] 10%|█         | 61/600 [00:37<06:11,  1.45it/s] 10%|█         | 62/600 [00:37<05:14,  1.71it/s] 10%|█         | 63/600 [00:37<04:57,  1.81it/s] 11%|█         | 64/600 [00:38<06:00,  1.49it/s] 11%|█         | 65/600 [00:39<05:55,  1.51it/s] 11%|█         | 66/600 [00:40<05:49,  1.53it/s] 11%|█▏        | 68/600 [00:40<04:46,  1.86it/s] 12%|█▏        | 70/600 [00:41<03:28,  2.54it/s] 12%|█▏        | 71/600 [00:42<04:11,  2.10it/s] 12%|█▏        | 73/600 [00:42<03:05,  2.84it/s] 12%|█▏        | 74/600 [00:42<02:41,  3.26it/s] 12%|█▎        | 75/600 [00:44<05:34,  1.57it/s] 13%|█▎        | 76/600 [00:44<04:54,  1.78it/s] 13%|█▎        | 77/600 [00:45<05:13,  1.67it/s] 13%|█▎        | 78/600 [00:45<04:43,  1.84it/s] 13%|█▎        | 79/600 [00:47<07:06,  1.22it/s] 13%|█▎        | 80/600 [00:47<05:19,  1.63it/s] 14%|█▎        | 81/600 [00:47<04:30,  1.92it/s] 14%|█▎        | 82/600 [00:47<03:43,  2.32it/s] 14%|█▍        | 83/600 [00:48<04:14,  2.03it/s] 14%|█▍        | 84/600 [00:49<05:52,  1.46it/s] 14%|█▍        | 85/600 [00:49<04:38,  1.85it/s] 14%|█▍        | 87/600 [00:49<02:54,  2.93it/s] 15%|█▍        | 88/600 [00:50<03:17,  2.60it/s] 15%|█▍        | 89/600 [00:51<03:31,  2.41it/s] 15%|█▌        | 91/600 [00:51<02:12,  3.85it/s] 15%|█▌        | 92/600 [00:51<03:15,  2.60it/s] 16%|█▌        | 94/600 [00:53<03:54,  2.16it/s] 16%|█▌        | 95/600 [00:53<03:42,  2.27it/s] 16%|█▌        | 96/600 [00:53<03:17,  2.55it/s] 16%|█▌        | 97/600 [00:54<03:53,  2.15it/s] 16%|█▋        | 99/600 [00:56<05:41,  1.47it/s] 17%|█▋        | 100/600 [00:56<04:39,  1.79it/s] 17%|█▋        | 101/600 [00:57<05:24,  1.54it/s] 17%|█▋        | 102/600 [00:57<04:54,  1.69it/s] 17%|█▋        | 103/600 [00:58<05:32,  1.50it/s] 17%|█▋        | 104/600 [00:58<04:39,  1.77it/s] 18%|█▊        | 105/600 [00:59<03:46,  2.19it/s] 18%|█▊        | 106/600 [00:59<03:04,  2.68it/s] 18%|█▊        | 107/600 [00:59<03:16,  2.51it/s] 18%|█▊        | 108/600 [01:00<03:33,  2.30it/s] 18%|█▊        | 109/600 [01:00<03:47,  2.16it/s] 18%|█▊        | 110/600 [01:01<03:36,  2.27it/s] 18%|█▊        | 111/600 [01:01<03:00,  2.70it/s] 19%|█▊        | 112/600 [01:01<02:51,  2.85it/s] 19%|█▉        | 113/600 [01:01<02:22,  3.42it/s] 19%|█▉        | 114/600 [01:02<04:00,  2.02it/s] 19%|█▉        | 115/600 [01:02<03:05,  2.61it/s] 19%|█▉        | 116/600 [01:05<07:35,  1.06it/s] 20%|█▉        | 117/600 [01:05<06:35,  1.22it/s] 20%|█▉        | 118/600 [01:06<06:24,  1.25it/s] 20%|██        | 121/600 [01:07<03:34,  2.23it/s] 20%|██        | 122/600 [01:07<04:03,  1.97it/s] 20%|██        | 123/600 [01:09<06:33,  1.21it/s] 21%|██        | 124/600 [01:09<05:10,  1.53it/s] 21%|██        | 125/600 [01:10<05:22,  1.47it/s] 21%|██        | 126/600 [01:10<04:08,  1.91it/s] 21%|██        | 127/600 [01:11<03:47,  2.08it/s] 21%|██▏       | 128/600 [01:11<03:02,  2.59it/s] 22%|██▏       | 129/600 [01:11<02:29,  3.15it/s] 22%|██▏       | 131/600 [01:11<02:02,  3.81it/s] 22%|██▏       | 132/600 [01:12<02:33,  3.05it/s] 22%|██▏       | 133/600 [01:12<02:22,  3.29it/s] 22%|██▎       | 135/600 [01:13<03:11,  2.43it/s] 23%|██▎       | 136/600 [01:13<02:51,  2.71it/s] 23%|██▎       | 139/600 [01:14<01:51,  4.14it/s] 23%|██▎       | 140/600 [01:14<02:09,  3.54it/s] 24%|██▎       | 141/600 [01:14<01:55,  3.97it/s] 24%|██▎       | 142/600 [01:15<02:37,  2.90it/s] 24%|██▍       | 144/600 [01:16<03:55,  1.93it/s] 24%|██▍       | 145/600 [01:17<03:54,  1.94it/s] 24%|██▍       | 146/600 [01:17<03:39,  2.07it/s] 24%|██▍       | 147/600 [01:18<03:20,  2.26it/s] 25%|██▍       | 148/600 [01:18<03:01,  2.49it/s] 25%|██▍       | 149/600 [01:19<03:33,  2.11it/s] 25%|██▌       | 150/600 [01:19<04:08,  1.81it/s] 25%|██▌       | 151/600 [01:20<05:02,  1.49it/s] 26%|██▌       | 153/600 [01:21<03:28,  2.15it/s] 26%|██▌       | 154/600 [01:21<03:32,  2.10it/s] 26%|██▌       | 155/600 [01:21<02:51,  2.59it/s] 26%|██▌       | 156/600 [01:23<05:03,  1.46it/s] 26%|██▋       | 158/600 [01:23<03:30,  2.10it/s] 26%|██▋       | 159/600 [01:24<03:23,  2.17it/s] 27%|██▋       | 160/600 [01:24<03:26,  2.14it/s] 27%|██▋       | 162/600 [01:25<02:48,  2.61it/s] 27%|██▋       | 163/600 [01:26<03:55,  1.85it/s] 27%|██▋       | 164/600 [01:27<05:40,  1.28it/s] 28%|██▊       | 165/600 [01:30<08:35,  1.19s/it] 28%|██▊       | 166/600 [01:30<07:27,  1.03s/it] 28%|██▊       | 167/600 [01:31<06:25,  1.12it/s] 28%|██▊       | 168/600 [01:31<04:53,  1.47it/s] 28%|██▊       | 170/600 [01:31<03:09,  2.27it/s] 28%|██▊       | 171/600 [01:32<04:35,  1.56it/s] 29%|██▊       | 172/600 [01:33<03:57,  1.80it/s] 29%|██▉       | 173/600 [01:33<03:22,  2.10it/s] 29%|██▉       | 174/600 [01:33<03:00,  2.36it/s] 29%|██▉       | 176/600 [01:34<02:51,  2.48it/s] 30%|██▉       | 179/600 [01:34<01:36,  4.38it/s] 30%|███       | 180/600 [01:35<02:32,  2.75it/s] 30%|███       | 181/600 [01:36<02:48,  2.49it/s] 30%|███       | 182/600 [01:36<02:42,  2.57it/s] 31%|███       | 184/600 [01:36<01:53,  3.65it/s] 31%|███       | 186/600 [01:37<01:53,  3.66it/s] 31%|███       | 187/600 [01:37<01:54,  3.62it/s] 32%|███▏      | 189/600 [01:38<02:33,  2.68it/s] 32%|███▏      | 190/600 [01:39<02:52,  2.38it/s] 32%|███▏      | 191/600 [01:40<04:29,  1.52it/s] 32%|███▏      | 192/600 [01:41<04:16,  1.59it/s] 32%|███▏      | 193/600 [01:41<04:14,  1.60it/s] 32%|███▏      | 194/600 [01:42<03:31,  1.92it/s] 32%|███▎      | 195/600 [01:42<02:53,  2.34it/s] 33%|███▎      | 196/600 [01:42<03:11,  2.11it/s] 33%|███▎      | 197/600 [01:44<05:06,  1.31it/s] 33%|███▎      | 198/600 [01:45<05:08,  1.30it/s] 33%|███▎      | 199/600 [01:45<04:07,  1.62it/s] 33%|███▎      | 200/600 [01:45<03:34,  1.86it/s] 34%|███▎      | 201/600 [01:46<04:52,  1.36it/s] 34%|███▎      | 202/600 [01:47<03:46,  1.75it/s] 34%|███▍      | 203/600 [01:47<03:09,  2.09it/s] 34%|███▍      | 204/600 [01:47<02:51,  2.30it/s] 34%|███▍      | 205/600 [01:48<03:04,  2.14it/s] 34%|███▍      | 206/600 [01:48<02:24,  2.73it/s] 35%|███▍      | 208/600 [01:48<01:54,  3.41it/s] 35%|███▌      | 210/600 [01:48<01:19,  4.94it/s] 35%|███▌      | 211/600 [01:49<01:29,  4.37it/s] 36%|███▌      | 213/600 [01:49<01:16,  5.05it/s] 36%|███▌      | 214/600 [01:49<01:18,  4.90it/s] 36%|███▌      | 215/600 [01:49<01:11,  5.35it/s] 36%|███▌      | 216/600 [01:51<02:43,  2.35it/s] 36%|███▌      | 217/600 [01:51<02:16,  2.81it/s] 36%|███▋      | 218/600 [01:51<02:54,  2.18it/s] 36%|███▋      | 219/600 [01:52<02:22,  2.67it/s] 37%|███▋      | 220/600 [01:52<02:19,  2.73it/s] 37%|███▋      | 221/600 [01:52<02:00,  3.15it/s] 37%|███▋      | 222/600 [01:55<06:32,  1.04s/it] 37%|███▋      | 223/600 [01:55<04:48,  1.31it/s] 37%|███▋      | 224/600 [01:57<07:03,  1.13s/it] 38%|███▊      | 225/600 [01:58<07:16,  1.16s/it] 38%|███▊      | 226/600 [02:00<07:55,  1.27s/it] 38%|███▊      | 227/600 [02:02<08:51,  1.42s/it] 38%|███▊      | 228/600 [02:02<06:39,  1.07s/it] 38%|███▊      | 229/600 [02:03<05:56,  1.04it/s] 38%|███▊      | 230/600 [02:03<04:39,  1.33it/s] 38%|███▊      | 231/600 [02:03<03:55,  1.56it/s] 39%|███▊      | 232/600 [02:04<04:23,  1.40it/s] 39%|███▉      | 233/600 [02:05<05:06,  1.20it/s] 39%|███▉      | 234/600 [02:06<04:48,  1.27it/s] 39%|███▉      | 235/600 [02:06<03:44,  1.63it/s] 40%|███▉      | 237/600 [02:07<02:37,  2.30it/s] 40%|███▉      | 238/600 [02:07<03:10,  1.90it/s] 40%|███▉      | 239/600 [02:08<03:09,  1.91it/s] 40%|████      | 240/600 [02:11<07:04,  1.18s/it] 40%|████      | 241/600 [02:12<06:26,  1.08s/it] 40%|████      | 242/600 [02:13<06:13,  1.04s/it] 40%|████      | 243/600 [02:13<04:50,  1.23it/s] 41%|████      | 244/600 [02:13<04:07,  1.44it/s] 41%|████      | 245/600 [02:13<03:23,  1.75it/s] 41%|████      | 246/600 [02:14<02:42,  2.18it/s] 41%|████▏     | 248/600 [02:14<01:51,  3.15it/s] 42%|████▏     | 249/600 [02:14<01:46,  3.30it/s] 42%|████▏     | 250/600 [02:15<02:29,  2.34it/s] 42%|████▏     | 251/600 [02:15<02:04,  2.80it/s] 42%|████▏     | 252/600 [02:16<02:19,  2.49it/s] 42%|████▎     | 255/600 [02:16<01:10,  4.89it/s] 43%|████▎     | 257/600 [02:16<01:13,  4.64it/s] 43%|████▎     | 258/600 [02:17<01:13,  4.65it/s] 43%|████▎     | 259/600 [02:17<01:08,  4.95it/s] 43%|████▎     | 260/600 [02:17<01:14,  4.56it/s] 44%|████▎     | 261/600 [02:17<01:04,  5.24it/s] 44%|████▎     | 262/600 [02:18<01:31,  3.70it/s] 44%|████▍     | 263/600 [02:19<02:43,  2.07it/s] 44%|████▍     | 265/600 [02:19<02:07,  2.63it/s] 44%|████▍     | 266/600 [02:21<04:33,  1.22it/s] 45%|████▍     | 268/600 [02:22<03:06,  1.78it/s] 45%|████▌     | 270/600 [02:22<02:06,  2.60it/s] 45%|████▌     | 271/600 [02:22<01:57,  2.80it/s] 45%|████▌     | 272/600 [02:23<03:12,  1.71it/s] 46%|████▌     | 273/600 [02:24<02:35,  2.10it/s] 46%|████▌     | 274/600 [02:24<02:22,  2.29it/s] 46%|████▌     | 275/600 [02:24<02:26,  2.22it/s] 46%|████▌     | 276/600 [02:26<04:34,  1.18it/s] 46%|████▌     | 277/600 [02:27<03:54,  1.38it/s] 46%|████▋     | 278/600 [02:27<03:23,  1.58it/s] 46%|████▋     | 279/600 [02:28<03:31,  1.52it/s] 47%|████▋     | 281/600 [02:30<04:01,  1.32it/s] 47%|████▋     | 282/600 [02:31<04:30,  1.18it/s] 47%|████▋     | 283/600 [02:31<03:34,  1.48it/s] 47%|████▋     | 284/600 [02:31<02:50,  1.85it/s] 48%|████▊     | 285/600 [02:31<02:12,  2.38it/s] 48%|████▊     | 287/600 [02:32<01:59,  2.62it/s] 48%|████▊     | 288/600 [02:33<03:05,  1.68it/s] 48%|████▊     | 289/600 [02:33<02:28,  2.10it/s] 48%|████▊     | 290/600 [02:34<02:19,  2.22it/s] 49%|████▉     | 293/600 [02:34<01:11,  4.29it/s] 49%|████▉     | 294/600 [02:34<01:29,  3.43it/s] 49%|████▉     | 295/600 [02:35<02:31,  2.01it/s] 50%|████▉     | 297/600 [02:36<01:57,  2.57it/s] 50%|████▉     | 298/600 [02:36<01:41,  2.96it/s] 50%|████▉     | 299/600 [02:37<02:53,  1.73it/s] 50%|█████     | 300/600 [02:38<02:41,  1.85it/s] 50%|█████     | 301/600 [02:40<04:14,  1.17it/s] 50%|█████     | 302/600 [02:40<04:18,  1.15it/s] 51%|█████     | 304/600 [02:42<04:24,  1.12it/s] 51%|█████     | 306/600 [02:43<02:52,  1.71it/s] 51%|█████▏    | 308/600 [02:43<01:56,  2.50it/s] 52%|█████▏    | 310/600 [02:43<01:43,  2.81it/s] 52%|█████▏    | 311/600 [02:45<03:01,  1.60it/s] 52%|█████▏    | 312/600 [02:46<03:56,  1.22it/s] 52%|█████▏    | 313/600 [02:48<05:17,  1.11s/it] 52%|█████▏    | 314/600 [02:49<05:01,  1.05s/it] 52%|█████▎    | 315/600 [02:51<05:40,  1.19s/it] 53%|█████▎    | 317/600 [02:51<03:31,  1.34it/s] 53%|█████▎    | 318/600 [02:51<02:48,  1.68it/s] 53%|█████▎    | 320/600 [02:52<01:52,  2.50it/s] 54%|█████▎    | 321/600 [02:52<01:58,  2.35it/s] 54%|█████▎    | 322/600 [02:53<01:58,  2.36it/s] 54%|█████▍    | 323/600 [02:53<02:01,  2.29it/s] 54%|█████▍    | 324/600 [02:54<02:26,  1.88it/s] 54%|█████▍    | 325/600 [02:55<03:33,  1.29it/s] 54%|█████▍    | 326/600 [02:56<04:04,  1.12it/s] 55%|█████▍    | 327/600 [02:57<03:44,  1.22it/s] 55%|█████▍    | 328/600 [02:57<02:49,  1.61it/s] 55%|█████▌    | 330/600 [02:58<02:02,  2.21it/s] 55%|█████▌    | 331/600 [02:58<02:03,  2.18it/s] 55%|█████▌    | 332/600 [02:58<01:54,  2.34it/s] 56%|█████▌    | 333/600 [02:59<01:39,  2.67it/s] 56%|█████▌    | 334/600 [02:59<01:33,  2.84it/s] 56%|█████▌    | 335/600 [03:00<01:57,  2.25it/s] 56%|█████▌    | 337/600 [03:02<03:00,  1.46it/s] 56%|█████▋    | 338/600 [03:02<02:42,  1.62it/s] 56%|█████▋    | 339/600 [03:02<02:25,  1.79it/s] 57%|█████▋    | 340/600 [03:03<02:05,  2.08it/s] 57%|█████▋    | 342/600 [03:03<01:45,  2.44it/s] 57%|█████▋    | 343/600 [03:04<01:48,  2.38it/s] 57%|█████▋    | 344/600 [03:04<01:27,  2.93it/s] 57%|█████▊    | 345/600 [03:04<01:24,  3.03it/s] 58%|█████▊    | 346/600 [03:05<01:32,  2.76it/s] 58%|█████▊    | 348/600 [03:05<01:21,  3.09it/s] 58%|█████▊    | 349/600 [03:06<01:26,  2.90it/s] 58%|█████▊    | 351/600 [03:06<01:20,  3.10it/s] 59%|█████▊    | 352/600 [03:07<01:28,  2.80it/s] 59%|█████▉    | 353/600 [03:07<01:37,  2.54it/s] 59%|█████▉    | 354/600 [03:08<02:13,  1.85it/s] 59%|█████▉    | 355/600 [03:09<02:27,  1.66it/s] 60%|█████▉    | 357/600 [03:09<01:38,  2.47it/s] 60%|█████▉    | 359/600 [03:09<01:11,  3.37it/s] 60%|██████    | 360/600 [03:10<01:05,  3.69it/s] 60%|██████    | 361/600 [03:10<01:19,  3.02it/s] 60%|██████    | 363/600 [03:10<00:56,  4.23it/s] 61%|██████    | 365/600 [03:10<00:40,  5.82it/s] 61%|██████    | 366/600 [03:11<01:01,  3.82it/s] 61%|██████    | 367/600 [03:11<01:02,  3.74it/s] 62%|██████▏   | 369/600 [03:13<01:48,  2.13it/s] 62%|██████▏   | 370/600 [03:13<01:29,  2.57it/s] 62%|██████▏   | 371/600 [03:13<01:18,  2.90it/s] 62%|██████▏   | 372/600 [03:13<01:08,  3.34it/s] 62%|██████▏   | 373/600 [03:14<01:24,  2.70it/s] 62%|██████▏   | 374/600 [03:14<01:23,  2.72it/s] 62%|██████▎   | 375/600 [03:15<01:45,  2.13it/s] 63%|██████▎   | 377/600 [03:17<02:51,  1.30it/s] 63%|██████▎   | 378/600 [03:18<02:20,  1.58it/s] 63%|██████▎   | 379/600 [03:18<02:04,  1.78it/s] 63%|██████▎   | 380/600 [03:18<01:39,  2.20it/s] 64%|██████▎   | 381/600 [03:18<01:21,  2.70it/s] 64%|██████▎   | 382/600 [03:19<01:26,  2.52it/s] 64%|██████▍   | 384/600 [03:20<01:37,  2.22it/s] 64%|██████▍   | 386/600 [03:21<01:33,  2.29it/s] 65%|██████▍   | 388/600 [03:22<01:39,  2.14it/s] 65%|██████▍   | 389/600 [03:22<01:51,  1.89it/s] 65%|██████▌   | 391/600 [03:23<01:52,  1.85it/s] 65%|██████▌   | 392/600 [03:24<01:59,  1.74it/s] 66%|██████▌   | 393/600 [03:25<01:59,  1.73it/s] 66%|██████▌   | 394/600 [03:25<02:02,  1.68it/s] 66%|██████▌   | 395/600 [03:26<01:49,  1.88it/s] 66%|██████▌   | 397/600 [03:26<01:08,  2.95it/s] 66%|██████▋   | 398/600 [03:27<01:23,  2.42it/s] 67%|██████▋   | 400/600 [03:27<00:57,  3.46it/s] 67%|██████▋   | 401/600 [03:27<00:51,  3.86it/s] 67%|██████▋   | 402/600 [03:28<01:11,  2.77it/s] 67%|██████▋   | 403/600 [03:29<01:45,  1.87it/s] 67%|██████▋   | 404/600 [03:31<02:57,  1.11it/s] 68%|██████▊   | 406/600 [03:31<01:55,  1.68it/s] 68%|██████▊   | 407/600 [03:31<01:35,  2.02it/s] 68%|██████▊   | 408/600 [03:32<01:34,  2.02it/s] 68%|██████▊   | 409/600 [03:32<01:40,  1.91it/s] 68%|██████▊   | 410/600 [03:33<02:04,  1.53it/s] 69%|██████▊   | 412/600 [03:35<02:04,  1.51it/s] 69%|██████▉   | 414/600 [03:35<01:47,  1.73it/s] 69%|██████▉   | 415/600 [03:36<01:42,  1.80it/s] 69%|██████▉   | 416/600 [03:37<02:06,  1.45it/s] 70%|██████▉   | 417/600 [03:37<01:46,  1.71it/s] 70%|██████▉   | 418/600 [03:38<02:05,  1.44it/s] 70%|██████▉   | 419/600 [03:40<02:45,  1.09it/s] 70%|███████   | 420/600 [03:40<02:10,  1.38it/s] 70%|███████   | 421/600 [03:41<02:13,  1.35it/s] 70%|███████   | 422/600 [03:41<01:39,  1.79it/s] 70%|███████   | 423/600 [03:41<01:17,  2.27it/s] 71%|███████   | 424/600 [03:41<01:03,  2.78it/s] 71%|███████   | 425/600 [03:42<00:55,  3.16it/s] 71%|███████   | 426/600 [03:42<01:00,  2.90it/s] 71%|███████▏  | 428/600 [03:42<00:51,  3.32it/s] 72%|███████▏  | 429/600 [03:43<00:55,  3.06it/s] 72%|███████▏  | 430/600 [03:43<01:08,  2.47it/s] 72%|███████▏  | 431/600 [03:44<01:16,  2.21it/s] 72%|███████▏  | 432/600 [03:45<01:23,  2.02it/s] 72%|███████▏  | 434/600 [03:45<00:54,  3.05it/s] 73%|███████▎  | 436/600 [03:45<00:51,  3.19it/s] 73%|███████▎  | 437/600 [03:47<01:25,  1.91it/s] 73%|███████▎  | 439/600 [03:47<01:01,  2.62it/s] 73%|███████▎  | 440/600 [03:47<01:03,  2.54it/s] 74%|███████▎  | 441/600 [03:48<00:57,  2.78it/s] 74%|███████▎  | 442/600 [03:50<02:11,  1.21it/s] 74%|███████▍  | 443/600 [03:50<01:45,  1.49it/s] 74%|███████▍  | 444/600 [03:50<01:20,  1.93it/s] 74%|███████▍  | 446/600 [03:50<00:49,  3.10it/s] 74%|███████▍  | 447/600 [03:51<01:14,  2.05it/s] 75%|███████▍  | 448/600 [03:52<01:03,  2.40it/s] 75%|███████▍  | 449/600 [03:53<01:24,  1.79it/s] 75%|███████▌  | 450/600 [03:54<01:42,  1.46it/s] 75%|███████▌  | 452/600 [03:54<01:07,  2.19it/s] 76%|███████▌  | 453/600 [03:55<01:18,  1.86it/s] 76%|███████▌  | 454/600 [03:55<01:04,  2.27it/s] 76%|███████▌  | 455/600 [03:55<01:06,  2.19it/s] 76%|███████▌  | 457/600 [03:56<00:55,  2.56it/s] 76%|███████▋  | 458/600 [03:57<01:03,  2.24it/s] 76%|███████▋  | 459/600 [03:57<01:02,  2.26it/s] 77%|███████▋  | 461/600 [03:58<00:58,  2.36it/s] 77%|███████▋  | 462/600 [03:58<00:50,  2.72it/s] 77%|███████▋  | 463/600 [03:58<00:47,  2.91it/s] 77%|███████▋  | 464/600 [03:59<00:55,  2.45it/s] 78%|███████▊  | 465/600 [04:00<01:32,  1.46it/s] 78%|███████▊  | 466/600 [04:01<01:30,  1.49it/s] 78%|███████▊  | 467/600 [04:02<01:34,  1.40it/s] 78%|███████▊  | 468/600 [04:02<01:15,  1.74it/s] 78%|███████▊  | 469/600 [04:03<01:14,  1.76it/s] 78%|███████▊  | 470/600 [04:03<01:06,  1.96it/s] 79%|███████▊  | 472/600 [04:03<00:47,  2.67it/s] 79%|███████▉  | 473/600 [04:04<00:42,  2.96it/s] 79%|███████▉  | 474/600 [04:04<00:48,  2.61it/s] 79%|███████▉  | 475/600 [04:06<01:44,  1.20it/s] 79%|███████▉  | 476/600 [04:06<01:25,  1.45it/s] 80%|███████▉  | 478/600 [04:07<00:51,  2.35it/s] 80%|███████▉  | 479/600 [04:08<01:14,  1.63it/s] 80%|████████  | 480/600 [04:09<01:15,  1.58it/s] 80%|████████  | 481/600 [04:09<01:10,  1.70it/s] 80%|████████  | 482/600 [04:10<01:14,  1.59it/s] 81%|████████  | 484/600 [04:10<00:52,  2.20it/s] 81%|████████  | 485/600 [04:11<00:54,  2.12it/s] 81%|████████  | 487/600 [04:11<00:43,  2.59it/s] 81%|████████▏ | 488/600 [04:11<00:37,  2.97it/s] 82%|████████▏ | 489/600 [04:12<00:33,  3.36it/s] 82%|████████▏ | 490/600 [04:12<00:32,  3.44it/s] 82%|████████▏ | 492/600 [04:12<00:26,  4.02it/s] 82%|████████▏ | 493/600 [04:13<00:38,  2.80it/s] 82%|████████▏ | 494/600 [04:13<00:33,  3.18it/s] 82%|████████▎ | 495/600 [04:14<00:34,  3.09it/s] 83%|████████▎ | 497/600 [04:14<00:35,  2.89it/s] 83%|████████▎ | 498/600 [04:15<00:47,  2.13it/s] 83%|████████▎ | 499/600 [04:15<00:40,  2.47it/s] 83%|████████▎ | 500/600 [04:16<00:34,  2.93it/s] 84%|████████▎ | 501/600 [04:16<00:30,  3.24it/s] 84%|████████▍ | 503/600 [04:16<00:20,  4.84it/s] 84%|████████▍ | 504/600 [04:16<00:24,  3.86it/s] 84%|████████▍ | 505/600 [04:17<00:30,  3.12it/s] 84%|████████▍ | 506/600 [04:17<00:36,  2.58it/s] 85%|████████▍ | 508/600 [04:18<00:29,  3.17it/s] 85%|████████▍ | 509/600 [04:18<00:30,  2.97it/s] 85%|████████▌ | 510/600 [04:19<00:34,  2.62it/s] 85%|████████▌ | 511/600 [04:19<00:31,  2.80it/s] 85%|████████▌ | 512/600 [04:20<00:37,  2.37it/s] 86%|████████▌ | 513/600 [04:21<01:05,  1.34it/s] 86%|████████▌ | 515/600 [04:22<00:50,  1.69it/s] 86%|████████▌ | 516/600 [04:22<00:41,  2.02it/s] 86%|████████▌ | 517/600 [04:24<01:00,  1.38it/s] 86%|████████▋ | 518/600 [04:24<00:59,  1.37it/s] 86%|████████▋ | 519/600 [04:25<01:06,  1.21it/s] 87%|████████▋ | 520/600 [04:26<00:53,  1.50it/s] 87%|████████▋ | 521/600 [04:27<00:57,  1.37it/s] 87%|████████▋ | 522/600 [04:27<00:42,  1.82it/s] 87%|████████▋ | 523/600 [04:28<01:00,  1.26it/s] 87%|████████▋ | 524/600 [04:29<00:58,  1.31it/s] 88%|████████▊ | 525/600 [04:30<01:16,  1.01s/it] 88%|████████▊ | 526/600 [04:31<01:00,  1.22it/s] 88%|████████▊ | 527/600 [04:31<00:55,  1.32it/s] 88%|████████▊ | 528/600 [04:32<00:57,  1.25it/s] 88%|████████▊ | 530/600 [04:33<00:46,  1.51it/s] 88%|████████▊ | 531/600 [04:34<00:50,  1.36it/s] 89%|████████▊ | 532/600 [04:35<00:46,  1.45it/s] 89%|████████▉ | 534/600 [04:36<00:43,  1.50it/s] 89%|████████▉ | 535/600 [04:37<00:52,  1.25it/s] 89%|████████▉ | 536/600 [04:37<00:40,  1.59it/s] 90%|████████▉ | 538/600 [04:38<00:25,  2.39it/s] 90%|████████▉ | 539/600 [04:39<00:31,  1.91it/s] 90%|█████████ | 540/600 [04:39<00:28,  2.07it/s] 90%|█████████ | 542/600 [04:39<00:18,  3.06it/s] 90%|█████████ | 543/600 [04:39<00:18,  3.16it/s] 91%|█████████ | 544/600 [04:40<00:18,  3.06it/s] 91%|█████████ | 545/600 [04:40<00:15,  3.51it/s] 91%|█████████ | 546/600 [04:41<00:20,  2.66it/s] 91%|█████████ | 547/600 [04:41<00:18,  2.90it/s] 91%|█████████▏| 548/600 [04:42<00:23,  2.21it/s] 92%|█████████▏| 549/600 [04:42<00:22,  2.27it/s] 92%|█████████▏| 550/600 [04:42<00:17,  2.84it/s] 92%|█████████▏| 551/600 [04:44<00:34,  1.43it/s] 92%|█████████▏| 552/600 [04:44<00:31,  1.51it/s] 92%|█████████▏| 553/600 [04:45<00:40,  1.17it/s] 92%|█████████▎| 555/600 [04:47<00:32,  1.37it/s] 93%|█████████▎| 556/600 [04:47<00:27,  1.60it/s] 93%|█████████▎| 557/600 [04:47<00:21,  1.96it/s] 93%|█████████▎| 558/600 [04:48<00:28,  1.46it/s] 93%|█████████▎| 559/600 [04:49<00:30,  1.35it/s] 93%|█████████▎| 560/600 [04:49<00:22,  1.74it/s] 94%|█████████▎| 561/600 [04:49<00:17,  2.23it/s] 94%|█████████▎| 562/600 [04:50<00:15,  2.52it/s] 94%|█████████▍| 563/600 [04:50<00:16,  2.30it/s] 94%|█████████▍| 564/600 [04:51<00:21,  1.69it/s] 94%|█████████▍| 565/600 [04:51<00:15,  2.23it/s] 94%|█████████▍| 567/600 [04:53<00:18,  1.81it/s] 95%|█████████▍| 568/600 [04:53<00:19,  1.65it/s] 95%|█████████▍| 569/600 [04:55<00:25,  1.23it/s] 95%|█████████▌| 571/600 [04:55<00:15,  1.86it/s] 95%|█████████▌| 572/600 [04:55<00:13,  2.11it/s] 96%|█████████▌| 573/600 [04:56<00:14,  1.92it/s] 96%|█████████▌| 574/600 [04:57<00:13,  1.96it/s] 96%|█████████▌| 575/600 [04:57<00:11,  2.18it/s] 96%|█████████▌| 576/600 [04:57<00:10,  2.20it/s] 96%|█████████▌| 577/600 [04:58<00:08,  2.60it/s] 96%|█████████▋| 578/600 [04:58<00:06,  3.27it/s] 96%|█████████▋| 579/600 [04:58<00:08,  2.54it/s] 97%|█████████▋| 581/600 [04:59<00:07,  2.55it/s] 97%|█████████▋| 582/600 [04:59<00:06,  2.99it/s] 97%|█████████▋| 583/600 [05:00<00:07,  2.16it/s] 97%|█████████▋| 584/600 [05:00<00:06,  2.66it/s] 98%|█████████▊| 585/600 [05:02<00:10,  1.44it/s] 98%|█████████▊| 586/600 [05:03<00:11,  1.17it/s] 98%|█████████▊| 587/600 [12:28<28:01, 129.37s/it]output.error='Traceback (most recent call last):\n  File "/opt/venv/lib/python3.10/site-packages/aiohttp/client_proto.py", line 144, in connection_lost\n    uncompleted = self._parser.feed_eof()\n  File "aiohttp/_http_parser.pyx", line 508, in aiohttp._http_parser.HttpParser.feed_eof\naiohttp.http_exceptions.TransferEncodingError: 400, message:\n  Not enough data to satisfy transfer length header.\n\nThe above exception was the direct cause of the following exception:\n\nTraceback (most recent call last):\n  File "/sgl-workspace/sglang/python/sglang/bench_serving.py", line 545, in async_request_sglang_generate\n    async for chunk_bytes in response.content:\n  File "/opt/venv/lib/python3.10/site-packages/aiohttp/streams.py", line 52, in __anext__\n    rv = await self.read_func()\n  File "/opt/venv/lib/python3.10/site-packages/aiohttp/streams.py", line 352, in readline\n    return await self.readuntil()\n  File "/opt/venv/lib/python3.10/site-packages/aiohttp/streams.py", line 386, in readuntil\n    await self._wait("readuntil")\n  File "/opt/venv/lib/python3.10/site-packages/aiohttp/streams.py", line 347, in _wait\n    await waiter\naiohttp.client_exceptions.ClientPayloadError: Response payload is not completed: <TransferEncodingError: 400, message=\'Not enough data to satisfy transfer length header.\'>\n'
output.error='Traceback (most recent call last):\n  File "/opt/venv/lib/python3.10/site-packages/aiohttp/client_proto.py", line 144, in connection_lost\n    uncompleted = self._parser.feed_eof()\n  File "aiohttp/_http_parser.pyx", line 508, in aiohttp._http_parser.HttpParser.feed_eof\naiohttp.http_exceptions.TransferEncodingError: 400, message:\n  Not enough data to satisfy transfer length header.\n\nThe above exception was the direct cause of the following exception:\n\nTraceback (most recent call last):\n  File "/sgl-workspace/sglang/python/sglang/bench_serving.py", line 545, in async_request_sglang_generate\n    async for chunk_bytes in response.content:\n  File "/opt/venv/lib/python3.10/site-packages/aiohttp/streams.py", line 52, in __anext__\n    rv = await self.read_func()\n  File "/opt/venv/lib/python3.10/site-packages/aiohttp/streams.py", line 352, in readline\n    return await self.readuntil()\n  File "/opt/venv/lib/python3.10/site-packages/aiohttp/streams.py", line 386, in readuntil\n    await self._wait("readuntil")\n  File "/opt/venv/lib/python3.10/site-packages/aiohttp/streams.py", line 347, in _wait\n    await waiter\naiohttp.client_exceptions.ClientPayloadError: Response payload is not completed: <TransferEncodingError: 400, message=\'Not enough data to satisfy transfer length header.\'>\n'
output.error='Traceback (most recent call last):\n  File "/opt/venv/lib/python3.10/site-packages/aiohttp/client_proto.py", line 144, in connection_lost\n    uncompleted = self._parser.feed_eof()\n  File "aiohttp/_http_parser.pyx", line 508, in aiohttp._http_parser.HttpParser.feed_eof\naiohttp.http_exceptions.TransferEncodingError: 400, message:\n  Not enough data to satisfy transfer length header.\n\nThe above exception was the direct cause of the following exception:\n\nTraceback (most recent call last):\n  File "/sgl-workspace/sglang/python/sglang/bench_serving.py", line 545, in async_request_sglang_generate\n    async for chunk_bytes in response.content:\n  File "/opt/venv/lib/python3.10/site-packages/aiohttp/streams.py", line 52, in __anext__\n    rv = await self.read_func()\n  File "/opt/venv/lib/python3.10/site-packages/aiohttp/streams.py", line 352, in readline\n    return await self.readuntil()\n  File "/opt/venv/lib/python3.10/site-packages/aiohttp/streams.py", line 386, in readuntil\n    await self._wait("readuntil")\n  File "/opt/venv/lib/python3.10/site-packages/aiohttp/streams.py", line 347, in _wait\n    await waiter\naiohttp.client_exceptions.ClientPayloadError: Response payload is not completed: <TransferEncodingError: 400, message=\'Not enough data to satisfy transfer length header.\'>\n'
output.error='Traceback (most recent call last):\n  File "/opt/venv/lib/python3.10/site-packages/aiohttp/client_proto.py", line 144, in connection_lost\n    uncompleted = self._parser.feed_eof()\n  File "aiohttp/_http_parser.pyx", line 508, in aiohttp._http_parser.HttpParser.feed_eof\naiohttp.http_exceptions.TransferEncodingError: 400, message:\n  Not enough data to satisfy transfer length header.\n\nThe above exception was the direct cause of the following exception:\n\nTraceback (most recent call last):\n  File "/sgl-workspace/sglang/python/sglang/bench_serving.py", line 545, in async_request_sglang_generate\n    async for chunk_bytes in response.content:\n  File "/opt/venv/lib/python3.10/site-packages/aiohttp/streams.py", line 52, in __anext__\n    rv = await self.read_func()\n  File "/opt/venv/lib/python3.10/site-packages/aiohttp/streams.py", line 352, in readline\n    return await self.readuntil()\n  File "/opt/venv/lib/python3.10/site-packages/aiohttp/streams.py", line 386, in readuntil\n    await self._wait("readuntil")\n  File "/opt/venv/lib/python3.10/site-packages/aiohttp/streams.py", line 347, in _wait\n    await waiter\naiohttp.client_exceptions.ClientPayloadError: Response payload is not completed: <TransferEncodingError: 400, message=\'Not enough data to satisfy transfer length header.\'>\n'
output.error='Traceback (most recent call last):\n  File "/opt/venv/lib/python3.10/site-packages/aiohttp/client_proto.py", line 144, in connection_lost\n    uncompleted = self._parser.feed_eof()\n  File "aiohttp/_http_parser.pyx", line 508, in aiohttp._http_parser.HttpParser.feed_eof\naiohttp.http_exceptions.TransferEncodingError: 400, message:\n  Not enough data to satisfy transfer length header.\n\nThe above exception was the direct cause of the following exception:\n\nTraceback (most recent call last):\n  File "/sgl-workspace/sglang/python/sglang/bench_serving.py", line 545, in async_request_sglang_generate\n    async for chunk_bytes in response.content:\n  File "/opt/venv/lib/python3.10/site-packages/aiohttp/streams.py", line 52, in __anext__\n    rv = await self.read_func()\n  File "/opt/venv/lib/python3.10/site-packages/aiohttp/streams.py", line 352, in readline\n    return await self.readuntil()\n  File "/opt/venv/lib/python3.10/site-packages/aiohttp/streams.py", line 386, in readuntil\n    await self._wait("readuntil")\n  File "/opt/venv/lib/python3.10/site-packages/aiohttp/streams.py", line 347, in _wait\n    await waiter\naiohttp.client_exceptions.ClientPayloadError: Response payload is not completed: <TransferEncodingError: 400, message=\'Not enough data to satisfy transfer length header.\'>\n'
output.error='Traceback (most recent call last):\n  File "/opt/venv/lib/python3.10/site-packages/aiohttp/client_proto.py", line 144, in connection_lost\n    uncompleted = self._parser.feed_eof()\n  File "aiohttp/_http_parser.pyx", line 508, in aiohttp._http_parser.HttpParser.feed_eof\naiohttp.http_exceptions.TransferEncodingError: 400, message:\n  Not enough data to satisfy transfer length header.\n\nThe above exception was the direct cause of the following exception:\n\nTraceback (most recent call last):\n  File "/sgl-workspace/sglang/python/sglang/bench_serving.py", line 545, in async_request_sglang_generate\n    async for chunk_bytes in response.content:\n  File "/opt/venv/lib/python3.10/site-packages/aiohttp/streams.py", line 52, in __anext__\n    rv = await self.read_func()\n  File "/opt/venv/lib/python3.10/site-packages/aiohttp/streams.py", line 352, in readline\n    return await self.readuntil()\n  File "/opt/venv/lib/python3.10/site-packages/aiohttp/streams.py", line 386, in readuntil\n    await self._wait("readuntil")\n  File "/opt/venv/lib/python3.10/site-packages/aiohttp/streams.py", line 347, in _wait\n    await waiter\naiohttp.client_exceptions.ClientPayloadError: Response payload is not completed: <TransferEncodingError: 400, message=\'Not enough data to satisfy transfer length header.\'>\n'
output.error='Traceback (most recent call last):\n  File "/opt/venv/lib/python3.10/site-packages/aiohttp/client_proto.py", line 144, in connection_lost\n    uncompleted = self._parser.feed_eof()\n  File "aiohttp/_http_parser.pyx", line 508, in aiohttp._http_parser.HttpParser.feed_eof\naiohttp.http_exceptions.TransferEncodingError: 400, message:\n  Not enough data to satisfy transfer length header.\n\nThe above exception was the direct cause of the following exception:\n\nTraceback (most recent call last):\n  File "/sgl-workspace/sglang/python/sglang/bench_serving.py", line 545, in async_request_sglang_generate\n    async for chunk_bytes in response.content:\n  File "/opt/venv/lib/python3.10/site-packages/aiohttp/streams.py", line 52, in __anext__\n    rv = await self.read_func()\n  File "/opt/venv/lib/python3.10/site-packages/aiohttp/streams.py", line 352, in readline\n    return await self.readuntil()\n  File "/opt/venv/lib/python3.10/site-packages/aiohttp/streams.py", line 386, in readuntil\n    await self._wait("readuntil")\n  File "/opt/venv/lib/python3.10/site-packages/aiohttp/streams.py", line 347, in _wait\n    await waiter\naiohttp.client_exceptions.ClientPayloadError: Response payload is not completed: <TransferEncodingError: 400, message=\'Not enough data to satisfy transfer length header.\'>\n'
output.error='Traceback (most recent call last):\n  File "/opt/venv/lib/python3.10/site-packages/aiohttp/client_proto.py", line 144, in connection_lost\n    uncompleted = self._parser.feed_eof()\n  File "aiohttp/_http_parser.pyx", line 508, in aiohttp._http_parser.HttpParser.feed_eof\naiohttp.http_exceptions.TransferEncodingError: 400, message:\n  Not enough data to satisfy transfer length header.\n\nThe above exception was the direct cause of the following exception:\n\nTraceback (most recent call last):\n  File "/sgl-workspace/sglang/python/sglang/bench_serving.py", line 545, in async_request_sglang_generate\n    async for chunk_bytes in response.content:\n  File "/opt/venv/lib/python3.10/site-packages/aiohttp/streams.py", line 52, in __anext__\n    rv = await self.read_func()\n  File "/opt/venv/lib/python3.10/site-packages/aiohttp/streams.py", line 352, in readline\n    return await self.readuntil()\n  File "/opt/venv/lib/python3.10/site-packages/aiohttp/streams.py", line 386, in readuntil\n    await self._wait("readuntil")\n  File "/opt/venv/lib/python3.10/site-packages/aiohttp/streams.py", line 347, in _wait\n    await waiter\naiohttp.client_exceptions.ClientPayloadError: Response payload is not completed: <TransferEncodingError: 400, message=\'Not enough data to satisfy transfer length header.\'>\n'
output.error='Traceback (most recent call last):\n  File "/opt/venv/lib/python3.10/site-packages/aiohttp/client_proto.py", line 144, in connection_lost\n    uncompleted = self._parser.feed_eof()\n  File "aiohttp/_http_parser.pyx", line 508, in aiohttp._http_parser.HttpParser.feed_eof\naiohttp.http_exceptions.TransferEncodingError: 400, message:\n  Not enough data to satisfy transfer length header.\n\nThe above exception was the direct cause of the following exception:\n\nTraceback (most recent call last):\n  File "/sgl-workspace/sglang/python/sglang/bench_serving.py", line 545, in async_request_sglang_generate\n    async for chunk_bytes in response.content:\n  File "/opt/venv/lib/python3.10/site-packages/aiohttp/streams.py", line 52, in __anext__\n    rv = await self.read_func()\n  File "/opt/venv/lib/python3.10/site-packages/aiohttp/streams.py", line 352, in readline\n    return await self.readuntil()\n  File "/opt/venv/lib/python3.10/site-packages/aiohttp/streams.py", line 386, in readuntil\n    await self._wait("readuntil")\n  File "/opt/venv/lib/python3.10/site-packages/aiohttp/streams.py", line 347, in _wait\n    await waiter\naiohttp.client_exceptions.ClientPayloadError: Response payload is not completed: <TransferEncodingError: 400, message=\'Not enough data to satisfy transfer length header.\'>\n'
output.error='Traceback (most recent call last):\n  File "/opt/venv/lib/python3.10/site-packages/aiohttp/client_proto.py", line 144, in connection_lost\n    uncompleted = self._parser.feed_eof()\n  File "aiohttp/_http_parser.pyx", line 508, in aiohttp._http_parser.HttpParser.feed_eof\naiohttp.http_exceptions.TransferEncodingError: 400, message:\n  Not enough data to satisfy transfer length header.\n\nThe above exception was the direct cause of the following exception:\n\nTraceback (most recent call last):\n  File "/sgl-workspace/sglang/python/sglang/bench_serving.py", line 545, in async_request_sglang_generate\n    async for chunk_bytes in response.content:\n  File "/opt/venv/lib/python3.10/site-packages/aiohttp/streams.py", line 52, in __anext__\n    rv = await self.read_func()\n  File "/opt/venv/lib/python3.10/site-packages/aiohttp/streams.py", line 352, in readline\n    return await self.readuntil()\n  File "/opt/venv/lib/python3.10/site-packages/aiohttp/streams.py", line 386, in readuntil\n    await self._wait("readuntil")\n  File "/opt/venv/lib/python3.10/site-packages/aiohttp/streams.py", line 347, in _wait\n    await waiter\naiohttp.client_exceptions.ClientPayloadError: Response payload is not completed: <TransferEncodingError: 400, message=\'Not enough data to satisfy transfer length header.\'>\n'
output.error='Traceback (most recent call last):\n  File "/opt/venv/lib/python3.10/site-packages/aiohttp/client_proto.py", line 144, in connection_lost\n    uncompleted = self._parser.feed_eof()\n  File "aiohttp/_http_parser.pyx", line 508, in aiohttp._http_parser.HttpParser.feed_eof\naiohttp.http_exceptions.TransferEncodingError: 400, message:\n  Not enough data to satisfy transfer length header.\n\nThe above exception was the direct cause of the following exception:\n\nTraceback (most recent call last):\n  File "/sgl-workspace/sglang/python/sglang/bench_serving.py", line 545, in async_request_sglang_generate\n    async for chunk_bytes in response.content:\n  File "/opt/venv/lib/python3.10/site-packages/aiohttp/streams.py", line 52, in __anext__\n    rv = await self.read_func()\n  File "/opt/venv/lib/python3.10/site-packages/aiohttp/streams.py", line 352, in readline\n    return await self.readuntil()\n  File "/opt/venv/lib/python3.10/site-packages/aiohttp/streams.py", line 386, in readuntil\n    await self._wait("readuntil")\n  File "/opt/venv/lib/python3.10/site-packages/aiohttp/streams.py", line 347, in _wait\n    await waiter\naiohttp.client_exceptions.ClientPayloadError: Response payload is not completed: <TransferEncodingError: 400, message=\'Not enough data to satisfy transfer length header.\'>\n'
output.error='Traceback (most recent call last):\n  File "/opt/venv/lib/python3.10/site-packages/aiohttp/client_proto.py", line 144, in connection_lost\n    uncompleted = self._parser.feed_eof()\n  File "aiohttp/_http_parser.pyx", line 508, in aiohttp._http_parser.HttpParser.feed_eof\naiohttp.http_exceptions.TransferEncodingError: 400, message:\n  Not enough data to satisfy transfer length header.\n\nThe above exception was the direct cause of the following exception:\n\nTraceback (most recent call last):\n  File "/sgl-workspace/sglang/python/sglang/bench_serving.py", line 545, in async_request_sglang_generate\n    async for chunk_bytes in response.content:\n  File "/opt/venv/lib/python3.10/site-packages/aiohttp/streams.py", line 52, in __anext__\n    rv = await self.read_func()\n  File "/opt/venv/lib/python3.10/site-packages/aiohttp/streams.py", line 352, in readline\n    return await self.readuntil()\n  File "/opt/venv/lib/python3.10/site-packages/aiohttp/streams.py", line 386, in readuntil\n    await self._wait("readuntil")\n  File "/opt/venv/lib/python3.10/site-packages/aiohttp/streams.py", line 347, in _wait\n    await waiter\naiohttp.client_exceptions.ClientPayloadError: Response payload is not completed: <TransferEncodingError: 400, message=\'Not enough data to satisfy transfer length header.\'>\n'
100%|██████████| 600/600 [12:28<00:00,  1.25s/it] 
Traceback (most recent call last):
  File "/opt/venv/lib/python3.10/site-packages/urllib3/connection.py", line 198, in _new_conn
    sock = connection.create_connection(
  File "/opt/venv/lib/python3.10/site-packages/urllib3/util/connection.py", line 85, in create_connection
    raise err
  File "/opt/venv/lib/python3.10/site-packages/urllib3/util/connection.py", line 73, in create_connection
    sock.connect(sa)
ConnectionRefusedError: [Errno 111] Connection refused

The above exception was the direct cause of the following exception:

Traceback (most recent call last):
  File "/opt/venv/lib/python3.10/site-packages/urllib3/connectionpool.py", line 787, in urlopen
    response = self._make_request(
  File "/opt/venv/lib/python3.10/site-packages/urllib3/connectionpool.py", line 493, in _make_request
    conn.request(
  File "/opt/venv/lib/python3.10/site-packages/urllib3/connection.py", line 494, in request
    self.endheaders()
  File "/usr/lib/python3.10/http/client.py", line 1278, in endheaders
    self._send_output(message_body, encode_chunked=encode_chunked)
  File "/usr/lib/python3.10/http/client.py", line 1038, in _send_output
    self.send(msg)
  File "/usr/lib/python3.10/http/client.py", line 976, in send
    self.connect()
  File "/opt/venv/lib/python3.10/site-packages/urllib3/connection.py", line 325, in connect
    self.sock = self._new_conn()
  File "/opt/venv/lib/python3.10/site-packages/urllib3/connection.py", line 213, in _new_conn
    raise NewConnectionError(
urllib3.exceptions.NewConnectionError: <urllib3.connection.HTTPConnection object at 0x7f4343f880a0>: Failed to establish a new connection: [Errno 111] Connection refused

The above exception was the direct cause of the following exception:

Traceback (most recent call last):
  File "/opt/venv/lib/python3.10/site-packages/requests/adapters.py", line 644, in send
    resp = conn.urlopen(
  File "/opt/venv/lib/python3.10/site-packages/urllib3/connectionpool.py", line 841, in urlopen
    retries = retries.increment(
  File "/opt/venv/lib/python3.10/site-packages/urllib3/util/retry.py", line 519, in increment
    raise MaxRetryError(_pool, url, reason) from reason  # type: ignore[arg-type]
urllib3.exceptions.MaxRetryError: HTTPConnectionPool(host='0.0.0.0', port=30000): Max retries exceeded with url: /get_server_info (Caused by NewConnectionError('<urllib3.connection.HTTPConnection object at 0x7f4343f880a0>: Failed to establish a new connection: [Errno 111] Connection refused'))

During handling of the above exception, another exception occurred:

Traceback (most recent call last):
  File "/usr/lib/python3.10/runpy.py", line 196, in _run_module_as_main
    return _run_code(code, main_globals, None,
  File "/usr/lib/python3.10/runpy.py", line 86, in _run_code
    exec(code, run_globals)
  File "/sgl-workspace/sglang/python/sglang/bench_serving.py", line 2510, in <module>
    run_benchmark(args)
  File "/sgl-workspace/sglang/python/sglang/bench_serving.py", line 2188, in run_benchmark
    return asyncio.run(
  File "/usr/lib/python3.10/asyncio/runners.py", line 44, in run
    return loop.run_until_complete(main)
  File "/usr/lib/python3.10/asyncio/base_events.py", line 649, in run_until_complete
    return future.result()
  File "/sgl-workspace/sglang/python/sglang/bench_serving.py", line 1833, in benchmark
    server_info = requests.get(
  File "/opt/venv/lib/python3.10/site-packages/requests/api.py", line 73, in get
    return request("get", url, params=params, **kwargs)
  File "/opt/venv/lib/python3.10/site-packages/requests/api.py", line 59, in request
    return session.request(method=method, url=url, **kwargs)
  File "/opt/venv/lib/python3.10/site-packages/requests/sessions.py", line 589, in request
    resp = self.send(prep, **send_kwargs)
  File "/opt/venv/lib/python3.10/site-packages/requests/sessions.py", line 703, in send
    r = adapter.send(request, **kwargs)
  File "/opt/venv/lib/python3.10/site-packages/requests/adapters.py", line 677, in send
    raise ConnectionError(e, request=request)
requests.exceptions.ConnectionError: HTTPConnectionPool(host='0.0.0.0', port=30000): Max retries exceeded with url: /get_server_info (Caused by NewConnectionError('<urllib3.connection.HTTPConnection object at 0x7f4343f880a0>: Failed to establish a new connection: [Errno 111] Connection refused'))
output.error='Traceback (most recent call last):\n  File "/opt/venv/lib/python3.10/site-packages/aiohttp/client_proto.py", line 144, in connection_lost\n    uncompleted = self._parser.feed_eof()\n  File "aiohttp/_http_parser.pyx", line 508, in aiohttp._http_parser.HttpParser.feed_eof\naiohttp.http_exceptions.TransferEncodingError: 400, message:\n  Not enough data to satisfy transfer length header.\n\nThe above exception was the direct cause of the following exception:\n\nTraceback (most recent call last):\n  File "/sgl-workspace/sglang/python/sglang/bench_serving.py", line 545, in async_request_sglang_generate\n    async for chunk_bytes in response.content:\n  File "/opt/venv/lib/python3.10/site-packages/aiohttp/streams.py", line 52, in __anext__\n    rv = await self.read_func()\n  File "/opt/venv/lib/python3.10/site-packages/aiohttp/streams.py", line 352, in readline\n    return await self.readuntil()\n  File "/opt/venv/lib/python3.10/site-packages/aiohttp/streams.py", line 386, in readuntil\n    await self._wait("readuntil")\n  File "/opt/venv/lib/python3.10/site-packages/aiohttp/streams.py", line 347, in _wait\n    await waiter\naiohttp.client_exceptions.ClientPayloadError: Response payload is not completed: <TransferEncodingError: 400, message=\'Not enough data to satisfy transfer length header.\'>\n'
output.error='Traceback (most recent call last):\n  File "/opt/venv/lib/python3.10/site-packages/aiohttp/client_proto.py", line 144, in connection_lost\n    uncompleted = self._parser.feed_eof()\n  File "aiohttp/_http_parser.pyx", line 508, in aiohttp._http_parser.HttpParser.feed_eof\naiohttp.http_exceptions.TransferEncodingError: 400, message:\n  Not enough data to satisfy transfer length header.\n\nThe above exception was the direct cause of the following exception:\n\nTraceback (most recent call last):\n  File "/sgl-workspace/sglang/python/sglang/bench_serving.py", line 545, in async_request_sglang_generate\n    async for chunk_bytes in response.content:\n  File "/opt/venv/lib/python3.10/site-packages/aiohttp/streams.py", line 52, in __anext__\n    rv = await self.read_func()\n  File "/opt/venv/lib/python3.10/site-packages/aiohttp/streams.py", line 352, in readline\n    return await self.readuntil()\n  File "/opt/venv/lib/python3.10/site-packages/aiohttp/streams.py", line 386, in readuntil\n    await self._wait("readuntil")\n  File "/opt/venv/lib/python3.10/site-packages/aiohttp/streams.py", line 347, in _wait\n    await waiter\naiohttp.client_exceptions.ClientPayloadError: Response payload is not completed: <TransferEncodingError: 400, message=\'Not enough data to satisfy transfer length header.\'>\n'
/mnt/raid/michael/sglang-ci/grok_perf_online_csv.sh: line 597:    47 Killed                  env SGLANG_USE_AITER=1 SGLANG_INT4_WEIGHT=1 python3 -m sglang.launch_server --model '/data/amd--grok-1-W4A8KV8' --tokenizer-path '/data/amd--grok-1-W4A8KV8' --tp 8 --quantization fp8 --trust-remote-code --attention-backend aiter --mem-fraction-static 0.85 > '/mnt/raid/michael/sglang-ci/online/GROK1/v0.5.3.post1-rocm700-mi35x-20251010_GROK1_MOE-I4F8_online/server_output_aiter.log' 2>&1
[nightly] === Online benchmark dispatched for GROK; check logs in sgl-dev_v0.5.3.post1-rocm700-mi35x-20251010 ===
[nightly] === Starting post-processing (CSV processing, plot generation, Teams notifications) ===
[nightly] Processing online CSV data and generating plots... Logs will be saved to /mnt/raid/michael/sglang-ci/online/GROK1/v0.5.3.post1-rocm700-mi35x-20251010_GROK1_MOE-I4F8_online/process_and_generate_online_plots.log
[nightly] Using plot date from image tag: 20251010
[nightly] Cleaning up process lock...
