[nightly] ==========================================
[nightly] SGL Nightly Benchmark Started
[nightly] ==========================================
[nightly] Command: perf_nightly.sh --model=grok --model-path=/mnt/raid/models/huggingface/amd--grok-1-W4A8KV8 --mode=online --hardware=mi30x --teams-webhook-url=https://default3dd8961fe4884e608e11a82d994e18.3d.environment.api.powerplatform.com:443/powerautomate/automations/direct/workflows/2627cd9f12c64fd785fd6b5f476c8929/triggers/manual/paths/invoke?api-version=1&sp=%2Ftriggers%2Fmanual%2Frun&sv=1.0&sig=2NW18x_-_wiyn8dPFp84GfbiAFjlyUb_KqtII9qzx8M
[nightly] Start time: 2025-10-08 06:00:01 PDT
[nightly] Machine: dell300x-pla-t10-23
[nightly] Working directory: /mnt/raid/michael/sglang-ci
[nightly] Script location: /mnt/raid/michael/sglang-ci/perf_nightly.sh
[nightly] Process ID: 2596505
[nightly] ==========================================

[nightly] Runtime Environment:
[nightly] User: amd | Groups: amd video users... | Docker: /usr/bin/docker
[nightly] Testing Docker daemon access...
[nightly] Docker daemon accessible - proceeding...
[nightly] Teams webhook URL provided via command line - notifications enabled
[nightly] Custom model path provided: /mnt/raid/models/huggingface/amd--grok-1-W4A8KV8
[nightly] Hardware: mi30x, ROCM Version: rocm630
[nightly] Model: grok, Mode(s): online
[nightly] Created process lock: /tmp/perf_nightly_grok.lock
[nightly] GPU is busy. Attempting to stop running Docker containers...
[nightly] Stopping running containers: a5eeacbb2211
[nightly] Waiting 15s for GPU to become idle...
[nightly] WARN: GPU may still be busy, but proceeding as requested.
[nightly] Searching for non-SRT images for grok for the last 1 days...
[nightly] Searching for non-SRT mi30x image in 'rocm/sgl-dev' for date 20251008...
[nightly] No image found for today. Checking yesterday as a fallback...
[nightly] Searching for non-SRT mi30x image in 'rocm/sgl-dev' for date 20251007...
[nightly] Fallback found candidate tag: v0.5.3-rocm630-mi30x-20251007
[nightly] Found local image: rocm/sgl-dev:v0.5.3-rocm630-mi30x-20251007
[nightly] Successfully obtained fallback image for date 20251007: rocm/sgl-dev:v0.5.3-rocm630-mi30x-20251007
[nightly] Found 1 valid image(s) to run benchmarks on:
[nightly]   - rocm/sgl-dev:v0.5.3-rocm630-mi30x-20251007

[nightly] ==========================================
[nightly] Starting benchmarks for image: rocm/sgl-dev:v0.5.3-rocm630-mi30x-20251007
[nightly] ==========================================
[nightly] Checking GPU status before starting benchmarks for rocm/sgl-dev:v0.5.3-rocm630-mi30x-20251007...
[nightly] GPU is busy. Attempting to stop running Docker containers...
[nightly] Stopping running containers: 36d2f6ee9391
[nightly] Waiting 15s for GPU to become idle...
[nightly] WARN: GPU may still be busy, but proceeding as requested.
[nightly] INFO: Found 0/15 completed runs for rocm/sgl-dev:v0.5.3-rocm630-mi30x-20251007 (online). Proceeding with benchmarks.
[nightly] Using Docker image: rocm/sgl-dev:v0.5.3-rocm630-mi30x-20251007
[nightly] Container name: sgl-dev_v0.5.3-rocm630-mi30x-20251007
[nightly] Reusing container sgl-dev_v0.5.3-rocm630-mi30x-20251007
[nightly] === Starting benchmark execution ===
[nightly] === Starting nightly GROK online benchmark ===
[nightly] Launching grok_perf_online_csv.sh inside sgl-dev_v0.5.3-rocm630-mi30x-20251007
[online] Auto-detected model type: grok1 from path: /mnt/raid/models/huggingface/amd--grok-1-W4A8KV8
[online] Using Grok 1 configuration
[online] Script started at: 2025-10-08 06:00:39 PDT
Scanning existing logs to check if all benchmarks are already complete...
Checking GSM8K log status...
Missing: GSM8K log file (/mnt/raid/michael/sglang-ci/online/GROK1/v0.5.3-rocm630-mi30x-20251007_GROK1_MOE-I4F8_online/sglang_client_log_GROK1_gsm8k_aiter.log)
Checking client benchmark logs...
Scan complete: 0/15 client benchmark runs are complete.
❌ Missing or incomplete client benchmark runs.
❌ GSM8K benchmark is missing, empty, or incomplete.
Server startup required.
Starting benchmarks using aiter backend...
[online] Using Grok1 environment: SGLANG_USE_AITER=1 SGLANG_INT4_WEIGHT=1
[online] Launching backend=aiter for grok1
[online] Waiting for server to be ready (timeout: 600s)...
[online] Still waiting... (10s elapsed)
[online] Still waiting... (20s elapsed)
[online] Still waiting... (30s elapsed)
[online] Still waiting... (40s elapsed)
[online] Still waiting... (50s elapsed)
[online] Still waiting... (60s elapsed)
[online] Still waiting... (70s elapsed)
[online] Server ready after 79 seconds (PID 48)
Starting GSM8K accuracy test at: 2025-10-08 06:01:59 PDT
Executing GSM8K test Run 1 for mode aiter...
/mnt/raid/michael/sglang-ci/grok_perf_online_csv.sh: line 550:    48 Killed                  env SGLANG_USE_AITER=1 SGLANG_INT4_WEIGHT=1 python3 -m sglang.launch_server --model '/mnt/raid/models/huggingface/amd--grok-1-W4A8KV8' --tokenizer-path '/mnt/raid/models/huggingface/amd--grok-1-W4A8KV8' --tp 8 --quantization fp8 --trust-remote-code --attention-backend aiter --mem-fraction-static 0.85 > '/mnt/raid/michael/sglang-ci/online/GROK1/v0.5.3-rocm630-mi30x-20251007_GROK1_MOE-I4F8_online/server_output_aiter.log' 2>&1
  0%|          | 0/1319 [00:00<?, ?it/s]/sgl-workspace/sglang/python/sglang/lang/interpreter.py:410: UserWarning: Error in stream_executor: Traceback (most recent call last):
  File "/sgl-workspace/sglang/python/sglang/lang/interpreter.py", line 408, in _thread_worker_func
    self._execute(expr)
  File "/sgl-workspace/sglang/python/sglang/lang/interpreter.py", line 446, in _execute
    self._execute_gen(other)
  File "/sgl-workspace/sglang/python/sglang/lang/interpreter.py", line 574, in _execute_gen
    comp, meta_info = self.backend.generate(
                      ^^^^^^^^^^^^^^^^^^^^^^
  File "/sgl-workspace/sglang/python/sglang/lang/backend/runtime_endpoint.py", line 185, in generate
    res = http_request(
          ^^^^^^^^^^^^^
  File "/sgl-workspace/sglang/python/sglang/utils.py", line 167, in http_request
    resp = urllib.request.urlopen(req, data=data, cafile=verify)
           ^^^^^^^^^^^^^^^^^^^^^^^^^^^^^^^^^^^^^^^^^^^^^^^^^^^^^
  File "/usr/lib/python3.12/urllib/request.py", line 215, in urlopen
    return opener.open(url, data, timeout)
           ^^^^^^^^^^^^^^^^^^^^^^^^^^^^^^^
  File "/usr/lib/python3.12/urllib/request.py", line 515, in open
    response = self._open(req, data)
               ^^^^^^^^^^^^^^^^^^^^^
  File "/usr/lib/python3.12/urllib/request.py", line 532, in _open
    result = self._call_chain(self.handle_open, protocol, protocol +
             ^^^^^^^^^^^^^^^^^^^^^^^^^^^^^^^^^^^^^^^^^^^^^^^^^^^^^^^
  File "/usr/lib/python3.12/urllib/request.py", line 492, in _call_chain
    result = func(*args)
             ^^^^^^^^^^^
  File "/usr/lib/python3.12/urllib/request.py", line 1373, in http_open
    return self.do_open(http.client.HTTPConnection, req)
           ^^^^^^^^^^^^^^^^^^^^^^^^^^^^^^^^^^^^^^^^^^^^^
  File "/usr/lib/python3.12/urllib/request.py", line 1348, in do_open
    r = h.getresponse()
        ^^^^^^^^^^^^^^^
  File "/usr/lib/python3.12/http/client.py", line 1428, in getresponse
    response.begin()
  File "/usr/lib/python3.12/http/client.py", line 331, in begin
    version, status, reason = self._read_status()
                              ^^^^^^^^^^^^^^^^^^^
  File "/usr/lib/python3.12/http/client.py", line 300, in _read_status
    raise RemoteDisconnected("Remote end closed connection without"
http.client.RemoteDisconnected: Remote end closed connection without response

  warnings.warn(f"Error in stream_executor: {get_exception_traceback()}")
  0%|          | 1/1319 [07:25<163:14:26, 445.88s/it] 54%|█████▍    | 715/1319 [07:26<00:00, 1453.48it/s]  79%|███████▉  | 1046/1319 [07:26<00:02, 107.62it/s] 86%|████████▌ | 1135/1319 [07:26<00:01, 143.79it/s] 92%|█████████▏| 1218/1319 [07:26<00:01, 70.35it/s]  93%|█████████▎| 1230/1319 [07:26<00:05, 16.51it/s]100%|█████████▉| 1317/1319 [07:26<00:00, 133.49it/s]100%|██████████| 1319/1319 [07:26<00:00, 66.91it/s] 100%|██████████| 1319/1319 [07:26<00:00, 66.91it/s]100%|██████████| 1319/1319 [07:26<00:00, 66.91it/s]100%|██████████| 1319/1319 [07:26<00:00, 66.91it/s]100%|██████████| 1319/1319 [07:26<00:00, 66.91it/s]100%|██████████| 1319/1319 [07:26<00:00, 66.91it/s]100%|██████████| 1319/1319 [07:26<00:00, 66.91it/s]100%|██████████| 1319/1319 [07:26<00:00, 66.91it/s]100%|██████████| 1319/1319 [07:26<00:00, 66.91it/s]100%|██████████| 1319/1319 [07:26<00:00, 66.91it/s]100%|██████████| 1319/1319 [07:26<00:00, 66.91it/s]100%|██████████| 1319/1319 [07:26<00:00, 66.91it/s]100%|██████████| 1319/1319 [07:26<00:00, 66.91it/s]100%|██████████| 1319/1319 [07:26<00:00, 66.91it/s]100%|██████████| 1319/1319 [07:26<00:00, 66.91it/s]100%|██████████| 1319/1319 [07:26<00:00, 66.91it/s]100%|██████████| 1319/1319 [07:26<00:00, 66.91it/s]100%|██████████| 1319/1319 [07:26<00:00, 66.91it/s]100%|██████████| 1319/1319 [07:26<00:00, 66.91it/s]100%|██████████| 1319/1319 [07:26<00:00, 66.91it/s]100%|██████████| 1319/1319 [07:26<00:00, 66.91it/s]100%|██████████| 1319/1319 [07:26<00:00, 66.91it/s]100%|██████████| 1319/1319 [07:26<00:00, 66.91it/s]100%|██████████| 1319/1319 [07:26<00:00, 66.91it/s]100%|██████████| 1319/1319 [07:26<00:00, 66.91it/s]100%|██████████| 1319/1319 [07:26<00:00, 66.91it/s]100%|██████████| 1319/1319 [07:26<00:00, 66.91it/s]100%|██████████| 1319/1319 [07:26<00:00, 66.91it/s]100%|██████████| 1319/1319 [07:26<00:00, 66.91it/s]100%|██████████| 1319/1319 [07:26<00:00, 66.91it/s]100%|██████████| 1319/1319 [07:26<00:00, 66.91it/s]100%|██████████| 1319/1319 [07:26<00:00, 66.91it/s]100%|██████████| 1319/1319 [07:26<00:00, 66.91it/s]100%|██████████| 1319/1319 [07:26<00:00, 66.91it/s]100%|██████████| 1319/1319 [07:26<00:00, 66.91it/s]100%|██████████| 1319/1319 [07:26<00:00, 66.91it/s]100%|██████████| 1319/1319 [07:26<00:00, 66.91it/s]100%|██████████| 1319/1319 [07:26<00:00, 66.91it/s]100%|██████████| 1319/1319 [07:26<00:00, 66.91it/s]100%|██████████| 1319/1319 [07:26<00:00, 66.91it/s]100%|██████████| 1319/1319 [07:26<00:00, 66.91it/s]100%|██████████| 1319/1319 [07:26<00:00, 66.91it/s]100%|██████████| 1319/1319 [07:26<00:00, 66.91it/s]100%|██████████| 1319/1319 [07:26<00:00, 66.91it/s]100%|██████████| 1319/1319 [07:26<00:00, 66.91it/s]100%|██████████| 1319/1319 [07:26<00:00, 66.91it/s]100%|██████████| 1319/1319 [07:26<00:00, 66.91it/s]100%|██████████| 1319/1319 [07:26<00:00, 66.91it/s]100%|██████████| 1319/1319 [07:26<00:00, 66.91it/s]100%|██████████| 1319/1319 [07:26<00:00, 66.91it/s]100%|██████████| 1319/1319 [07:26<00:00, 66.91it/s]100%|██████████| 1319/1319 [07:26<00:00, 66.91it/s]100%|██████████| 1319/1319 [07:26<00:00, 66.91it/s]100%|██████████| 1319/1319 [07:26<00:00, 66.91it/s]100%|██████████| 1319/1319 [07:26<00:00, 66.91it/s]100%|██████████| 1319/1319 [07:26<00:00, 66.91it/s]100%|██████████| 1319/1319 [07:26<00:00, 66.91it/s]100%|██████████| 1319/1319 [07:26<00:00, 66.91it/s]100%|██████████| 1319/1319 [07:26<00:00, 66.91it/s]100%|██████████| 1319/1319 [07:26<00:00, 66.91it/s]100%|██████████| 1319/1319 [07:26<00:00, 66.91it/s]100%|██████████| 1319/1319 [07:26<00:00, 66.91it/s]100%|██████████| 1319/1319 [07:26<00:00, 66.91it/s]100%|██████████| 1319/1319 [07:26<00:00, 66.91it/s]100%|██████████| 1319/1319 [07:26<00:00, 66.91it/s]100%|██████████| 1319/1319 [07:26<00:00, 66.91it/s]100%|██████████| 1319/1319 [07:26<00:00, 66.91it/s]100%|██████████| 1319/1319 [07:26<00:00, 66.91it/s]100%|██████████| 1319/1319 [07:26<00:00, 66.91it/s]100%|██████████| 1319/1319 [07:26<00:00, 66.91it/s]100%|██████████| 1319/1319 [07:26<00:00, 66.91it/s]100%|██████████| 1319/1319 [07:26<00:00, 66.91it/s]100%|██████████| 1319/1319 [07:26<00:00, 66.91it/s]100%|██████████| 1319/1319 [07:26<00:00, 66.91it/s]100%|██████████| 1319/1319 [07:26<00:00, 66.91it/s]100%|██████████| 1319/1319 [07:26<00:00, 66.91it/s]100%|██████████| 1319/1319 [07:26<00:00, 66.91it/s]100%|██████████| 1319/1319 [07:26<00:00, 66.91it/s]100%|██████████| 1319/1319 [07:26<00:00, 66.91it/s]100%|██████████| 1319/1319 [07:26<00:00, 66.91it/s]100%|██████████| 1319/1319 [07:26<00:00, 66.91it/s]100%|██████████| 1319/1319 [07:26<00:00, 66.91it/s]100%|██████████| 1319/1319 [07:26<00:00, 66.91it/s]100%|██████████| 1319/1319 [07:26<00:00, 66.91it/s]100%|██████████| 1319/1319 [07:26<00:00, 66.91it/s]100%|██████████| 1319/1319 [07:26<00:00, 66.91it/s]100%|██████████| 1319/1319 [07:26<00:00, 66.91it/s]100%|██████████| 1319/1319 [07:26<00:00, 66.91it/s]100%|██████████| 1319/1319 [07:26<00:00, 66.91it/s]100%|██████████| 1319/1319 [07:26<00:00, 66.91it/s]100%|██████████| 1319/1319 [07:26<00:00, 66.91it/s]100%|██████████| 1319/1319 [07:26<00:00, 66.91it/s]100%|██████████| 1319/1319 [07:26<00:00, 66.91it/s]100%|██████████| 1319/1319 [07:26<00:00, 66.91it/s]100%|██████████| 1319/1319 [07:26<00:00, 66.91it/s]100%|██████████| 1319/1319 [07:26<00:00, 66.91it/s]100%|██████████| 1319/1319 [07:26<00:00, 66.91it/s]100%|██████████| 1319/1319 [07:26<00:00, 66.91it/s]100%|██████████| 1319/1319 [07:26<00:00, 66.91it/s]100%|██████████| 1319/1319 [07:26<00:00, 66.91it/s]100%|██████████| 1319/1319 [07:26<00:00, 66.91it/s]100%|██████████| 1319/1319 [07:26<00:00, 66.91it/s]100%|██████████| 1319/1319 [07:26<00:00, 66.91it/s]100%|██████████| 1319/1319 [07:26<00:00, 66.91it/s]100%|██████████| 1319/1319 [07:26<00:00, 66.91it/s]100%|██████████| 1319/1319 [07:26<00:00, 66.91it/s]100%|██████████| 1319/1319 [07:26<00:00, 66.91it/s]100%|██████████| 1319/1319 [07:26<00:00, 66.91it/s]100%|██████████| 1319/1319 [07:26<00:00, 66.91it/s]100%|██████████| 1319/1319 [07:26<00:00, 66.91it/s]100%|██████████| 1319/1319 [07:26<00:00, 66.91it/s]100%|██████████| 1319/1319 [07:26<00:00, 66.91it/s]100%|██████████| 1319/1319 [07:26<00:00, 66.91it/s]100%|██████████| 1319/1319 [07:26<00:00, 66.91it/s]100%|██████████| 1319/1319 [07:26<00:00, 66.91it/s]100%|██████████| 1319/1319 [07:26<00:00, 66.91it/s]100%|██████████| 1319/1319 [07:26<00:00, 66.91it/s]100%|██████████| 1319/1319 [07:26<00:00, 66.91it/s]100%|██████████| 1319/1319 [07:26<00:00, 66.91it/s]100%|██████████| 1319/1319 [07:26<00:00, 66.91it/s]100%|██████████| 1319/1319 [07:26<00:00, 66.91it/s]100%|██████████| 1319/1319 [07:26<00:00, 66.91it/s]100%|██████████| 1319/1319 [07:26<00:00, 66.91it/s]100%|██████████| 1319/1319 [07:26<00:00, 66.91it/s]100%|██████████| 1319/1319 [07:26<00:00, 66.91it/s]100%|██████████| 1319/1319 [07:26<00:00, 66.91it/s]100%|██████████| 1319/1319 [07:26<00:00, 66.91it/s]100%|██████████| 1319/1319 [07:26<00:00, 66.91it/s]100%|██████████| 1319/1319 [07:26<00:00, 66.91it/s]100%|██████████| 1319/1319 [07:26<00:00, 66.91it/s]100%|██████████| 1319/1319 [07:26<00:00, 66.91it/s]100%|██████████| 1319/1319 [07:26<00:00, 66.91it/s]100%|██████████| 1319/1319 [07:26<00:00, 66.91it/s]100%|██████████| 1319/1319 [07:26<00:00, 66.91it/s]100%|██████████| 1319/1319 [07:26<00:00, 66.91it/s]100%|██████████| 1319/1319 [07:26<00:00, 66.91it/s]100%|██████████| 1319/1319 [07:26<00:00, 66.91it/s]100%|██████████| 1319/1319 [07:26<00:00, 66.91it/s]100%|██████████| 1319/1319 [07:26<00:00, 66.91it/s]100%|██████████| 1319/1319 [07:26<00:00, 66.91it/s]100%|██████████| 1319/1319 [07:26<00:00, 66.91it/s]100%|██████████| 1319/1319 [07:26<00:00, 66.91it/s]100%|██████████| 1319/1319 [07:26<00:00, 66.91it/s]100%|██████████| 1319/1319 [07:26<00:00, 66.91it/s]100%|██████████| 1319/1319 [07:26<00:00, 66.91it/s]100%|██████████| 1319/1319 [07:26<00:00, 66.91it/s]100%|██████████| 1319/1319 [07:26<00:00, 66.91it/s]100%|██████████| 1319/1319 [07:26<00:00, 66.91it/s]100%|██████████| 1319/1319 [07:26<00:00, 66.91it/s]100%|██████████| 1319/1319 [07:26<00:00, 66.91it/s]100%|██████████| 1319/1319 [07:26<00:00, 66.91it/s]100%|██████████| 1319/1319 [07:26<00:00, 66.91it/s]100%|██████████| 1319/1319 [07:26<00:00, 66.91it/s]100%|██████████| 1319/1319 [07:26<00:00, 66.91it/s]100%|██████████| 1319/1319 [07:26<00:00, 66.91it/s]100%|██████████| 1319/1319 [07:26<00:00, 66.91it/s]100%|██████████| 1319/1319 [07:26<00:00, 66.91it/s]100%|██████████| 1319/1319 [07:26<00:00, 66.91it/s]100%|██████████| 1319/1319 [07:26<00:00, 66.91it/s]100%|██████████| 1319/1319 [07:26<00:00, 66.91it/s]100%|██████████| 1319/1319 [07:26<00:00, 66.91it/s]100%|██████████| 1319/1319 [07:26<00:00, 66.91it/s]100%|██████████| 1319/1319 [07:26<00:00, 66.91it/s]100%|██████████| 1319/1319 [07:26<00:00, 66.91it/s]100%|██████████| 1319/1319 [07:26<00:00, 66.91it/s]100%|██████████| 1319/1319 [07:26<00:00, 66.91it/s]100%|██████████| 1319/1319 [07:26<00:00, 66.91it/s]100%|██████████| 1319/1319 [07:26<00:00, 66.91it/s]100%|██████████| 1319/1319 [07:26<00:00, 66.91it/s]100%|██████████| 1319/1319 [07:26<00:00, 66.91it/s]100%|██████████| 1319/1319 [07:26<00:00, 66.91it/s]100%|██████████| 1319/1319 [07:26<00:00, 66.91it/s]100%|██████████| 1319/1319 [07:26<00:00, 66.91it/s]100%|██████████| 1319/1319 [07:26<00:00, 66.91it/s]100%|██████████| 1319/1319 [07:26<00:00, 66.91it/s]100%|██████████| 1319/1319 [07:26<00:00, 66.91it/s]100%|██████████| 1319/1319 [07:26<00:00, 66.91it/s]100%|██████████| 1319/1319 [07:26<00:00, 66.91it/s]100%|██████████| 1319/1319 [07:26<00:00, 66.91it/s]100%|██████████| 1319/1319 [07:26<00:00, 66.91it/s]100%|██████████| 1319/1319 [07:26<00:00, 66.91it/s]100%|██████████| 1319/1319 [07:26<00:00, 66.91it/s]100%|██████████| 1319/1319 [07:26<00:00, 66.91it/s]100%|██████████| 1319/1319 [07:26<00:00, 66.91it/s]100%|██████████| 1319/1319 [07:26<00:00, 66.91it/s]100%|██████████| 1319/1319 [07:26<00:00, 66.91it/s]100%|██████████| 1319/1319 [07:26<00:00, 66.91it/s]100%|██████████| 1319/1319 [07:26<00:00, 66.91it/s]100%|██████████| 1319/1319 [07:26<00:00, 66.91it/s]100%|██████████| 1319/1319 [07:26<00:00, 66.91it/s]100%|██████████| 1319/1319 [07:26<00:00, 66.91it/s]100%|██████████| 1319/1319 [07:26<00:00, 66.91it/s]100%|██████████| 1319/1319 [07:26<00:00, 66.91it/s]100%|██████████| 1319/1319 [07:26<00:00, 66.91it/s]100%|██████████| 1319/1319 [07:26<00:00, 66.91it/s]100%|██████████| 1319/1319 [07:26<00:00, 66.91it/s]100%|██████████| 1319/1319 [07:26<00:00, 66.91it/s]100%|██████████| 1319/1319 [07:26<00:00, 66.91it/s]100%|██████████| 1319/1319 [07:26<00:00, 66.91it/s]100%|██████████| 1319/1319 [07:26<00:00, 66.91it/s]100%|██████████| 1319/1319 [07:26<00:00, 66.91it/s]100%|██████████| 1319/1319 [07:26<00:00, 66.91it/s]100%|██████████| 1319/1319 [07:26<00:00, 66.91it/s]100%|██████████| 1319/1319 [07:26<00:00, 66.91it/s]100%|██████████| 1319/1319 [07:26<00:00, 66.91it/s]100%|██████████| 1319/1319 [07:26<00:00, 66.91it/s]100%|██████████| 1319/1319 [07:26<00:00, 66.91it/s]100%|██████████| 1319/1319 [07:26<00:00, 66.91it/s]100%|██████████| 1319/1319 [07:26<00:00, 66.91it/s]100%|██████████| 1319/1319 [07:26<00:00, 66.91it/s]100%|██████████| 1319/1319 [07:26<00:00, 66.91it/s]100%|██████████| 1319/1319 [07:26<00:00, 66.91it/s]100%|██████████| 1319/1319 [07:26<00:00, 66.91it/s]100%|██████████| 1319/1319 [07:26<00:00, 66.91it/s]100%|██████████| 1319/1319 [07:26<00:00, 66.91it/s]100%|██████████| 1319/1319 [07:26<00:00, 66.91it/s]100%|██████████| 1319/1319 [07:26<00:00, 66.91it/s]100%|██████████| 1319/1319 [07:26<00:00, 66.91it/s]100%|██████████| 1319/1319 [07:26<00:00, 66.91it/s]100%|██████████| 1319/1319 [07:26<00:00, 66.91it/s]100%|██████████| 1319/1319 [07:26<00:00, 66.91it/s]100%|██████████| 1319/1319 [07:26<00:00, 66.91it/s]100%|██████████| 1319/1319 [07:26<00:00, 66.91it/s]100%|██████████| 1319/1319 [07:26<00:00, 66.91it/s]100%|██████████| 1319/1319 [07:26<00:00, 66.91it/s]100%|██████████| 1319/1319 [07:26<00:00, 66.91it/s]100%|██████████| 1319/1319 [07:26<00:00, 66.91it/s]100%|██████████| 1319/1319 [07:26<00:00, 66.91it/s]100%|██████████| 1319/1319 [07:26<00:00, 66.91it/s]100%|██████████| 1319/1319 [07:26<00:00, 66.91it/s]100%|██████████| 1319/1319 [07:26<00:00, 66.91it/s]100%|██████████| 1319/1319 [07:26<00:00, 66.91it/s]100%|██████████| 1319/1319 [07:26<00:00, 66.91it/s]100%|██████████| 1319/1319 [07:26<00:00, 66.91it/s]100%|██████████| 1319/1319 [07:26<00:00, 66.91it/s]100%|██████████| 1319/1319 [07:26<00:00, 66.91it/s]100%|██████████| 1319/1319 [07:26<00:00, 66.91it/s]100%|██████████| 1319/1319 [07:26<00:00, 66.91it/s]100%|██████████| 1319/1319 [07:26<00:00, 66.91it/s]100%|██████████| 1319/1319 [07:26<00:00, 66.91it/s]100%|██████████| 1319/1319 [07:26<00:00, 66.91it/s]100%|██████████| 1319/1319 [07:26<00:00, 66.91it/s]100%|██████████| 1319/1319 [07:26<00:00, 66.91it/s]100%|██████████| 1319/1319 [07:26<00:00, 66.91it/s]100%|██████████| 1319/1319 [07:26<00:00, 66.91it/s]100%|██████████| 1319/1319 [07:26<00:00, 66.91it/s]100%|██████████| 1319/1319 [07:26<00:00, 66.91it/s]100%|██████████| 1319/1319 [07:26<00:00, 66.91it/s]100%|██████████| 1319/1319 [07:26<00:00, 66.91it/s]100%|██████████| 1319/1319 [07:26<00:00, 66.91it/s]100%|██████████| 1319/1319 [07:26<00:00, 66.91it/s]100%|██████████| 1319/1319 [07:26<00:00, 66.91it/s]100%|██████████| 1319/1319 [07:26<00:00, 66.91it/s]100%|██████████| 1319/1319 [07:26<00:00, 66.91it/s]100%|██████████| 1319/1319 [07:26<00:00, 66.91it/s]100%|██████████| 1319/1319 [07:26<00:00, 66.91it/s]100%|██████████| 1319/1319 [07:26<00:00, 66.91it/s]100%|██████████| 1319/1319 [07:26<00:00, 66.91it/s]100%|██████████| 1319/1319 [07:26<00:00, 66.91it/s]100%|██████████| 1319/1319 [07:26<00:00, 66.91it/s]100%|██████████| 1319/1319 [07:26<00:00, 66.91it/s]100%|██████████| 1319/1319 [07:26<00:00, 66.91it/s]100%|██████████| 1319/1319 [07:26<00:00, 66.91it/s]100%|██████████| 1319/1319 [07:26<00:00, 66.91it/s]100%|██████████| 1319/1319 [07:26<00:00, 66.91it/s]100%|██████████| 1319/1319 [07:26<00:00, 66.91it/s]100%|██████████| 1319/1319 [07:26<00:00, 66.91it/s]100%|██████████| 1319/1319 [07:26<00:00, 66.91it/s]100%|██████████| 1319/1319 [07:26<00:00, 66.91it/s]100%|██████████| 1319/1319 [07:26<00:00, 66.91it/s]100%|██████████| 1319/1319 [07:26<00:00, 66.91it/s]100%|██████████| 1319/1319 [07:26<00:00, 66.91it/s]100%|██████████| 1319/1319 [07:26<00:00, 66.91it/s]100%|██████████| 1319/1319 [07:26<00:00, 66.91it/s]100%|██████████| 1319/1319 [07:26<00:00, 66.91it/s]100%|██████████| 1319/1319 [07:26<00:00, 66.91it/s]100%|██████████| 1319/1319 [07:26<00:00, 66.91it/s]100%|██████████| 1319/1319 [07:26<00:00, 66.91it/s]100%|██████████| 1319/1319 [07:26<00:00, 66.91it/s]100%|██████████| 1319/1319 [07:26<00:00, 66.91it/s]100%|██████████| 1319/1319 [07:26<00:00, 66.91it/s]100%|██████████| 1319/1319 [07:26<00:00, 66.91it/s]100%|██████████| 1319/1319 [07:26<00:00, 66.91it/s]100%|██████████| 1319/1319 [07:26<00:00, 66.91it/s]100%|██████████| 1319/1319 [07:26<00:00, 66.91it/s]100%|██████████| 1319/1319 [07:26<00:00, 66.91it/s]100%|██████████| 1319/1319 [07:26<00:00, 66.91it/s]100%|██████████| 1319/1319 [07:26<00:00, 66.91it/s]100%|██████████| 1319/1319 [07:26<00:00, 66.91it/s]100%|██████████| 1319/1319 [07:26<00:00, 66.91it/s]100%|██████████| 1319/1319 [07:26<00:00, 66.91it/s]100%|██████████| 1319/1319 [07:26<00:00, 66.91it/s]100%|██████████| 1319/1319 [07:26<00:00, 66.91it/s]100%|██████████| 1319/1319 [07:26<00:00, 66.91it/s]100%|██████████| 1319/1319 [07:26<00:00, 66.91it/s]100%|██████████| 1319/1319 [07:26<00:00, 66.91it/s]100%|██████████| 1319/1319 [07:26<00:00, 66.91it/s]100%|██████████| 1319/1319 [07:26<00:00, 66.91it/s]100%|██████████| 1319/1319 [07:26<00:00, 66.91it/s]100%|██████████| 1319/1319 [07:26<00:00, 66.91it/s]100%|██████████| 1319/1319 [07:26<00:00, 66.91it/s]100%|██████████| 1319/1319 [07:26<00:00, 66.91it/s]100%|██████████| 1319/1319 [07:26<00:00, 66.91it/s]100%|██████████| 1319/1319 [07:26<00:00, 66.91it/s]100%|██████████| 1319/1319 [07:26<00:00, 66.91it/s]100%|██████████| 1319/1319 [07:26<00:00, 66.91it/s]100%|██████████| 1319/1319 [07:26<00:00, 66.91it/s]100%|██████████| 1319/1319 [07:26<00:00, 66.91it/s]100%|██████████| 1319/1319 [07:26<00:00, 66.91it/s]100%|██████████| 1319/1319 [07:26<00:00, 66.91it/s]100%|██████████| 1319/1319 [07:26<00:00, 66.91it/s]100%|██████████| 1319/1319 [07:26<00:00, 66.91it/s]100%|██████████| 1319/1319 [07:26<00:00, 66.91it/s]100%|██████████| 1319/1319 [07:26<00:00, 66.91it/s]100%|██████████| 1319/1319 [07:26<00:00, 66.91it/s]100%|██████████| 1319/1319 [07:26<00:00, 66.91it/s]100%|██████████| 1319/1319 [07:26<00:00, 66.91it/s]100%|██████████| 1319/1319 [07:26<00:00, 66.91it/s]100%|██████████| 1319/1319 [07:26<00:00, 66.91it/s]100%|██████████| 1319/1319 [07:26<00:00, 66.91it/s]100%|██████████| 1319/1319 [07:26<00:00, 66.91it/s]100%|██████████| 1319/1319 [07:26<00:00, 66.91it/s]100%|██████████| 1319/1319 [07:26<00:00, 66.91it/s]100%|██████████| 1319/1319 [07:26<00:00, 66.91it/s]100%|██████████| 1319/1319 [07:26<00:00, 66.91it/s]100%|██████████| 1319/1319 [07:26<00:00, 66.91it/s]100%|██████████| 1319/1319 [07:26<00:00, 66.91it/s]100%|██████████| 1319/1319 [07:26<00:00, 66.91it/s]100%|██████████| 1319/1319 [07:26<00:00, 66.91it/s]100%|██████████| 1319/1319 [07:26<00:00, 66.91it/s]100%|██████████| 1319/1319 [07:26<00:00, 66.91it/s]100%|██████████| 1319/1319 [07:26<00:00, 66.91it/s]100%|██████████| 1319/1319 [07:26<00:00, 66.91it/s]100%|██████████| 1319/1319 [07:26<00:00, 66.91it/s]100%|██████████| 1319/1319 [07:26<00:00, 66.91it/s]100%|██████████| 1319/1319 [07:26<00:00, 66.91it/s]100%|██████████| 1319/1319 [07:26<00:00, 66.91it/s]100%|██████████| 1319/1319 [07:26<00:00, 66.91it/s]100%|██████████| 1319/1319 [07:26<00:00, 66.91it/s]100%|██████████| 1319/1319 [07:26<00:00, 66.91it/s]100%|██████████| 1319/1319 [07:26<00:00, 66.91it/s]100%|██████████| 1319/1319 [07:26<00:00, 66.91it/s]100%|██████████| 1319/1319 [07:26<00:00, 66.91it/s]100%|██████████| 1319/1319 [07:26<00:00, 66.91it/s]100%|██████████| 1319/1319 [07:26<00:00, 66.91it/s]100%|██████████| 1319/1319 [07:26<00:00, 66.91it/s]100%|██████████| 1319/1319 [07:26<00:00, 66.91it/s]100%|██████████| 1319/1319 [07:26<00:00, 66.91it/s]100%|██████████| 1319/1319 [07:26<00:00, 66.91it/s]100%|██████████| 1319/1319 [07:26<00:00, 66.91it/s]100%|██████████| 1319/1319 [07:26<00:00, 66.91it/s]100%|██████████| 1319/1319 [07:26<00:00, 66.91it/s]100%|██████████| 1319/1319 [07:26<00:00, 66.91it/s]100%|██████████| 1319/1319 [07:26<00:00, 66.91it/s]100%|██████████| 1319/1319 [07:26<00:00, 66.91it/s]100%|██████████| 1319/1319 [07:26<00:00, 66.91it/s]100%|██████████| 1319/1319 [07:26<00:00, 66.91it/s]100%|██████████| 1319/1319 [07:26<00:00, 66.91it/s]100%|██████████| 1319/1319 [07:26<00:00, 66.91it/s]100%|██████████| 1319/1319 [07:26<00:00, 66.91it/s]100%|██████████| 1319/1319 [07:26<00:00, 66.91it/s]100%|██████████| 1319/1319 [07:26<00:00, 66.91it/s]100%|██████████| 1319/1319 [07:26<00:00, 66.91it/s]100%|██████████| 1319/1319 [07:26<00:00, 66.91it/s]100%|██████████| 1319/1319 [07:26<00:00, 66.91it/s]100%|██████████| 1319/1319 [07:26<00:00, 66.91it/s]100%|██████████| 1319/1319 [07:26<00:00, 66.91it/s]100%|██████████| 1319/1319 [07:26<00:00, 66.91it/s]100%|██████████| 1319/1319 [07:26<00:00, 66.91it/s]100%|██████████| 1319/1319 [07:26<00:00, 66.91it/s]100%|██████████| 1319/1319 [07:26<00:00, 66.91it/s]100%|██████████| 1319/1319 [07:26<00:00, 66.91it/s]100%|██████████| 1319/1319 [07:26<00:00, 66.91it/s]100%|██████████| 1319/1319 [07:26<00:00, 66.91it/s]100%|██████████| 1319/1319 [07:26<00:00, 66.91it/s]100%|██████████| 1319/1319 [07:26<00:00, 66.91it/s]100%|██████████| 1319/1319 [07:26<00:00, 66.91it/s]100%|██████████| 1319/1319 [07:26<00:00, 66.91it/s]100%|██████████| 1319/1319 [07:26<00:00, 66.91it/s]100%|██████████| 1319/1319 [07:26<00:00, 66.91it/s]100%|██████████| 1319/1319 [07:26<00:00, 66.91it/s]100%|██████████| 1319/1319 [07:26<00:00, 66.91it/s]100%|██████████| 1319/1319 [07:26<00:00, 66.91it/s]100%|██████████| 1319/1319 [07:26<00:00, 66.91it/s]100%|██████████| 1319/1319 [07:26<00:00, 66.91it/s]100%|██████████| 1319/1319 [07:26<00:00, 66.91it/s]100%|██████████| 1319/1319 [07:26<00:00, 66.91it/s]100%|██████████| 1319/1319 [07:26<00:00, 66.91it/s]100%|██████████| 1319/1319 [07:26<00:00, 66.91it/s]100%|██████████| 1319/1319 [07:26<00:00, 66.91it/s]100%|██████████| 1319/1319 [07:26<00:00, 66.91it/s]100%|██████████| 1319/1319 [07:26<00:00, 66.91it/s]100%|██████████| 1319/1319 [07:26<00:00, 66.91it/s]100%|██████████| 1319/1319 [07:26<00:00, 66.91it/s]100%|██████████| 1319/1319 [07:26<00:00, 66.91it/s]100%|██████████| 1319/1319 [07:26<00:00, 66.91it/s]100%|██████████| 1319/1319 [07:26<00:00, 66.91it/s]100%|██████████| 1319/1319 [07:26<00:00, 66.91it/s]100%|██████████| 1319/1319 [07:26<00:00, 66.91it/s]100%|██████████| 1319/1319 [07:26<00:00, 66.91it/s]100%|██████████| 1319/1319 [07:26<00:00, 66.91it/s]100%|██████████| 1319/1319 [07:26<00:00, 66.91it/s]100%|██████████| 1319/1319 [07:26<00:00, 66.91it/s]100%|██████████| 1319/1319 [07:26<00:00, 66.91it/s]100%|██████████| 1319/1319 [07:26<00:00, 66.91it/s]100%|██████████| 1319/1319 [07:26<00:00, 66.91it/s]100%|██████████| 1319/1319 [07:26<00:00, 66.91it/s]100%|██████████| 1319/1319 [07:26<00:00, 66.91it/s]100%|██████████| 1319/1319 [07:26<00:00, 66.91it/s]100%|██████████| 1319/1319 [07:26<00:00, 66.91it/s]100%|██████████| 1319/1319 [07:26<00:00, 66.91it/s]100%|██████████| 1319/1319 [07:26<00:00, 66.91it/s]100%|██████████| 1319/1319 [07:26<00:00, 66.91it/s]100%|██████████| 1319/1319 [07:26<00:00, 66.91it/s]100%|██████████| 1319/1319 [07:26<00:00, 66.91it/s]100%|██████████| 1319/1319 [07:26<00:00, 66.91it/s]100%|██████████| 1319/1319 [07:26<00:00, 66.91it/s]100%|██████████| 1319/1319 [07:26<00:00, 66.91it/s]100%|██████████| 1319/1319 [07:26<00:00, 66.91it/s]100%|██████████| 1319/1319 [07:26<00:00, 66.91it/s]100%|██████████| 1319/1319 [07:26<00:00, 66.91it/s]100%|██████████| 1319/1319 [07:26<00:00, 66.91it/s]100%|██████████| 1319/1319 [07:26<00:00, 66.91it/s]100%|██████████| 1319/1319 [07:26<00:00, 66.91it/s]100%|██████████| 1319/1319 [07:26<00:00, 66.91it/s]100%|██████████| 1319/1319 [07:26<00:00, 66.91it/s]100%|██████████| 1319/1319 [07:26<00:00, 66.91it/s]100%|██████████| 1319/1319 [07:26<00:00, 66.91it/s]100%|██████████| 1319/1319 [07:26<00:00, 66.91it/s]100%|██████████| 1319/1319 [07:26<00:00, 66.91it/s]100%|██████████| 1319/1319 [07:26<00:00, 66.91it/s]100%|██████████| 1319/1319 [07:26<00:00, 66.91it/s]100%|██████████| 1319/1319 [07:26<00:00, 66.91it/s]100%|██████████| 1319/1319 [07:26<00:00, 66.91it/s]100%|██████████| 1319/1319 [07:26<00:00, 66.91it/s]100%|██████████| 1319/1319 [07:26<00:00, 66.91it/s]100%|██████████| 1319/1319 [07:26<00:00, 66.91it/s]100%|██████████| 1319/1319 [07:26<00:00, 66.91it/s]100%|██████████| 1319/1319 [07:26<00:00, 66.91it/s]100%|██████████| 1319/1319 [07:26<00:00, 66.91it/s]100%|██████████| 1319/1319 [07:26<00:00, 66.91it/s]100%|██████████| 1319/1319 [07:26<00:00, 66.91it/s]100%|██████████| 1319/1319 [07:26<00:00, 66.91it/s]100%|██████████| 1319/1319 [07:26<00:00, 66.91it/s]100%|██████████| 1319/1319 [07:26<00:00, 66.91it/s]100%|██████████| 1319/1319 [07:26<00:00, 66.91it/s]100%|██████████| 1319/1319 [07:26<00:00, 66.91it/s]100%|██████████| 1319/1319 [07:26<00:00, 66.91it/s]100%|██████████| 1319/1319 [07:26<00:00, 66.91it/s]100%|██████████| 1319/1319 [07:26<00:00, 66.91it/s]100%|██████████| 1319/1319 [07:26<00:00, 66.91it/s]100%|██████████| 1319/1319 [07:26<00:00, 66.91it/s]100%|██████████| 1319/1319 [07:26<00:00, 66.91it/s]100%|██████████| 1319/1319 [07:26<00:00, 66.91it/s]100%|██████████| 1319/1319 [07:26<00:00, 66.91it/s]100%|██████████| 1319/1319 [07:26<00:00, 66.91it/s]100%|██████████| 1319/1319 [07:26<00:00, 66.91it/s]100%|██████████| 1319/1319 [07:26<00:00, 66.91it/s]100%|██████████| 1319/1319 [07:26<00:00, 66.91it/s]100%|██████████| 1319/1319 [07:26<00:00, 66.91it/s]100%|██████████| 1319/1319 [07:26<00:00, 66.91it/s]100%|██████████| 1319/1319 [07:26<00:00, 66.91it/s]100%|██████████| 1319/1319 [07:26<00:00, 66.91it/s]100%|██████████| 1319/1319 [07:26<00:00, 66.91it/s]100%|██████████| 1319/1319 [07:26<00:00, 66.91it/s]100%|██████████| 1319/1319 [07:26<00:00, 66.91it/s]100%|██████████| 1319/1319 [07:26<00:00, 66.91it/s]100%|██████████| 1319/1319 [07:26<00:00, 66.91it/s]100%|██████████| 1319/1319 [07:26<00:00, 66.91it/s]100%|██████████| 1319/1319 [07:26<00:00, 66.91it/s]100%|██████████| 1319/1319 [07:26<00:00, 66.91it/s]100%|██████████| 1319/1319 [07:26<00:00, 66.91it/s]100%|██████████| 1319/1319 [07:26<00:00, 66.91it/s]100%|██████████| 1319/1319 [07:26<00:00, 66.91it/s]100%|██████████| 1319/1319 [07:26<00:00, 66.91it/s]100%|██████████| 1319/1319 [07:26<00:00, 66.91it/s]100%|██████████| 1319/1319 [07:26<00:00, 66.91it/s]100%|██████████| 1319/1319 [07:26<00:00, 66.91it/s]100%|██████████| 1319/1319 [07:26<00:00, 66.91it/s]100%|██████████| 1319/1319 [07:26<00:00, 66.91it/s]100%|██████████| 1319/1319 [07:26<00:00, 66.91it/s]100%|██████████| 1319/1319 [07:26<00:00, 66.91it/s]100%|██████████| 1319/1319 [07:26<00:00, 66.91it/s]100%|██████████| 1319/1319 [07:26<00:00, 66.91it/s]100%|██████████| 1319/1319 [07:26<00:00, 66.91it/s]100%|██████████| 1319/1319 [07:26<00:00, 66.91it/s]100%|██████████| 1319/1319 [07:26<00:00, 66.91it/s]100%|██████████| 1319/1319 [07:26<00:00, 66.91it/s]100%|██████████| 1319/1319 [07:26<00:00, 66.91it/s]100%|██████████| 1319/1319 [07:26<00:00, 66.91it/s]100%|██████████| 1319/1319 [07:26<00:00, 66.91it/s]100%|██████████| 1319/1319 [07:26<00:00, 66.91it/s]100%|██████████| 1319/1319 [07:26<00:00, 66.91it/s]100%|██████████| 1319/1319 [07:26<00:00, 66.91it/s]100%|██████████| 1319/1319 [07:26<00:00, 66.91it/s]100%|██████████| 1319/1319 [07:26<00:00, 66.91it/s]100%|██████████| 1319/1319 [07:26<00:00, 66.91it/s]100%|██████████| 1319/1319 [07:26<00:00, 66.91it/s]100%|██████████| 1319/1319 [07:26<00:00, 66.91it/s]100%|██████████| 1319/1319 [07:26<00:00, 66.91it/s]100%|██████████| 1319/1319 [07:26<00:00, 66.91it/s]100%|██████████| 1319/1319 [07:26<00:00, 66.91it/s]100%|██████████| 1319/1319 [07:26<00:00, 66.91it/s]100%|██████████| 1319/1319 [07:26<00:00, 66.91it/s]100%|██████████| 1319/1319 [07:26<00:00, 66.91it/s]100%|██████████| 1319/1319 [07:26<00:00, 66.91it/s]100%|██████████| 1319/1319 [07:26<00:00, 66.91it/s]100%|██████████| 1319/1319 [07:26<00:00, 66.91it/s]100%|██████████| 1319/1319 [07:26<00:00, 66.91it/s]100%|██████████| 1319/1319 [07:26<00:00, 66.91it/s]100%|██████████| 1319/1319 [07:26<00:00, 66.91it/s]100%|██████████| 1319/1319 [07:26<00:00, 66.91it/s]100%|██████████| 1319/1319 [07:26<00:00, 66.91it/s]100%|██████████| 1319/1319 [07:26<00:00, 66.91it/s]100%|██████████| 1319/1319 [07:26<00:00, 66.91it/s]100%|██████████| 1319/1319 [07:26<00:00, 66.91it/s]100%|██████████| 1319/1319 [07:26<00:00, 66.91it/s]100%|██████████| 1319/1319 [07:26<00:00, 66.91it/s]100%|██████████| 1319/1319 [07:26<00:00, 66.91it/s]100%|██████████| 1319/1319 [07:26<00:00, 66.91it/s]100%|██████████| 1319/1319 [07:26<00:00, 66.91it/s]100%|██████████| 1319/1319 [07:26<00:00, 66.91it/s]100%|██████████| 1319/1319 [07:26<00:00, 66.91it/s]100%|██████████| 1319/1319 [07:26<00:00, 66.91it/s]100%|██████████| 1319/1319 [07:26<00:00, 66.91it/s]100%|██████████| 1319/1319 [07:26<00:00, 66.91it/s]100%|██████████| 1319/1319 [07:26<00:00, 66.91it/s]100%|██████████| 1319/1319 [07:26<00:00, 66.91it/s]100%|██████████| 1319/1319 [07:26<00:00, 66.91it/s]100%|██████████| 1319/1319 [07:26<00:00, 66.91it/s]100%|██████████| 1319/1319 [07:26<00:00, 66.91it/s]100%|██████████| 1319/1319 [07:26<00:00, 66.91it/s]100%|██████████| 1319/1319 [07:26<00:00, 66.91it/s]100%|██████████| 1319/1319 [07:26<00:00, 66.91it/s]100%|██████████| 1319/1319 [07:26<00:00, 66.91it/s]100%|██████████| 1319/1319 [07:26<00:00, 66.91it/s]100%|██████████| 1319/1319 [07:26<00:00, 66.91it/s]100%|██████████| 1319/1319 [07:26<00:00, 66.91it/s]100%|██████████| 1319/1319 [07:26<00:00, 66.91it/s]100%|██████████| 1319/1319 [07:26<00:00, 66.91it/s]100%|██████████| 1319/1319 [07:26<00:00, 66.91it/s]100%|██████████| 1319/1319 [07:26<00:00, 66.91it/s]100%|██████████| 1319/1319 [07:26<00:00, 66.91it/s]100%|██████████| 1319/1319 [07:26<00:00, 66.91it/s]100%|██████████| 1319/1319 [07:26<00:00, 66.91it/s]100%|██████████| 1319/1319 [07:26<00:00, 66.91it/s]100%|██████████| 1319/1319 [07:26<00:00, 66.91it/s]100%|██████████| 1319/1319 [07:26<00:00, 66.91it/s]100%|██████████| 1319/1319 [07:26<00:00, 66.91it/s]100%|██████████| 1319/1319 [07:26<00:00, 66.91it/s]100%|██████████| 1319/1319 [07:26<00:00, 66.91it/s]100%|██████████| 1319/1319 [07:26<00:00, 66.91it/s]100%|██████████| 1319/1319 [07:26<00:00, 66.91it/s]100%|██████████| 1319/1319 [07:26<00:00, 66.91it/s]100%|██████████| 1319/1319 [07:26<00:00, 66.91it/s]100%|██████████| 1319/1319 [07:26<00:00, 66.91it/s]100%|██████████| 1319/1319 [07:26<00:00, 66.91it/s]100%|██████████| 1319/1319 [07:26<00:00, 66.91it/s]100%|██████████| 1319/1319 [07:26<00:00, 66.91it/s]100%|██████████| 1319/1319 [07:26<00:00, 66.91it/s]100%|██████████| 1319/1319 [07:26<00:00, 66.91it/s]100%|██████████| 1319/1319 [07:26<00:00, 66.91it/s]100%|██████████| 1319/1319 [07:26<00:00, 66.91it/s]100%|██████████| 1319/1319 [07:26<00:00, 66.91it/s]100%|██████████| 1319/1319 [07:26<00:00, 66.91it/s]100%|██████████| 1319/1319 [07:26<00:00, 66.91it/s]100%|██████████| 1319/1319 [07:26<00:00, 66.91it/s]100%|██████████| 1319/1319 [07:26<00:00, 66.91it/s]100%|██████████| 1319/1319 [07:26<00:00, 66.91it/s]100%|██████████| 1319/1319 [07:26<00:00, 66.91it/s]100%|██████████| 1319/1319 [07:26<00:00, 66.91it/s]100%|██████████| 1319/1319 [07:26<00:00, 66.91it/s]100%|██████████| 1319/1319 [07:26<00:00, 66.91it/s]100%|██████████| 1319/1319 [07:26<00:00, 66.91it/s]100%|██████████| 1319/1319 [07:26<00:00, 66.91it/s]100%|██████████| 1319/1319 [07:26<00:00, 66.91it/s]100%|██████████| 1319/1319 [07:26<00:00, 66.91it/s]100%|██████████| 1319/1319 [07:26<00:00, 66.91it/s]100%|██████████| 1319/1319 [07:26<00:00, 66.91it/s]100%|██████████| 1319/1319 [07:26<00:00, 66.91it/s]100%|██████████| 1319/1319 [07:26<00:00, 66.91it/s]100%|██████████| 1319/1319 [07:26<00:00, 66.91it/s]100%|██████████| 1319/1319 [07:26<00:00, 66.91it/s]100%|██████████| 1319/1319 [07:26<00:00, 66.91it/s]100%|██████████| 1319/1319 [07:26<00:00, 66.91it/s]100%|██████████| 1319/1319 [07:26<00:00, 66.91it/s]100%|██████████| 1319/1319 [07:26<00:00, 66.91it/s]100%|██████████| 1319/1319 [07:26<00:00, 66.91it/s]100%|██████████| 1319/1319 [07:26<00:00, 66.91it/s]100%|██████████| 1319/1319 [07:26<00:00, 66.91it/s]100%|██████████| 1319/1319 [07:26<00:00, 66.91it/s]100%|██████████| 1319/1319 [07:26<00:00, 66.91it/s]100%|██████████| 1319/1319 [07:26<00:00, 66.91it/s]100%|██████████| 1319/1319 [07:26<00:00, 66.91it/s]100%|██████████| 1319/1319 [07:26<00:00, 66.91it/s]100%|██████████| 1319/1319 [07:26<00:00, 66.91it/s]100%|██████████| 1319/1319 [07:26<00:00, 66.91it/s]100%|██████████| 1319/1319 [07:26<00:00, 66.91it/s]100%|██████████| 1319/1319 [07:26<00:00, 66.91it/s]100%|██████████| 1319/1319 [07:26<00:00, 66.91it/s]100%|██████████| 1319/1319 [07:26<00:00, 66.91it/s]100%|██████████| 1319/1319 [07:26<00:00, 66.91it/s]100%|██████████| 1319/1319 [07:26<00:00, 66.91it/s]100%|██████████| 1319/1319 [07:26<00:00, 66.91it/s]100%|██████████| 1319/1319 [07:26<00:00, 66.91it/s]100%|██████████| 1319/1319 [07:26<00:00, 66.91it/s]100%|██████████| 1319/1319 [07:26<00:00, 66.91it/s]100%|██████████| 1319/1319 [07:26<00:00, 66.91it/s]100%|██████████| 1319/1319 [07:26<00:00, 66.91it/s]100%|██████████| 1319/1319 [07:26<00:00, 66.91it/s]100%|██████████| 1319/1319 [07:26<00:00, 66.91it/s]100%|██████████| 1319/1319 [07:26<00:00, 66.91it/s]100%|██████████| 1319/1319 [07:26<00:00, 66.91it/s]100%|██████████| 1319/1319 [07:26<00:00, 66.91it/s]100%|██████████| 1319/1319 [07:26<00:00, 66.91it/s]100%|██████████| 1319/1319 [07:26<00:00, 66.91it/s]100%|██████████| 1319/1319 [07:26<00:00, 66.91it/s]100%|██████████| 1319/1319 [07:26<00:00, 66.91it/s]100%|██████████| 1319/1319 [07:26<00:00, 66.91it/s]100%|██████████| 1319/1319 [07:26<00:00, 66.91it/s]100%|██████████| 1319/1319 [07:26<00:00, 66.91it/s]100%|██████████| 1319/1319 [07:26<00:00, 66.91it/s]100%|██████████| 1319/1319 [07:26<00:00, 66.91it/s]100%|██████████| 1319/1319 [07:26<00:00, 66.91it/s]100%|██████████| 1319/1319 [07:26<00:00, 66.91it/s]100%|██████████| 1319/1319 [07:26<00:00, 66.91it/s]100%|██████████| 1319/1319 [07:26<00:00, 66.91it/s]100%|██████████| 1319/1319 [07:26<00:00, 66.91it/s]100%|██████████| 1319/1319 [07:26<00:00, 66.91it/s]100%|██████████| 1319/1319 [07:26<00:00, 66.91it/s]100%|██████████| 1319/1319 [07:26<00:00, 66.91it/s]100%|██████████| 1319/1319 [07:26<00:00, 66.91it/s]100%|██████████| 1319/1319 [07:26<00:00, 66.91it/s]100%|██████████| 1319/1319 [07:26<00:00, 66.91it/s]100%|██████████| 1319/1319 [07:26<00:00, 66.91it/s]100%|██████████| 1319/1319 [07:26<00:00, 66.91it/s]100%|██████████| 1319/1319 [07:26<00:00, 66.91it/s]100%|██████████| 1319/1319 [07:26<00:00, 66.91it/s]100%|██████████| 1319/1319 [07:26<00:00, 66.91it/s]100%|██████████| 1319/1319 [07:26<00:00, 66.91it/s]100%|██████████| 1319/1319 [07:26<00:00, 66.91it/s]100%|██████████| 1319/1319 [07:26<00:00, 66.91it/s]100%|██████████| 1319/1319 [07:26<00:00, 66.91it/s]100%|██████████| 1319/1319 [07:26<00:00, 66.91it/s]100%|██████████| 1319/1319 [07:26<00:00, 66.91it/s]100%|██████████| 1319/1319 [07:26<00:00, 66.91it/s]100%|██████████| 1319/1319 [07:26<00:00, 66.91it/s]100%|██████████| 1319/1319 [07:26<00:00, 66.91it/s]100%|██████████| 1319/1319 [07:26<00:00, 66.91it/s]100%|██████████| 1319/1319 [07:26<00:00, 66.91it/s]100%|██████████| 1319/1319 [07:26<00:00, 66.91it/s]100%|██████████| 1319/1319 [07:26<00:00, 66.91it/s]100%|██████████| 1319/1319 [07:26<00:00, 66.91it/s]100%|██████████| 1319/1319 [07:26<00:00, 66.91it/s]100%|██████████| 1319/1319 [07:26<00:00, 66.91it/s]100%|██████████| 1319/1319 [07:26<00:00, 66.91it/s]100%|██████████| 1319/1319 [07:26<00:00, 66.91it/s]100%|██████████| 1319/1319 [07:26<00:00, 66.91it/s]100%|██████████| 1319/1319 [07:26<00:00, 66.91it/s]100%|██████████| 1319/1319 [07:26<00:00, 66.91it/s]100%|██████████| 1319/1319 [07:26<00:00, 66.91it/s]100%|██████████| 1319/1319 [07:26<00:00, 66.91it/s]100%|██████████| 1319/1319 [07:26<00:00, 66.91it/s]100%|██████████| 1319/1319 [07:26<00:00, 66.91it/s]100%|██████████| 1319/1319 [07:26<00:00, 66.91it/s]100%|██████████| 1319/1319 [07:26<00:00, 66.91it/s]100%|██████████| 1319/1319 [07:26<00:00, 66.91it/s]100%|██████████| 1319/1319 [07:26<00:00, 66.91it/s]100%|██████████| 1319/1319 [07:26<00:00, 66.91it/s]100%|██████████| 1319/1319 [07:26<00:00, 66.91it/s]100%|██████████| 1319/1319 [07:26<00:00, 66.91it/s]100%|██████████| 1319/1319 [07:26<00:00, 66.91it/s]100%|██████████| 1319/1319 [07:26<00:00, 66.91it/s]100%|██████████| 1319/1319 [07:26<00:00, 66.91it/s]100%|██████████| 1319/1319 [07:26<00:00, 66.91it/s]100%|██████████| 1319/1319 [07:26<00:00, 66.91it/s]100%|██████████| 1319/1319 [07:26<00:00, 66.91it/s]100%|██████████| 1319/1319 [07:26<00:00, 66.91it/s]100%|██████████| 1319/1319 [07:26<00:00, 66.91it/s]100%|██████████| 1319/1319 [07:26<00:00, 66.91it/s]100%|██████████| 1319/1319 [07:26<00:00, 66.91it/s]100%|██████████| 1319/1319 [07:26<00:00, 66.91it/s]100%|██████████| 1319/1319 [07:26<00:00, 66.91it/s]100%|██████████| 1319/1319 [07:26<00:00, 66.91it/s]100%|██████████| 1319/1319 [07:26<00:00, 66.91it/s]100%|██████████| 1319/1319 [07:26<00:00, 66.91it/s]100%|██████████| 1319/1319 [07:26<00:00, 66.91it/s]100%|██████████| 1319/1319 [07:26<00:00, 66.91it/s]100%|██████████| 1319/1319 [07:26<00:00, 66.91it/s]100%|██████████| 1319/1319 [07:26<00:00, 66.91it/s]100%|██████████| 1319/1319 [07:26<00:00, 66.91it/s]100%|██████████| 1319/1319 [07:26<00:00, 66.91it/s]100%|██████████| 1319/1319 [07:26<00:00, 66.91it/s]100%|██████████| 1319/1319 [07:26<00:00, 66.91it/s]100%|██████████| 1319/1319 [07:26<00:00, 66.91it/s]100%|██████████| 1319/1319 [07:26<00:00, 66.91it/s]100%|██████████| 1319/1319 [07:26<00:00, 66.91it/s]100%|██████████| 1319/1319 [07:26<00:00, 66.91it/s]100%|██████████| 1319/1319 [07:26<00:00, 66.91it/s]100%|██████████| 1319/1319 [07:26<00:00, 66.91it/s]100%|██████████| 1319/1319 [07:26<00:00, 66.91it/s]100%|██████████| 1319/1319 [07:26<00:00, 66.91it/s]100%|██████████| 1319/1319 [07:26<00:00, 66.91it/s]100%|██████████| 1319/1319 [07:26<00:00, 66.91it/s]100%|██████████| 1319/1319 [07:26<00:00, 66.91it/s]100%|██████████| 1319/1319 [07:26<00:00, 66.91it/s]100%|██████████| 1319/1319 [07:26<00:00, 66.91it/s]100%|██████████| 1319/1319 [07:26<00:00, 66.91it/s]100%|██████████| 1319/1319 [07:26<00:00, 66.91it/s]100%|██████████| 1319/1319 [07:26<00:00, 66.91it/s]100%|██████████| 1319/1319 [07:26<00:00, 66.91it/s]100%|██████████| 1319/1319 [07:26<00:00, 66.91it/s]100%|██████████| 1319/1319 [07:26<00:00, 66.91it/s]100%|██████████| 1319/1319 [07:26<00:00, 66.91it/s]100%|██████████| 1319/1319 [07:26<00:00, 66.91it/s]100%|██████████| 1319/1319 [07:26<00:00, 66.91it/s]100%|██████████| 1319/1319 [07:26<00:00, 66.91it/s]100%|██████████| 1319/1319 [07:26<00:00, 66.91it/s]100%|██████████| 1319/1319 [07:26<00:00, 66.91it/s]100%|██████████| 1319/1319 [07:26<00:00, 66.91it/s]100%|██████████| 1319/1319 [07:26<00:00, 66.91it/s]100%|██████████| 1319/1319 [07:26<00:00, 66.91it/s]100%|██████████| 1319/1319 [07:26<00:00, 66.91it/s]100%|██████████| 1319/1319 [07:26<00:00, 66.91it/s]100%|██████████| 1319/1319 [07:26<00:00, 66.91it/s]100%|██████████| 1319/1319 [07:26<00:00, 66.91it/s]100%|██████████| 1319/1319 [07:26<00:00, 66.91it/s]100%|██████████| 1319/1319 [07:26<00:00, 66.91it/s]100%|██████████| 1319/1319 [07:26<00:00, 66.91it/s]100%|██████████| 1319/1319 [07:26<00:00, 66.91it/s]100%|██████████| 1319/1319 [07:26<00:00, 66.91it/s]100%|██████████| 1319/1319 [07:26<00:00, 66.91it/s]100%|██████████| 1319/1319 [07:26<00:00, 66.91it/s]100%|██████████| 1319/1319 [07:26<00:00, 66.91it/s]100%|██████████| 1319/1319 [07:26<00:00, 66.91it/s]100%|██████████| 1319/1319 [07:26<00:00, 66.91it/s]100%|██████████| 1319/1319 [07:26<00:00, 66.91it/s]100%|██████████| 1319/1319 [07:26<00:00, 66.91it/s]100%|██████████| 1319/1319 [07:26<00:00, 66.91it/s]100%|██████████| 1319/1319 [07:26<00:00, 66.91it/s]100%|██████████| 1319/1319 [07:26<00:00, 66.91it/s]100%|██████████| 1319/1319 [07:26<00:00, 66.91it/s]100%|██████████| 1319/1319 [07:26<00:00, 66.91it/s]100%|██████████| 1319/1319 [07:26<00:00, 66.91it/s]100%|██████████| 1319/1319 [07:26<00:00, 66.91it/s]100%|██████████| 1319/1319 [07:26<00:00, 66.91it/s]100%|██████████| 1319/1319 [07:26<00:00, 66.91it/s]100%|██████████| 1319/1319 [07:26<00:00, 66.91it/s]100%|██████████| 1319/1319 [07:26<00:00, 66.91it/s]100%|██████████| 1319/1319 [07:26<00:00, 66.91it/s]100%|██████████| 1319/1319 [07:26<00:00, 66.91it/s]100%|██████████| 1319/1319 [07:26<00:00, 66.91it/s]100%|██████████| 1319/1319 [07:26<00:00, 66.91it/s]100%|██████████| 1319/1319 [07:26<00:00, 66.91it/s]100%|██████████| 1319/1319 [07:26<00:00, 66.91it/s]100%|██████████| 1319/1319 [07:26<00:00, 66.91it/s]100%|██████████| 1319/1319 [07:26<00:00, 66.91it/s]100%|██████████| 1319/1319 [07:26<00:00, 66.91it/s]100%|██████████| 1319/1319 [07:26<00:00, 66.91it/s]100%|██████████| 1319/1319 [07:26<00:00, 66.91it/s]100%|██████████| 1319/1319 [07:26<00:00, 66.91it/s]100%|██████████| 1319/1319 [07:26<00:00, 66.91it/s]100%|██████████| 1319/1319 [07:26<00:00, 66.91it/s]100%|██████████| 1319/1319 [07:26<00:00, 66.91it/s]100%|██████████| 1319/1319 [07:26<00:00, 66.91it/s]100%|██████████| 1319/1319 [07:26<00:00, 66.91it/s]100%|██████████| 1319/1319 [07:26<00:00, 66.91it/s]100%|██████████| 1319/1319 [07:26<00:00, 66.91it/s]100%|██████████| 1319/1319 [07:26<00:00, 66.91it/s]100%|██████████| 1319/1319 [07:26<00:00, 66.91it/s]100%|██████████| 1319/1319 [07:26<00:00, 66.91it/s]100%|██████████| 1319/1319 [07:26<00:00, 66.91it/s]100%|██████████| 1319/1319 [07:26<00:00, 66.91it/s]100%|██████████| 1319/1319 [07:26<00:00, 66.91it/s]100%|██████████| 1319/1319 [07:26<00:00, 66.91it/s]100%|██████████| 1319/1319 [07:26<00:00, 66.91it/s]100%|██████████| 1319/1319 [07:26<00:00, 66.91it/s]100%|██████████| 1319/1319 [07:26<00:00, 66.91it/s]100%|██████████| 1319/1319 [07:26<00:00, 66.91it/s]100%|██████████| 1319/1319 [07:26<00:00, 66.91it/s]100%|██████████| 1319/1319 [07:26<00:00, 66.91it/s]100%|██████████| 1319/1319 [07:26<00:00, 66.91it/s]100%|██████████| 1319/1319 [07:26<00:00, 66.91it/s]100%|██████████| 1319/1319 [07:26<00:00, 66.91it/s]100%|██████████| 1319/1319 [07:26<00:00, 66.91it/s]100%|██████████| 1319/1319 [07:26<00:00, 66.91it/s]100%|██████████| 1319/1319 [07:26<00:00, 66.91it/s]100%|██████████| 1319/1319 [07:26<00:00, 66.91it/s]100%|██████████| 1319/1319 [07:26<00:00, 66.91it/s]100%|██████████| 1319/1319 [07:26<00:00, 66.91it/s]100%|██████████| 1319/1319 [07:26<00:00, 66.91it/s]100%|██████████| 1319/1319 [07:26<00:00, 66.91it/s]100%|██████████| 1319/1319 [07:26<00:00, 66.91it/s]100%|██████████| 1319/1319 [07:26<00:00, 66.91it/s]100%|██████████| 1319/1319 [07:26<00:00, 66.91it/s]100%|██████████| 1319/1319 [07:26<00:00, 66.91it/s]100%|██████████| 1319/1319 [07:26<00:00, 66.91it/s]100%|██████████| 1319/1319 [07:26<00:00, 66.91it/s]100%|██████████| 1319/1319 [07:26<00:00, 66.91it/s]100%|██████████| 1319/1319 [07:26<00:00, 66.91it/s]100%|██████████| 1319/1319 [07:26<00:00, 66.91it/s]100%|██████████| 1319/1319 [07:26<00:00, 66.91it/s]100%|██████████| 1319/1319 [07:26<00:00, 66.91it/s]100%|██████████| 1319/1319 [07:26<00:00, 66.91it/s]100%|██████████| 1319/1319 [07:26<00:00, 66.91it/s]100%|██████████| 1319/1319 [07:26<00:00, 66.91it/s]100%|██████████| 1319/1319 [07:26<00:00, 66.91it/s]100%|██████████| 1319/1319 [07:26<00:00, 66.91it/s]100%|██████████| 1319/1319 [07:26<00:00, 66.91it/s]100%|██████████| 1319/1319 [07:26<00:00, 66.91it/s]100%|██████████| 1319/1319 [07:26<00:00, 66.91it/s]100%|██████████| 1319/1319 [07:26<00:00, 66.91it/s]100%|██████████| 1319/1319 [07:26<00:00, 66.91it/s]100%|██████████| 1319/1319 [07:26<00:00, 66.91it/s]100%|██████████| 1319/1319 [07:26<00:00, 66.91it/s]100%|██████████| 1319/1319 [07:26<00:00, 66.91it/s]100%|██████████| 1319/1319 [07:26<00:00, 66.91it/s]100%|██████████| 1319/1319 [07:26<00:00, 66.91it/s]100%|██████████| 1319/1319 [07:26<00:00, 66.91it/s]100%|██████████| 1319/1319 [07:26<00:00, 66.91it/s]100%|██████████| 1319/1319 [07:26<00:00, 66.91it/s]100%|██████████| 1319/1319 [07:26<00:00, 66.91it/s]100%|██████████| 1319/1319 [07:26<00:00, 66.91it/s]100%|██████████| 1319/1319 [07:26<00:00, 66.91it/s]100%|██████████| 1319/1319 [07:26<00:00, 66.91it/s]100%|██████████| 1319/1319 [07:26<00:00, 66.91it/s]100%|██████████| 1319/1319 [07:26<00:00, 66.91it/s]100%|██████████| 1319/1319 [07:26<00:00, 66.91it/s]100%|██████████| 1319/1319 [07:26<00:00, 66.91it/s]100%|██████████| 1319/1319 [07:26<00:00, 66.91it/s]100%|██████████| 1319/1319 [07:26<00:00, 66.91it/s]100%|██████████| 1319/1319 [07:26<00:00, 66.91it/s]100%|██████████| 1319/1319 [07:26<00:00, 66.91it/s]100%|██████████| 1319/1319 [07:26<00:00, 66.91it/s]100%|██████████| 1319/1319 [07:26<00:00, 66.91it/s]100%|██████████| 1319/1319 [07:26<00:00, 66.91it/s]100%|██████████| 1319/1319 [07:26<00:00, 66.91it/s]100%|██████████| 1319/1319 [07:26<00:00, 66.91it/s]100%|██████████| 1319/1319 [07:26<00:00, 66.91it/s]100%|██████████| 1319/1319 [07:26<00:00, 66.91it/s]100%|██████████| 1319/1319 [07:26<00:00, 66.91it/s]100%|██████████| 1319/1319 [07:26<00:00, 66.91it/s]100%|██████████| 1319/1319 [07:26<00:00, 66.91it/s]100%|██████████| 1319/1319 [07:26<00:00, 66.91it/s]100%|██████████| 1319/1319 [07:26<00:00, 66.91it/s]100%|██████████| 1319/1319 [07:26<00:00, 66.91it/s]100%|██████████| 1319/1319 [07:26<00:00, 66.91it/s]100%|██████████| 1319/1319 [07:26<00:00, 66.91it/s]100%|██████████| 1319/1319 [07:26<00:00, 66.91it/s]100%|██████████| 1319/1319 [07:26<00:00, 66.91it/s]100%|██████████| 1319/1319 [07:26<00:00, 66.91it/s]100%|██████████| 1319/1319 [07:26<00:00, 66.91it/s]100%|██████████| 1319/1319 [07:26<00:00, 66.91it/s]100%|██████████| 1319/1319 [07:26<00:00, 66.91it/s]100%|██████████| 1319/1319 [07:26<00:00, 66.91it/s]100%|██████████| 1319/1319 [07:26<00:00, 66.91it/s]100%|██████████| 1319/1319 [07:26<00:00, 66.91it/s]100%|██████████| 1319/1319 [07:26<00:00, 66.91it/s]100%|██████████| 1319/1319 [07:26<00:00, 66.91it/s]100%|██████████| 1319/1319 [07:26<00:00, 66.91it/s]100%|██████████| 1319/1319 [07:26<00:00, 66.91it/s]100%|██████████| 1319/1319 [07:26<00:00, 66.91it/s]100%|██████████| 1319/1319 [07:26<00:00, 66.91it/s]100%|██████████| 1319/1319 [07:26<00:00, 66.91it/s]100%|██████████| 1319/1319 [07:26<00:00, 66.91it/s]100%|██████████| 1319/1319 [07:26<00:00, 66.91it/s]100%|██████████| 1319/1319 [07:26<00:00, 66.91it/s]100%|██████████| 1319/1319 [07:26<00:00, 66.91it/s]100%|██████████| 1319/1319 [07:26<00:00, 66.91it/s]100%|██████████| 1319/1319 [07:26<00:00, 66.91it/s]100%|██████████| 1319/1319 [07:26<00:00, 66.91it/s]100%|██████████| 1319/1319 [07:26<00:00, 66.91it/s]100%|██████████| 1319/1319 [07:26<00:00, 66.91it/s]100%|██████████| 1319/1319 [07:26<00:00, 66.91it/s]100%|██████████| 1319/1319 [07:26<00:00, 66.91it/s]100%|██████████| 1319/1319 [07:26<00:00, 66.91it/s]100%|██████████| 1319/1319 [07:26<00:00, 66.91it/s]100%|██████████| 1319/1319 [07:26<00:00, 66.91it/s]100%|██████████| 1319/1319 [07:26<00:00, 66.91it/s]100%|██████████| 1319/1319 [07:26<00:00, 66.91it/s]100%|██████████| 1319/1319 [07:26<00:00, 66.91it/s]100%|██████████| 1319/1319 [07:26<00:00, 66.91it/s]100%|██████████| 1319/1319 [07:26<00:00, 66.91it/s]100%|██████████| 1319/1319 [07:26<00:00, 66.91it/s]100%|██████████| 1319/1319 [07:26<00:00, 66.91it/s]100%|██████████| 1319/1319 [07:26<00:00, 66.91it/s]100%|██████████| 1319/1319 [07:26<00:00, 66.91it/s]100%|██████████| 1319/1319 [07:26<00:00, 66.91it/s]100%|██████████| 1319/1319 [07:26<00:00, 66.91it/s]100%|██████████| 1319/1319 [07:26<00:00, 66.91it/s]100%|██████████| 1319/1319 [07:26<00:00, 66.91it/s]100%|██████████| 1319/1319 [07:26<00:00, 66.91it/s]100%|██████████| 1319/1319 [07:26<00:00, 66.91it/s]100%|██████████| 1319/1319 [07:26<00:00, 66.91it/s]100%|██████████| 1319/1319 [07:26<00:00, 66.91it/s]100%|██████████| 1319/1319 [07:26<00:00, 66.91it/s]100%|██████████| 1319/1319 [07:26<00:00, 66.91it/s]100%|██████████| 1319/1319 [07:26<00:00, 66.91it/s]100%|██████████| 1319/1319 [07:26<00:00, 66.91it/s]100%|██████████| 1319/1319 [07:26<00:00, 66.91it/s]100%|██████████| 1319/1319 [07:26<00:00, 66.91it/s]100%|██████████| 1319/1319 [07:26<00:00, 66.91it/s]100%|██████████| 1319/1319 [07:26<00:00, 66.91it/s]100%|██████████| 1319/1319 [07:26<00:00, 66.91it/s]100%|██████████| 1319/1319 [07:26<00:00, 66.91it/s]100%|██████████| 1319/1319 [07:26<00:00, 66.91it/s]100%|██████████| 1319/1319 [07:26<00:00, 66.91it/s]100%|██████████| 1319/1319 [07:26<00:00, 66.91it/s]100%|██████████| 1319/1319 [07:26<00:00, 66.91it/s]100%|██████████| 1319/1319 [07:26<00:00, 66.91it/s]100%|██████████| 1319/1319 [07:26<00:00, 66.91it/s]100%|██████████| 1319/1319 [07:26<00:00, 66.91it/s]100%|██████████| 1319/1319 [07:26<00:00, 66.91it/s]100%|██████████| 1319/1319 [07:26<00:00, 66.91it/s]100%|██████████| 1319/1319 [07:26<00:00, 66.91it/s]100%|██████████| 1319/1319 [07:26<00:00, 66.91it/s]100%|██████████| 1319/1319 [07:26<00:00, 66.91it/s]100%|██████████| 1319/1319 [07:26<00:00, 66.91it/s]100%|██████████| 1319/1319 [07:26<00:00, 66.91it/s]100%|██████████| 1319/1319 [07:26<00:00, 66.91it/s]100%|██████████| 1319/1319 [07:26<00:00, 66.91it/s]100%|██████████| 1319/1319 [07:26<00:00, 66.91it/s]100%|██████████| 1319/1319 [07:26<00:00, 66.91it/s]100%|██████████| 1319/1319 [07:26<00:00, 66.91it/s]100%|██████████| 1319/1319 [07:26<00:00, 66.91it/s]100%|██████████| 1319/1319 [07:26<00:00, 66.91it/s]100%|██████████| 1319/1319 [07:26<00:00, 66.91it/s]100%|██████████| 1319/1319 [07:26<00:00, 66.91it/s]100%|██████████| 1319/1319 [07:26<00:00, 66.91it/s]100%|██████████| 1319/1319 [07:26<00:00, 66.91it/s]100%|██████████| 1319/1319 [07:26<00:00, 66.91it/s]100%|██████████| 1319/1319 [07:26<00:00, 66.91it/s]100%|██████████| 1319/1319 [07:26<00:00, 66.91it/s]100%|██████████| 1319/1319 [07:26<00:00, 66.91it/s]100%|██████████| 1319/1319 [07:26<00:00, 66.91it/s]100%|██████████| 1319/1319 [07:26<00:00, 66.91it/s]100%|██████████| 1319/1319 [07:26<00:00, 66.91it/s]100%|██████████| 1319/1319 [07:26<00:00, 66.91it/s]100%|██████████| 1319/1319 [07:26<00:00, 66.91it/s]100%|██████████| 1319/1319 [07:26<00:00, 66.91it/s]100%|██████████| 1319/1319 [07:26<00:00, 66.91it/s]100%|██████████| 1319/1319 [07:26<00:00, 66.91it/s]100%|██████████| 1319/1319 [07:26<00:00, 66.91it/s]100%|██████████| 1319/1319 [07:26<00:00, 66.91it/s]100%|██████████| 1319/1319 [07:26<00:00, 66.91it/s]100%|██████████| 1319/1319 [07:26<00:00, 66.91it/s]100%|██████████| 1319/1319 [07:26<00:00, 66.91it/s]100%|██████████| 1319/1319 [07:26<00:00, 66.91it/s]100%|██████████| 1319/1319 [07:26<00:00, 66.91it/s]100%|██████████| 1319/1319 [07:26<00:00, 66.91it/s]100%|██████████| 1319/1319 [07:26<00:00, 66.91it/s]100%|██████████| 1319/1319 [07:26<00:00, 66.91it/s]100%|██████████| 1319/1319 [07:26<00:00, 66.91it/s]100%|██████████| 1319/1319 [07:26<00:00, 66.91it/s]100%|██████████| 1319/1319 [07:26<00:00, 66.91it/s]100%|██████████| 1319/1319 [07:26<00:00, 66.91it/s]100%|██████████| 1319/1319 [07:26<00:00, 66.91it/s]100%|██████████| 1319/1319 [07:26<00:00, 66.91it/s]100%|██████████| 1319/1319 [07:26<00:00, 66.91it/s]100%|██████████| 1319/1319 [07:26<00:00, 66.91it/s]100%|██████████| 1319/1319 [07:26<00:00, 66.91it/s]100%|██████████| 1319/1319 [07:26<00:00, 66.91it/s]100%|██████████| 1319/1319 [07:26<00:00, 66.91it/s]100%|██████████| 1319/1319 [07:26<00:00, 66.91it/s]100%|██████████| 1319/1319 [07:26<00:00, 66.91it/s]100%|██████████| 1319/1319 [07:26<00:00, 66.91it/s]100%|██████████| 1319/1319 [07:26<00:00, 66.91it/s]100%|██████████| 1319/1319 [07:26<00:00, 66.91it/s]100%|██████████| 1319/1319 [07:26<00:00, 66.91it/s]100%|██████████| 1319/1319 [07:26<00:00, 66.91it/s]100%|██████████| 1319/1319 [07:26<00:00, 66.91it/s]100%|██████████| 1319/1319 [07:26<00:00, 66.91it/s]100%|██████████| 1319/1319 [07:26<00:00, 66.91it/s]100%|██████████| 1319/1319 [07:26<00:00, 66.91it/s]100%|██████████| 1319/1319 [07:26<00:00, 66.91it/s]100%|██████████| 1319/1319 [07:26<00:00, 66.91it/s]100%|██████████| 1319/1319 [07:26<00:00, 66.91it/s]100%|██████████| 1319/1319 [07:26<00:00, 66.91it/s]100%|██████████| 1319/1319 [07:26<00:00, 66.91it/s]100%|██████████| 1319/1319 [07:26<00:00, 66.91it/s]100%|██████████| 1319/1319 [07:26<00:00, 66.91it/s]100%|██████████| 1319/1319 [07:26<00:00, 66.91it/s]100%|██████████| 1319/1319 [07:26<00:00, 66.91it/s]100%|██████████| 1319/1319 [07:26<00:00, 66.91it/s]100%|██████████| 1319/1319 [07:26<00:00, 66.91it/s]100%|██████████| 1319/1319 [07:26<00:00, 66.91it/s]100%|██████████| 1319/1319 [07:26<00:00, 66.91it/s]100%|██████████| 1319/1319 [07:26<00:00, 66.91it/s]100%|██████████| 1319/1319 [07:26<00:00, 66.91it/s]100%|██████████| 1319/1319 [07:26<00:00, 66.91it/s]100%|██████████| 1319/1319 [07:26<00:00, 66.91it/s]100%|██████████| 1319/1319 [07:26<00:00, 66.91it/s]100%|██████████| 1319/1319 [07:26<00:00, 66.91it/s]100%|██████████| 1319/1319 [07:26<00:00, 66.91it/s]100%|██████████| 1319/1319 [07:26<00:00, 66.91it/s]100%|██████████| 1319/1319 [07:26<00:00, 66.91it/s]100%|██████████| 1319/1319 [07:26<00:00, 66.91it/s]100%|██████████| 1319/1319 [07:26<00:00, 66.91it/s]100%|██████████| 1319/1319 [07:26<00:00, 66.91it/s]100%|██████████| 1319/1319 [07:26<00:00, 66.91it/s]100%|██████████| 1319/1319 [07:26<00:00, 66.91it/s]100%|██████████| 1319/1319 [07:26<00:00, 66.91it/s]100%|██████████| 1319/1319 [07:26<00:00, 66.91it/s]100%|██████████| 1319/1319 [07:26<00:00, 66.91it/s]100%|██████████| 1319/1319 [07:26<00:00, 66.91it/s]100%|██████████| 1319/1319 [07:26<00:00, 66.91it/s]100%|██████████| 1319/1319 [07:26<00:00, 66.91it/s]100%|██████████| 1319/1319 [07:26<00:00, 66.91it/s]100%|██████████| 1319/1319 [07:26<00:00, 66.91it/s]100%|██████████| 1319/1319 [07:26<00:00, 66.91it/s]100%|██████████| 1319/1319 [07:26<00:00, 66.91it/s]100%|██████████| 1319/1319 [07:26<00:00, 66.91it/s]100%|██████████| 1319/1319 [07:26<00:00, 66.91it/s]100%|██████████| 1319/1319 [07:26<00:00, 66.91it/s]100%|██████████| 1319/1319 [07:26<00:00, 66.91it/s]100%|██████████| 1319/1319 [07:26<00:00, 66.91it/s]100%|██████████| 1319/1319 [07:26<00:00, 66.91it/s]100%|██████████| 1319/1319 [07:26<00:00, 66.91it/s]100%|██████████| 1319/1319 [07:26<00:00, 66.91it/s]100%|██████████| 1319/1319 [07:26<00:00, 66.91it/s]100%|██████████| 1319/1319 [07:26<00:00, 66.91it/s]100%|██████████| 1319/1319 [07:26<00:00, 66.91it/s]100%|██████████| 1319/1319 [07:26<00:00, 66.91it/s]100%|██████████| 1319/1319 [07:26<00:00, 66.91it/s]100%|██████████| 1319/1319 [07:26<00:00, 66.91it/s]100%|██████████| 1319/1319 [07:26<00:00, 66.91it/s]100%|██████████| 1319/1319 [07:26<00:00, 66.91it/s]100%|██████████| 1319/1319 [07:26<00:00, 66.91it/s]100%|██████████| 1319/1319 [07:26<00:00, 66.91it/s]100%|██████████| 1319/1319 [07:26<00:00, 66.91it/s]100%|██████████| 1319/1319 [07:26<00:00, 66.91it/s]100%|██████████| 1319/1319 [07:26<00:00, 66.91it/s]100%|██████████| 1319/1319 [07:26<00:00, 66.91it/s]100%|██████████| 1319/1319 [07:26<00:00, 66.91it/s]100%|██████████| 1319/1319 [07:26<00:00, 66.91it/s]100%|██████████| 1319/1319 [07:26<00:00, 66.91it/s]100%|██████████| 1319/1319 [07:26<00:00, 66.91it/s]100%|██████████| 1319/1319 [07:26<00:00, 66.91it/s]100%|██████████| 1319/1319 [07:26<00:00, 66.91it/s]100%|██████████| 1319/1319 [07:26<00:00, 66.91it/s]100%|██████████| 1319/1319 [07:26<00:00, 66.91it/s]100%|██████████| 1319/1319 [07:26<00:00, 66.91it/s]100%|██████████| 1319/1319 [07:26<00:00, 66.91it/s]100%|██████████| 1319/1319 [07:26<00:00, 66.91it/s]100%|██████████| 1319/1319 [07:26<00:00, 66.91it/s]100%|██████████| 1319/1319 [07:26<00:00, 66.91it/s]100%|██████████| 1319/1319 [07:26<00:00, 66.91it/s]100%|██████████| 1319/1319 [07:26<00:00, 66.91it/s]100%|██████████| 1319/1319 [07:26<00:00, 66.91it/s]100%|██████████| 1319/1319 [07:26<00:00, 66.91it/s]100%|██████████| 1319/1319 [07:26<00:00, 66.91it/s]100%|██████████| 1319/1319 [07:26<00:00, 66.91it/s]100%|██████████| 1319/1319 [07:26<00:00, 66.91it/s]100%|██████████| 1319/1319 [07:26<00:00, 66.91it/s]100%|██████████| 1319/1319 [07:26<00:00, 66.91it/s]100%|██████████| 1319/1319 [07:26<00:00, 66.91it/s]100%|██████████| 1319/1319 [07:26<00:00, 66.91it/s]100%|██████████| 1319/1319 [07:26<00:00, 66.91it/s]100%|██████████| 1319/1319 [07:26<00:00, 66.91it/s]100%|██████████| 1319/1319 [07:26<00:00, 66.91it/s]100%|██████████| 1319/1319 [07:26<00:00, 66.91it/s]100%|██████████| 1319/1319 [07:26<00:00, 66.91it/s]100%|██████████| 1319/1319 [07:26<00:00, 66.91it/s]100%|██████████| 1319/1319 [07:26<00:00, 66.91it/s]100%|██████████| 1319/1319 [07:26<00:00, 66.91it/s]100%|██████████| 1319/1319 [07:26<00:00, 66.91it/s]100%|██████████| 1319/1319 [07:26<00:00, 66.91it/s]100%|██████████| 1319/1319 [07:26<00:00, 66.91it/s]100%|██████████| 1319/1319 [07:26<00:00, 66.91it/s]100%|██████████| 1319/1319 [07:26<00:00, 66.91it/s]100%|██████████| 1319/1319 [07:26<00:00, 66.91it/s]100%|██████████| 1319/1319 [07:26<00:00, 66.91it/s]100%|██████████| 1319/1319 [07:26<00:00, 66.91it/s]100%|██████████| 1319/1319 [07:26<00:00, 66.91it/s]100%|██████████| 1319/1319 [07:26<00:00, 66.91it/s]100%|██████████| 1319/1319 [07:26<00:00, 66.91it/s]100%|██████████| 1319/1319 [07:26<00:00, 66.91it/s]100%|██████████| 1319/1319 [07:26<00:00, 66.91it/s]100%|██████████| 1319/1319 [07:26<00:00, 66.91it/s]100%|██████████| 1319/1319 [07:26<00:00, 66.91it/s]100%|██████████| 1319/1319 [07:26<00:00, 66.91it/s]100%|██████████| 1319/1319 [07:26<00:00, 66.91it/s]100%|██████████| 1319/1319 [07:26<00:00, 66.91it/s]100%|██████████| 1319/1319 [07:26<00:00, 66.91it/s]100%|██████████| 1319/1319 [07:26<00:00, 66.91it/s]100%|██████████| 1319/1319 [07:26<00:00, 66.91it/s]100%|██████████| 1319/1319 [07:26<00:00, 66.91it/s]100%|██████████| 1319/1319 [07:26<00:00, 66.91it/s]100%|██████████| 1319/1319 [07:26<00:00, 66.91it/s]100%|██████████| 1319/1319 [07:26<00:00, 66.91it/s]100%|██████████| 1319/1319 [07:26<00:00, 66.91it/s]100%|██████████| 1319/1319 [07:26<00:00, 66.91it/s]100%|██████████| 1319/1319 [07:26<00:00, 66.91it/s]100%|██████████| 1319/1319 [07:26<00:00, 66.91it/s]100%|██████████| 1319/1319 [07:26<00:00, 66.91it/s]100%|██████████| 1319/1319 [07:26<00:00, 66.91it/s]100%|██████████| 1319/1319 [07:26<00:00, 66.91it/s]100%|██████████| 1319/1319 [07:26<00:00, 66.91it/s]100%|██████████| 1319/1319 [07:26<00:00, 66.91it/s]100%|██████████| 1319/1319 [07:26<00:00, 66.91it/s]100%|██████████| 1319/1319 [07:26<00:00, 66.91it/s]100%|██████████| 1319/1319 [07:26<00:00, 66.91it/s]100%|██████████| 1319/1319 [07:26<00:00, 66.91it/s]100%|██████████| 1319/1319 [07:26<00:00, 66.91it/s]100%|██████████| 1319/1319 [07:26<00:00, 66.91it/s]100%|██████████| 1319/1319 [07:26<00:00, 66.91it/s]100%|██████████| 1319/1319 [07:26<00:00, 66.91it/s]100%|██████████| 1319/1319 [07:26<00:00, 66.91it/s]100%|██████████| 1319/1319 [07:26<00:00, 66.91it/s]100%|██████████| 1319/1319 [07:26<00:00, 66.91it/s]100%|██████████| 1319/1319 [07:26<00:00, 66.91it/s]100%|██████████| 1319/1319 [07:26<00:00, 66.91it/s]100%|██████████| 1319/1319 [07:26<00:00, 66.91it/s]100%|██████████| 1319/1319 [07:26<00:00, 66.91it/s]100%|██████████| 1319/1319 [07:26<00:00, 66.91it/s]100%|██████████| 1319/1319 [07:26<00:00, 66.91it/s]100%|██████████| 1319/1319 [07:26<00:00, 66.91it/s]100%|██████████| 1319/1319 [07:26<00:00, 66.91it/s]100%|██████████| 1319/1319 [07:26<00:00, 66.91it/s]100%|██████████| 1319/1319 [07:26<00:00, 66.91it/s]100%|██████████| 1319/1319 [07:26<00:00, 66.91it/s]100%|██████████| 1319/1319 [07:26<00:00, 66.91it/s]100%|██████████| 1319/1319 [07:26<00:00, 66.91it/s]100%|██████████| 1319/1319 [07:26<00:00, 66.91it/s]100%|██████████| 1319/1319 [07:26<00:00, 66.91it/s]100%|██████████| 1319/1319 [07:26<00:00, 66.91it/s]100%|██████████| 1319/1319 [07:26<00:00, 66.91it/s]100%|██████████| 1319/1319 [07:26<00:00, 66.91it/s]100%|██████████| 1319/1319 [07:26<00:00, 66.91it/s]100%|██████████| 1319/1319 [07:26<00:00, 66.91it/s]100%|██████████| 1319/1319 [07:26<00:00, 66.91it/s]100%|██████████| 1319/1319 [07:26<00:00, 66.91it/s]100%|██████████| 1319/1319 [07:26<00:00, 66.91it/s]100%|██████████| 1319/1319 [07:26<00:00, 66.91it/s]100%|██████████| 1319/1319 [07:26<00:00, 66.91it/s]100%|██████████| 1319/1319 [07:26<00:00, 66.91it/s]100%|██████████| 1319/1319 [07:26<00:00, 66.91it/s]100%|██████████| 1319/1319 [07:26<00:00, 66.91it/s]100%|██████████| 1319/1319 [07:26<00:00, 66.91it/s]100%|██████████| 1319/1319 [07:26<00:00, 66.91it/s]100%|██████████| 1319/1319 [07:26<00:00, 66.91it/s]100%|██████████| 1319/1319 [07:26<00:00, 66.91it/s]100%|██████████| 1319/1319 [07:26<00:00, 66.91it/s]100%|██████████| 1319/1319 [07:26<00:00, 66.91it/s]100%|██████████| 1319/1319 [07:26<00:00, 66.91it/s]100%|██████████| 1319/1319 [07:26<00:00, 66.91it/s]100%|██████████| 1319/1319 [07:26<00:00, 66.91it/s]100%|██████████| 1319/1319 [07:26<00:00, 66.91it/s]100%|██████████| 1319/1319 [07:26<00:00, 66.91it/s]100%|██████████| 1319/1319 [07:26<00:00, 66.91it/s]100%|██████████| 1319/1319 [07:26<00:00, 66.91it/s]100%|██████████| 1319/1319 [07:26<00:00, 66.91it/s]100%|██████████| 1319/1319 [07:26<00:00, 66.91it/s]100%|██████████| 1319/1319 [07:26<00:00, 66.91it/s]100%|██████████| 1319/1319 [07:26<00:00, 66.91it/s]100%|██████████| 1319/1319 [07:26<00:00, 66.91it/s]100%|██████████| 1319/1319 [07:26<00:00, 66.91it/s]100%|██████████| 1319/1319 [07:26<00:00, 66.91it/s]100%|██████████| 1319/1319 [07:26<00:00, 66.91it/s]100%|██████████| 1319/1319 [07:26<00:00, 66.91it/s]100%|██████████| 1319/1319 [07:26<00:00, 66.91it/s]100%|██████████| 1319/1319 [07:26<00:00, 66.91it/s]100%|██████████| 1319/1319 [07:26<00:00, 66.91it/s]100%|██████████| 1319/1319 [07:26<00:00, 66.91it/s]100%|██████████| 1319/1319 [07:26<00:00, 66.91it/s]100%|██████████| 1319/1319 [07:26<00:00, 66.91it/s]100%|██████████| 1319/1319 [07:26<00:00, 66.91it/s]100%|██████████| 1319/1319 [07:26<00:00, 66.91it/s]100%|██████████| 1319/1319 [07:26<00:00, 66.91it/s]100%|██████████| 1319/1319 [07:26<00:00, 66.91it/s]100%|██████████| 1319/1319 [07:26<00:00, 66.91it/s]100%|██████████| 1319/1319 [07:26<00:00, 66.91it/s]100%|██████████| 1319/1319 [07:26<00:00, 66.91it/s]100%|██████████| 1319/1319 [07:26<00:00, 66.91it/s]100%|██████████| 1319/1319 [07:26<00:00, 66.91it/s]100%|██████████| 1319/1319 [07:26<00:00, 66.91it/s]100%|██████████| 1319/1319 [07:26<00:00, 66.91it/s]100%|██████████| 1319/1319 [07:26<00:00, 66.91it/s]100%|██████████| 1319/1319 [07:26<00:00, 66.91it/s]100%|██████████| 1319/1319 [07:26<00:00, 66.91it/s]100%|██████████| 1319/1319 [07:26<00:00, 66.91it/s]100%|██████████| 1319/1319 [07:26<00:00, 66.91it/s]100%|██████████| 1319/1319 [07:26<00:00, 66.91it/s]100%|██████████| 1319/1319 [07:26<00:00, 66.91it/s]100%|██████████| 1319/1319 [07:26<00:00, 66.91it/s]100%|██████████| 1319/1319 [07:26<00:00, 66.91it/s]100%|██████████| 1319/1319 [07:26<00:00, 66.91it/s]100%|██████████| 1319/1319 [07:26<00:00, 66.91it/s]100%|██████████| 1319/1319 [07:26<00:00, 66.91it/s]100%|██████████| 1319/1319 [07:26<00:00, 66.91it/s]100%|██████████| 1319/1319 [07:26<00:00, 66.91it/s]100%|██████████| 1319/1319 [07:26<00:00, 66.91it/s]100%|██████████| 1319/1319 [07:26<00:00, 66.91it/s]100%|██████████| 1319/1319 [07:26<00:00, 66.91it/s]100%|██████████| 1319/1319 [07:26<00:00, 66.91it/s]100%|██████████| 1319/1319 [07:26<00:00, 66.91it/s]100%|██████████| 1319/1319 [07:26<00:00, 66.91it/s]100%|██████████| 1319/1319 [07:26<00:00, 66.91it/s]100%|██████████| 1319/1319 [07:26<00:00, 66.91it/s]100%|██████████| 1319/1319 [07:26<00:00, 66.91it/s]100%|██████████| 1319/1319 [07:26<00:00, 66.91it/s]100%|██████████| 1319/1319 [07:26<00:00, 66.91it/s]100%|██████████| 1319/1319 [07:26<00:00, 66.91it/s]100%|██████████| 1319/1319 [07:26<00:00, 66.91it/s]100%|██████████| 1319/1319 [07:26<00:00, 66.91it/s]100%|██████████| 1319/1319 [07:26<00:00, 66.91it/s]100%|██████████| 1319/1319 [07:26<00:00, 66.91it/s]100%|██████████| 1319/1319 [07:26<00:00, 66.91it/s]100%|██████████| 1319/1319 [07:26<00:00, 66.91it/s]100%|██████████| 1319/1319 [07:26<00:00, 66.91it/s]100%|██████████| 1319/1319 [07:26<00:00, 66.91it/s]100%|██████████| 1319/1319 [07:26<00:00, 66.91it/s]100%|██████████| 1319/1319 [07:26<00:00, 66.91it/s]100%|██████████| 1319/1319 [07:26<00:00, 66.91it/s]100%|██████████| 1319/1319 [07:26<00:00, 66.91it/s]100%|██████████| 1319/1319 [07:26<00:00, 66.91it/s]100%|██████████| 1319/1319 [07:26<00:00, 66.91it/s]100%|██████████| 1319/1319 [07:26<00:00, 66.91it/s]100%|██████████| 1319/1319 [07:26<00:00, 66.91it/s]100%|██████████| 1319/1319 [07:26<00:00, 66.91it/s]100%|██████████| 1319/1319 [07:26<00:00, 66.91it/s]100%|██████████| 1319/1319 [07:26<00:00, 66.91it/s]100%|██████████| 1319/1319 [07:26<00:00, 66.91it/s]100%|██████████| 1319/1319 [07:26<00:00, 66.91it/s]100%|██████████| 1319/1319 [07:26<00:00, 66.91it/s]100%|██████████| 1319/1319 [07:26<00:00, 66.91it/s]100%|██████████| 1319/1319 [07:26<00:00, 66.91it/s]100%|██████████| 1319/1319 [07:26<00:00, 66.91it/s]100%|██████████| 1319/1319 [07:26<00:00, 66.91it/s]100%|██████████| 1319/1319 [07:26<00:00, 66.91it/s]100%|██████████| 1319/1319 [07:26<00:00, 66.91it/s]100%|██████████| 1319/1319 [07:26<00:00, 66.91it/s]100%|██████████| 1319/1319 [07:26<00:00, 66.91it/s]100%|██████████| 1319/1319 [07:26<00:00, 66.91it/s]100%|██████████| 1319/1319 [07:26<00:00, 66.91it/s]100%|██████████| 1319/1319 [07:26<00:00, 66.91it/s]100%|██████████| 1319/1319 [07:26<00:00, 66.91it/s]100%|██████████| 1319/1319 [07:26<00:00, 66.91it/s]100%|██████████| 1319/1319 [07:26<00:00, 66.91it/s]100%|██████████| 1319/1319 [07:26<00:00, 66.91it/s]100%|██████████| 1319/1319 [07:26<00:00, 66.91it/s]100%|██████████| 1319/1319 [07:26<00:00, 66.91it/s]100%|██████████| 1319/1319 [07:26<00:00, 66.91it/s]100%|██████████| 1319/1319 [07:26<00:00, 66.91it/s]100%|██████████| 1319/1319 [07:26<00:00, 66.91it/s]100%|██████████| 1319/1319 [07:26<00:00, 66.91it/s]100%|██████████| 1319/1319 [07:26<00:00, 66.91it/s]100%|██████████| 1319/1319 [07:26<00:00, 66.91it/s]100%|██████████| 1319/1319 [07:26<00:00, 66.91it/s]100%|██████████| 1319/1319 [07:26<00:00, 66.91it/s]100%|██████████| 1319/1319 [07:26<00:00, 66.91it/s]100%|██████████| 1319/1319 [07:26<00:00, 66.91it/s]100%|██████████| 1319/1319 [07:26<00:00, 66.91it/s]100%|██████████| 1319/1319 [07:26<00:00, 66.91it/s]100%|██████████| 1319/1319 [07:26<00:00, 66.91it/s]100%|██████████| 1319/1319 [07:26<00:00, 66.91it/s]100%|██████████| 1319/1319 [07:26<00:00, 66.91it/s]100%|██████████| 1319/1319 [07:26<00:00, 66.91it/s]100%|██████████| 1319/1319 [07:26<00:00, 66.91it/s]100%|██████████| 1319/1319 [07:26<00:00, 66.91it/s]100%|██████████| 1319/1319 [07:26<00:00, 66.91it/s]100%|██████████| 1319/1319 [07:26<00:00, 66.91it/s]100%|██████████| 1319/1319 [07:26<00:00, 66.91it/s]100%|██████████| 1319/1319 [07:26<00:00, 66.91it/s]100%|██████████| 1319/1319 [07:26<00:00, 66.91it/s]100%|██████████| 1319/1319 [07:26<00:00, 66.91it/s]100%|██████████| 1319/1319 [07:26<00:00, 66.91it/s]100%|██████████| 1319/1319 [07:26<00:00, 66.91it/s]100%|██████████| 1319/1319 [07:26<00:00, 66.91it/s]100%|██████████| 1319/1319 [07:26<00:00, 66.91it/s]100%|██████████| 1319/1319 [07:26<00:00, 66.91it/s]100%|██████████| 1319/1319 [07:26<00:00, 66.91it/s]100%|██████████| 1319/1319 [07:26<00:00, 66.91it/s]100%|██████████| 1319/1319 [07:26<00:00, 66.91it/s]100%|██████████| 1319/1319 [07:26<00:00, 66.91it/s]100%|██████████| 1319/1319 [07:26<00:00, 66.91it/s]100%|██████████| 1319/1319 [07:26<00:00, 66.91it/s]100%|██████████| 1319/1319 [07:26<00:00, 66.91it/s]100%|██████████| 1319/1319 [07:26<00:00, 66.91it/s]100%|██████████| 1319/1319 [07:26<00:00, 66.91it/s]100%|██████████| 1319/1319 [07:26<00:00, 66.91it/s]100%|██████████| 1319/1319 [07:26<00:00,  2.95it/s]
Traceback (most recent call last):
  File "/sgl-workspace/sglang/benchmark/gsm8k/bench_sglang.py", line 148, in <module>
    main(args)
  File "/sgl-workspace/sglang/benchmark/gsm8k/bench_sglang.py", line 99, in main
    preds.append(get_answer_value(states[i]["answer"]))
                                  ~~~~~~~~~^^^^^^^^^^
  File "/sgl-workspace/sglang/python/sglang/lang/interpreter.py", line 992, in __getitem__
    return self.get_var(name)
           ^^^^^^^^^^^^^^^^^^
  File "/sgl-workspace/sglang/python/sglang/lang/interpreter.py", line 977, in get_var
    return self.stream_executor.get_var(name)
           ^^^^^^^^^^^^^^^^^^^^^^^^^^^^^^^^^^
  File "/sgl-workspace/sglang/python/sglang/lang/interpreter.py", line 333, in get_var
    return self.variables[name]
           ~~~~~~~~~~~~~~^^^^^^
KeyError: 'answer'
Run 1 completed in 455 seconds
Run 1: Accuracy not found, defaulting to 0
Run 1: Accuracy: 0
Executing GSM8K test Run 2 for mode aiter...
Traceback (most recent call last):
  File "/usr/lib/python3.12/urllib/request.py", line 1344, in do_open
    h.request(req.get_method(), req.selector, req.data, headers,
  File "/usr/lib/python3.12/http/client.py", line 1336, in request
    self._send_request(method, url, body, headers, encode_chunked)
  File "/usr/lib/python3.12/http/client.py", line 1382, in _send_request
    self.endheaders(body, encode_chunked=encode_chunked)
  File "/usr/lib/python3.12/http/client.py", line 1331, in endheaders
    self._send_output(message_body, encode_chunked=encode_chunked)
  File "/usr/lib/python3.12/http/client.py", line 1091, in _send_output
    self.send(msg)
  File "/usr/lib/python3.12/http/client.py", line 1035, in send
    self.connect()
  File "/usr/lib/python3.12/http/client.py", line 1001, in connect
    self.sock = self._create_connection(
                ^^^^^^^^^^^^^^^^^^^^^^^^
  File "/usr/lib/python3.12/socket.py", line 865, in create_connection
    raise exceptions[0]
  File "/usr/lib/python3.12/socket.py", line 850, in create_connection
    sock.connect(sa)
ConnectionRefusedError: [Errno 111] Connection refused

During handling of the above exception, another exception occurred:

Traceback (most recent call last):
  File "/sgl-workspace/sglang/benchmark/gsm8k/bench_sglang.py", line 148, in <module>
    main(args)
  File "/sgl-workspace/sglang/benchmark/gsm8k/bench_sglang.py", line 48, in main
    set_default_backend(select_sglang_backend(args))
                        ^^^^^^^^^^^^^^^^^^^^^^^^^^^
  File "/sgl-workspace/sglang/python/sglang/test/test_utils.py", line 385, in select_sglang_backend
    backend = RuntimeEndpoint(f"{args.host}:{args.port}")
              ^^^^^^^^^^^^^^^^^^^^^^^^^^^^^^^^^^^^^^^^^^^
  File "/sgl-workspace/sglang/python/sglang/lang/backend/runtime_endpoint.py", line 40, in __init__
    res = http_request(
          ^^^^^^^^^^^^^
  File "/sgl-workspace/sglang/python/sglang/utils.py", line 167, in http_request
    resp = urllib.request.urlopen(req, data=data, cafile=verify)
           ^^^^^^^^^^^^^^^^^^^^^^^^^^^^^^^^^^^^^^^^^^^^^^^^^^^^^
  File "/usr/lib/python3.12/urllib/request.py", line 215, in urlopen
    return opener.open(url, data, timeout)
           ^^^^^^^^^^^^^^^^^^^^^^^^^^^^^^^
  File "/usr/lib/python3.12/urllib/request.py", line 515, in open
    response = self._open(req, data)
               ^^^^^^^^^^^^^^^^^^^^^
  File "/usr/lib/python3.12/urllib/request.py", line 532, in _open
    result = self._call_chain(self.handle_open, protocol, protocol +
             ^^^^^^^^^^^^^^^^^^^^^^^^^^^^^^^^^^^^^^^^^^^^^^^^^^^^^^^
  File "/usr/lib/python3.12/urllib/request.py", line 492, in _call_chain
    result = func(*args)
             ^^^^^^^^^^^
  File "/usr/lib/python3.12/urllib/request.py", line 1373, in http_open
    return self.do_open(http.client.HTTPConnection, req)
           ^^^^^^^^^^^^^^^^^^^^^^^^^^^^^^^^^^^^^^^^^^^^^
  File "/usr/lib/python3.12/urllib/request.py", line 1347, in do_open
    raise URLError(err)
urllib.error.URLError: <urlopen error [Errno 111] Connection refused>
Run 2 completed in 9 seconds
Run 2: Accuracy not found, defaulting to 0
Run 2: Accuracy: 0
Executing GSM8K test Run 3 for mode aiter...
Traceback (most recent call last):
  File "/usr/lib/python3.12/urllib/request.py", line 1344, in do_open
    h.request(req.get_method(), req.selector, req.data, headers,
  File "/usr/lib/python3.12/http/client.py", line 1336, in request
    self._send_request(method, url, body, headers, encode_chunked)
  File "/usr/lib/python3.12/http/client.py", line 1382, in _send_request
    self.endheaders(body, encode_chunked=encode_chunked)
  File "/usr/lib/python3.12/http/client.py", line 1331, in endheaders
    self._send_output(message_body, encode_chunked=encode_chunked)
  File "/usr/lib/python3.12/http/client.py", line 1091, in _send_output
    self.send(msg)
  File "/usr/lib/python3.12/http/client.py", line 1035, in send
    self.connect()
  File "/usr/lib/python3.12/http/client.py", line 1001, in connect
    self.sock = self._create_connection(
                ^^^^^^^^^^^^^^^^^^^^^^^^
  File "/usr/lib/python3.12/socket.py", line 865, in create_connection
    raise exceptions[0]
  File "/usr/lib/python3.12/socket.py", line 850, in create_connection
    sock.connect(sa)
ConnectionRefusedError: [Errno 111] Connection refused

During handling of the above exception, another exception occurred:

Traceback (most recent call last):
  File "/sgl-workspace/sglang/benchmark/gsm8k/bench_sglang.py", line 148, in <module>
    main(args)
  File "/sgl-workspace/sglang/benchmark/gsm8k/bench_sglang.py", line 48, in main
    set_default_backend(select_sglang_backend(args))
                        ^^^^^^^^^^^^^^^^^^^^^^^^^^^
  File "/sgl-workspace/sglang/python/sglang/test/test_utils.py", line 385, in select_sglang_backend
    backend = RuntimeEndpoint(f"{args.host}:{args.port}")
              ^^^^^^^^^^^^^^^^^^^^^^^^^^^^^^^^^^^^^^^^^^^
  File "/sgl-workspace/sglang/python/sglang/lang/backend/runtime_endpoint.py", line 40, in __init__
    res = http_request(
          ^^^^^^^^^^^^^
  File "/sgl-workspace/sglang/python/sglang/utils.py", line 167, in http_request
    resp = urllib.request.urlopen(req, data=data, cafile=verify)
           ^^^^^^^^^^^^^^^^^^^^^^^^^^^^^^^^^^^^^^^^^^^^^^^^^^^^^
  File "/usr/lib/python3.12/urllib/request.py", line 215, in urlopen
    return opener.open(url, data, timeout)
           ^^^^^^^^^^^^^^^^^^^^^^^^^^^^^^^
  File "/usr/lib/python3.12/urllib/request.py", line 515, in open
    response = self._open(req, data)
               ^^^^^^^^^^^^^^^^^^^^^
  File "/usr/lib/python3.12/urllib/request.py", line 532, in _open
    result = self._call_chain(self.handle_open, protocol, protocol +
             ^^^^^^^^^^^^^^^^^^^^^^^^^^^^^^^^^^^^^^^^^^^^^^^^^^^^^^^
  File "/usr/lib/python3.12/urllib/request.py", line 492, in _call_chain
    result = func(*args)
             ^^^^^^^^^^^
  File "/usr/lib/python3.12/urllib/request.py", line 1373, in http_open
    return self.do_open(http.client.HTTPConnection, req)
           ^^^^^^^^^^^^^^^^^^^^^^^^^^^^^^^^^^^^^^^^^^^^^
  File "/usr/lib/python3.12/urllib/request.py", line 1347, in do_open
    raise URLError(err)
urllib.error.URLError: <urlopen error [Errno 111] Connection refused>
Run 3 completed in 8 seconds
Run 3: Accuracy not found, defaulting to 0
Run 3: Accuracy: 0
Executing GSM8K test Run 4 for mode aiter...
Traceback (most recent call last):
  File "/usr/lib/python3.12/urllib/request.py", line 1344, in do_open
    h.request(req.get_method(), req.selector, req.data, headers,
  File "/usr/lib/python3.12/http/client.py", line 1336, in request
    self._send_request(method, url, body, headers, encode_chunked)
  File "/usr/lib/python3.12/http/client.py", line 1382, in _send_request
    self.endheaders(body, encode_chunked=encode_chunked)
  File "/usr/lib/python3.12/http/client.py", line 1331, in endheaders
    self._send_output(message_body, encode_chunked=encode_chunked)
  File "/usr/lib/python3.12/http/client.py", line 1091, in _send_output
    self.send(msg)
  File "/usr/lib/python3.12/http/client.py", line 1035, in send
    self.connect()
  File "/usr/lib/python3.12/http/client.py", line 1001, in connect
    self.sock = self._create_connection(
                ^^^^^^^^^^^^^^^^^^^^^^^^
  File "/usr/lib/python3.12/socket.py", line 865, in create_connection
    raise exceptions[0]
  File "/usr/lib/python3.12/socket.py", line 850, in create_connection
    sock.connect(sa)
ConnectionRefusedError: [Errno 111] Connection refused

During handling of the above exception, another exception occurred:

Traceback (most recent call last):
  File "/sgl-workspace/sglang/benchmark/gsm8k/bench_sglang.py", line 148, in <module>
    main(args)
  File "/sgl-workspace/sglang/benchmark/gsm8k/bench_sglang.py", line 48, in main
    set_default_backend(select_sglang_backend(args))
                        ^^^^^^^^^^^^^^^^^^^^^^^^^^^
  File "/sgl-workspace/sglang/python/sglang/test/test_utils.py", line 385, in select_sglang_backend
    backend = RuntimeEndpoint(f"{args.host}:{args.port}")
              ^^^^^^^^^^^^^^^^^^^^^^^^^^^^^^^^^^^^^^^^^^^
  File "/sgl-workspace/sglang/python/sglang/lang/backend/runtime_endpoint.py", line 40, in __init__
    res = http_request(
          ^^^^^^^^^^^^^
  File "/sgl-workspace/sglang/python/sglang/utils.py", line 167, in http_request
    resp = urllib.request.urlopen(req, data=data, cafile=verify)
           ^^^^^^^^^^^^^^^^^^^^^^^^^^^^^^^^^^^^^^^^^^^^^^^^^^^^^
  File "/usr/lib/python3.12/urllib/request.py", line 215, in urlopen
    return opener.open(url, data, timeout)
           ^^^^^^^^^^^^^^^^^^^^^^^^^^^^^^^
  File "/usr/lib/python3.12/urllib/request.py", line 515, in open
    response = self._open(req, data)
               ^^^^^^^^^^^^^^^^^^^^^
  File "/usr/lib/python3.12/urllib/request.py", line 532, in _open
    result = self._call_chain(self.handle_open, protocol, protocol +
             ^^^^^^^^^^^^^^^^^^^^^^^^^^^^^^^^^^^^^^^^^^^^^^^^^^^^^^^
  File "/usr/lib/python3.12/urllib/request.py", line 492, in _call_chain
    result = func(*args)
             ^^^^^^^^^^^
  File "/usr/lib/python3.12/urllib/request.py", line 1373, in http_open
    return self.do_open(http.client.HTTPConnection, req)
           ^^^^^^^^^^^^^^^^^^^^^^^^^^^^^^^^^^^^^^^^^^^^^
  File "/usr/lib/python3.12/urllib/request.py", line 1347, in do_open
    raise URLError(err)
urllib.error.URLError: <urlopen error [Errno 111] Connection refused>
Run 4 completed in 9 seconds
Run 4: Accuracy not found, defaulting to 0
Run 4: Accuracy: 0
Executing GSM8K test Run 5 for mode aiter...
Traceback (most recent call last):
  File "/usr/lib/python3.12/urllib/request.py", line 1344, in do_open
    h.request(req.get_method(), req.selector, req.data, headers,
  File "/usr/lib/python3.12/http/client.py", line 1336, in request
    self._send_request(method, url, body, headers, encode_chunked)
  File "/usr/lib/python3.12/http/client.py", line 1382, in _send_request
    self.endheaders(body, encode_chunked=encode_chunked)
  File "/usr/lib/python3.12/http/client.py", line 1331, in endheaders
    self._send_output(message_body, encode_chunked=encode_chunked)
  File "/usr/lib/python3.12/http/client.py", line 1091, in _send_output
    self.send(msg)
  File "/usr/lib/python3.12/http/client.py", line 1035, in send
    self.connect()
  File "/usr/lib/python3.12/http/client.py", line 1001, in connect
    self.sock = self._create_connection(
                ^^^^^^^^^^^^^^^^^^^^^^^^
  File "/usr/lib/python3.12/socket.py", line 865, in create_connection
    raise exceptions[0]
  File "/usr/lib/python3.12/socket.py", line 850, in create_connection
    sock.connect(sa)
ConnectionRefusedError: [Errno 111] Connection refused

During handling of the above exception, another exception occurred:

Traceback (most recent call last):
  File "/sgl-workspace/sglang/benchmark/gsm8k/bench_sglang.py", line 148, in <module>
    main(args)
  File "/sgl-workspace/sglang/benchmark/gsm8k/bench_sglang.py", line 48, in main
    set_default_backend(select_sglang_backend(args))
                        ^^^^^^^^^^^^^^^^^^^^^^^^^^^
  File "/sgl-workspace/sglang/python/sglang/test/test_utils.py", line 385, in select_sglang_backend
    backend = RuntimeEndpoint(f"{args.host}:{args.port}")
              ^^^^^^^^^^^^^^^^^^^^^^^^^^^^^^^^^^^^^^^^^^^
  File "/sgl-workspace/sglang/python/sglang/lang/backend/runtime_endpoint.py", line 40, in __init__
    res = http_request(
          ^^^^^^^^^^^^^
  File "/sgl-workspace/sglang/python/sglang/utils.py", line 167, in http_request
    resp = urllib.request.urlopen(req, data=data, cafile=verify)
           ^^^^^^^^^^^^^^^^^^^^^^^^^^^^^^^^^^^^^^^^^^^^^^^^^^^^^
  File "/usr/lib/python3.12/urllib/request.py", line 215, in urlopen
    return opener.open(url, data, timeout)
           ^^^^^^^^^^^^^^^^^^^^^^^^^^^^^^^
  File "/usr/lib/python3.12/urllib/request.py", line 515, in open
    response = self._open(req, data)
               ^^^^^^^^^^^^^^^^^^^^^
  File "/usr/lib/python3.12/urllib/request.py", line 532, in _open
    result = self._call_chain(self.handle_open, protocol, protocol +
             ^^^^^^^^^^^^^^^^^^^^^^^^^^^^^^^^^^^^^^^^^^^^^^^^^^^^^^^
  File "/usr/lib/python3.12/urllib/request.py", line 492, in _call_chain
    result = func(*args)
             ^^^^^^^^^^^
  File "/usr/lib/python3.12/urllib/request.py", line 1373, in http_open
    return self.do_open(http.client.HTTPConnection, req)
           ^^^^^^^^^^^^^^^^^^^^^^^^^^^^^^^^^^^^^^^^^^^^^
  File "/usr/lib/python3.12/urllib/request.py", line 1347, in do_open
    raise URLError(err)
urllib.error.URLError: <urlopen error [Errno 111] Connection refused>
Run 5 completed in 8 seconds
Run 5: Accuracy not found, defaulting to 0
Run 5: Accuracy: 0
GSM8K test completed in 489 seconds
Average Accuracy over 5 runs for mode aiter: 0.000
Average accuracy (0.000) is below threshold (0.8) for mode aiter. Skipping this mode.
Skipping benchmarks for aiter backend due to low GSM8K accuracy.
[online] Shutting down server (PID 48)...
/mnt/raid/michael/sglang-ci/grok_perf_online_csv.sh: line 507: [: 0
0: integer expression expected
/mnt/raid/michael/sglang-ci/grok_perf_online_csv.sh: line 486: kill: (48) - No such process
[nightly] === Online benchmark dispatched for GROK; check logs in sgl-dev_v0.5.3-rocm630-mi30x-20251007 ===
[nightly] === Starting post-processing (CSV processing, plot generation, Teams notifications) ===
[nightly] Processing online CSV data and generating plots... Logs will be saved to /mnt/raid/michael/sglang-ci/online/GROK1/v0.5.3-rocm630-mi30x-20251007_GROK1_MOE-I4F8_online/process_and_generate_online_plots.log
[nightly] Using plot date from image tag: 20251007
[nightly] Sending Teams notification for grok online plots...
[nightly] Adding benchmark date to Teams notification: 20251007
[nightly] Teams notification using plot directory: /mnt/raid/michael/sglang-ci/plots_server
[nightly] No GitHub credentials configured - using plot server links only
[nightly] To enable GitHub upload, set GITHUB_REPO and GITHUB_TOKEN environment variables
[nightly] Including intelligent analysis (7 days lookback)
📡 Plot server base URL: http://10.194.129.138:8000
📁 Plot directory: /mnt/raid/michael/sglang-ci/plots_server
🗂️  Benchmark directory: /mnt/raid/michael/sglang-ci
🔍 Discovered 1 plot file(s) for grok online
   - 20251007_GROK1_online.png -> http://10.194.129.138:8000/GROK1/online/20251007_GROK1_online.png
🔍 Analyzing benchmark results for accuracy and performance...
   Found timing_summary log for grok online on 20251007: timing_summary_20251008_060039.log
   Found timing_summary log for grok online on 20251007: timing_summary_20251008_060039.log
🔍 Sending adaptive card with plot links
📊 Payload size: 0.00MB
✅ Successfully sent Teams notification for grok online plots
   (Power Automate flow accepted - message processing asynchronously)
🎉 Teams notification sent successfully! (with intelligent analysis)
[nightly] Teams notification sent successfully for grok online
[nightly] === Online post-processing completed for GROK ===
[nightly] ==========================================
[nightly] Completed benchmarks for image: rocm/sgl-dev:v0.5.3-rocm630-mi30x-20251007
[nightly] Stopping container sgl-dev_v0.5.3-rocm630-mi30x-20251007 to release resources...
[nightly] ==========================================
[nightly] ==========================================
[nightly] All benchmarks completed for 1 image(s)
[nightly] ==========================================
[nightly] Cleaning up process lock...
